<?xml version="1.0" encoding="UTF-8"?>
<coverage generated="1750642735525" clover="3.2.0">
  <project timestamp="1750642735525" name="All files">
    <metrics statements="5598" coveredstatements="3927" conditionals="3254" coveredconditionals="2010" methods="1452" coveredmethods="985" elements="10304" coveredelements="6922" complexity="0" loc="5598" ncloc="5598" packages="84" files="138" classes="138"/>
    <package name="api">
      <metrics statements="103" coveredstatements="91" conditionals="66" coveredconditionals="49" methods="5" coveredmethods="5"/>
      <file name="benchmark.ts" path="/Users/adamboyle/Assist/PocketPal-SuperAI/application/src/api/benchmark.ts">
        <metrics statements="32" coveredstatements="30" conditionals="25" coveredconditionals="19" methods="1" coveredmethods="1"/>
        <line num="26" count="9" type="stmt"/>
        <line num="28" count="9" type="stmt"/>
        <line num="29" count="9" type="cond" truecount="2" falsecount="0"/>
        <line num="30" count="1" type="stmt"/>
        <line num="36" count="8" type="cond" truecount="1" falsecount="1"/>
        <line num="37" count="8" type="stmt"/>
        <line num="40" count="8" type="stmt"/>
        <line num="41" count="8" type="stmt"/>
        <line num="42" count="8" type="stmt"/>
        <line num="43" count="7" type="stmt"/>
        <line num="45" count="1" type="stmt"/>
        <line num="47" count="1" type="stmt"/>
        <line num="50" count="7" type="cond" truecount="2" falsecount="0"/>
        <line num="51" count="1" type="stmt"/>
        <line num="55" count="6" type="stmt"/>
        <line num="60" count="6" type="stmt"/>
        <line num="61" count="6" type="stmt"/>
        <line num="68" count="1" type="stmt"/>
        <line num="70" count="5" type="cond" truecount="1" falsecount="1"/>
        <line num="71" count="5" type="cond" truecount="2" falsecount="0"/>
        <line num="72" count="1" type="stmt"/>
        <line num="77" count="4" type="stmt"/>
        <line num="78" count="4" type="cond" truecount="4" falsecount="0"/>
        <line num="79" count="2" type="stmt"/>
        <line num="82" count="2" type="cond" truecount="2" falsecount="0"/>
        <line num="83" count="1" type="stmt"/>
        <line num="87" count="1" type="stmt"/>
        <line num="92" count="0" type="stmt"/>
        <line num="95" count="8" type="stmt"/>
        <line num="97" count="8" type="cond" truecount="1" falsecount="1"/>
        <line num="102" count="8" type="stmt"/>
        <line num="105" count="0" type="stmt"/>
      </file>
      <file name="feedback.ts" path="/Users/adamboyle/Assist/PocketPal-SuperAI/application/src/api/feedback.ts">
        <metrics statements="31" coveredstatements="29" conditionals="25" coveredconditionals="20" methods="1" coveredmethods="1"/>
        <line num="31" count="11" type="stmt"/>
        <line num="33" count="11" type="stmt"/>
        <line num="34" count="11" type="cond" truecount="2" falsecount="0"/>
        <line num="35" count="1" type="stmt"/>
        <line num="41" count="10" type="cond" truecount="2" falsecount="0"/>
        <line num="42" count="10" type="stmt"/>
        <line num="45" count="10" type="stmt"/>
        <line num="46" count="10" type="stmt"/>
        <line num="47" count="10" type="stmt"/>
        <line num="48" count="7" type="stmt"/>
        <line num="50" count="3" type="stmt"/>
        <line num="51" count="3" type="stmt"/>
        <line num="54" count="7" type="cond" truecount="2" falsecount="0"/>
        <line num="55" count="1" type="stmt"/>
        <line num="58" count="6" type="stmt"/>
        <line num="59" count="6" type="stmt"/>
        <line num="75" count="1" type="stmt"/>
        <line num="77" count="5" type="cond" truecount="1" falsecount="1"/>
        <line num="78" count="5" type="cond" truecount="2" falsecount="0"/>
        <line num="79" count="1" type="stmt"/>
        <line num="84" count="4" type="stmt"/>
        <line num="85" count="4" type="cond" truecount="4" falsecount="0"/>
        <line num="86" count="2" type="stmt"/>
        <line num="89" count="2" type="cond" truecount="2" falsecount="0"/>
        <line num="90" count="1" type="stmt"/>
        <line num="94" count="1" type="stmt"/>
        <line num="99" count="0" type="stmt"/>
        <line num="102" count="10" type="stmt"/>
        <line num="104" count="10" type="cond" truecount="1" falsecount="1"/>
        <line num="109" count="10" type="stmt"/>
        <line num="112" count="0" type="stmt"/>
      </file>
      <file name="hf.ts" path="/Users/adamboyle/Assist/PocketPal-SuperAI/application/src/api/hf.ts">
        <metrics statements="40" coveredstatements="32" conditionals="16" coveredconditionals="10" methods="3" coveredmethods="3"/>
        <line num="50" count="3" type="stmt"/>
        <line num="51" count="3" type="stmt"/>
        <line num="53" count="3" type="cond" truecount="1" falsecount="1"/>
        <line num="54" count="0" type="stmt"/>
        <line num="57" count="3" type="cond" truecount="2" falsecount="0"/>
        <line num="71" count="2" type="stmt"/>
        <line num="72" count="2" type="stmt"/>
        <line num="74" count="2" type="cond" truecount="2" falsecount="0"/>
        <line num="75" count="1" type="stmt"/>
        <line num="76" count="1" type="cond" truecount="1" falsecount="1"/>
        <line num="77" count="1" type="stmt"/>
        <line num="81" count="2" type="stmt"/>
        <line num="86" count="1" type="stmt"/>
        <line num="87" count="1" type="stmt"/>
        <line num="97" count="6" type="stmt"/>
        <line num="101" count="1" type="stmt"/>
        <line num="103" count="1" type="stmt"/>
        <line num="104" count="1" type="stmt"/>
        <line num="105" count="1" type="cond" truecount="1" falsecount="1"/>
        <line num="106" count="0" type="stmt"/>
        <line num="109" count="1" type="stmt"/>
        <line num="111" count="1" type="cond" truecount="1" falsecount="1"/>
        <line num="112" count="1" type="stmt"/>
        <line num="115" count="0" type="stmt"/>
        <line num="116" count="0" type="stmt"/>
        <line num="118" count="1" type="stmt"/>
        <line num="119" count="1" type="stmt"/>
        <line num="129" count="6" type="stmt"/>
        <line num="133" count="1" type="stmt"/>
        <line num="135" count="1" type="stmt"/>
        <line num="136" count="1" type="stmt"/>
        <line num="137" count="1" type="cond" truecount="1" falsecount="1"/>
        <line num="138" count="0" type="stmt"/>
        <line num="141" count="1" type="stmt"/>
        <line num="143" count="1" type="cond" truecount="1" falsecount="1"/>
        <line num="144" count="0" type="stmt"/>
        <line num="147" count="1" type="stmt"/>
        <line num="148" count="1" type="stmt"/>
        <line num="150" count="0" type="stmt"/>
        <line num="151" count="0" type="stmt"/>
      </file>
    </package>
    <package name="components.AttachmentButton">
      <metrics statements="8" coveredstatements="2" conditionals="2" coveredconditionals="0" methods="2" coveredmethods="0"/>
      <file name="AttachmentButton.tsx" path="/Users/adamboyle/Assist/PocketPal-SuperAI/application/src/components/AttachmentButton/AttachmentButton.tsx">
        <metrics statements="8" coveredstatements="2" conditionals="2" coveredconditionals="0" methods="2" coveredmethods="0"/>
        <line num="23" count="26" type="stmt"/>
        <line num="27" count="0" type="stmt"/>
        <line num="28" count="0" type="stmt"/>
        <line num="30" count="0" type="stmt"/>
        <line num="31" count="0" type="stmt"/>
        <line num="32" count="0" type="stmt"/>
        <line num="35" count="0" type="stmt"/>
        <line num="54" count="26" type="stmt"/>
      </file>
    </package>
    <package name="components.Avatar">
      <metrics statements="9" coveredstatements="9" conditionals="8" coveredconditionals="8" methods="2" coveredmethods="2"/>
      <file name="Avatar.tsx" path="/Users/adamboyle/Assist/PocketPal-SuperAI/application/src/components/Avatar/Avatar.tsx">
        <metrics statements="9" coveredstatements="9" conditionals="8" coveredconditionals="8" methods="2" coveredmethods="2"/>
        <line num="8" count="27" type="stmt"/>
        <line num="22" count="24" type="stmt"/>
        <line num="23" count="5" type="stmt"/>
        <line num="27" count="5" type="stmt"/>
        <line num="29" count="5" type="cond" truecount="2" falsecount="0"/>
        <line num="30" count="1" type="stmt"/>
        <line num="41" count="4" type="stmt"/>
        <line num="48" count="24" type="cond" truecount="4" falsecount="0"/>
        <line num="56" count="27" type="stmt"/>
      </file>
    </package>
    <package name="components.BottomSheetSearchbar">
      <metrics statements="16" coveredstatements="16" conditionals="4" coveredconditionals="2" methods="5" coveredmethods="5"/>
      <file name="BottomSheetSearchbar.tsx" path="/Users/adamboyle/Assist/PocketPal-SuperAI/application/src/components/BottomSheetSearchbar/BottomSheetSearchbar.tsx">
        <metrics statements="16" coveredstatements="16" conditionals="4" coveredconditionals="2" methods="5" coveredmethods="5"/>
        <line num="10" count="27" type="stmt"/>
        <line num="15" count="4" type="stmt"/>
        <line num="19" count="4" type="stmt"/>
        <line num="21" count="1" type="stmt"/>
        <line num="22" count="1" type="cond" truecount="1" falsecount="1"/>
        <line num="23" count="1" type="stmt"/>
        <line num="29" count="4" type="stmt"/>
        <line num="31" count="1" type="stmt"/>
        <line num="32" count="1" type="cond" truecount="1" falsecount="1"/>
        <line num="33" count="1" type="stmt"/>
        <line num="41" count="4" type="stmt"/>
        <line num="42" count="4" type="stmt"/>
        <line num="44" count="4" type="stmt"/>
        <line num="49" count="4" type="stmt"/>
        <line num="59" count="27" type="stmt"/>
        <line num="60" count="27" type="stmt"/>
      </file>
    </package>
    <package name="components.Bubble">
      <metrics statements="14" coveredstatements="14" conditionals="11" coveredconditionals="10" methods="2" coveredmethods="2"/>
      <file name="Bubble.tsx" path="/Users/adamboyle/Assist/PocketPal-SuperAI/application/src/components/Bubble/Bubble.tsx">
        <metrics statements="14" coveredstatements="14" conditionals="11" coveredconditionals="10" methods="2" coveredmethods="2"/>
        <line num="17" count="27" type="stmt"/>
        <line num="22" count="27" type="stmt"/>
        <line num="34" count="25" type="stmt"/>
        <line num="35" count="25" type="stmt"/>
        <line num="36" count="25" type="stmt"/>
        <line num="37" count="25" type="stmt"/>
        <line num="38" count="25" type="cond" truecount="2" falsecount="0"/>
        <line num="40" count="25" type="stmt"/>
        <line num="48" count="25" type="stmt"/>
        <line num="55" count="25" type="stmt"/>
        <line num="56" count="1" type="cond" truecount="1" falsecount="1"/>
        <line num="57" count="1" type="stmt"/>
        <line num="58" count="1" type="stmt"/>
        <line num="62" count="25" type="stmt"/>
      </file>
    </package>
    <package name="components.ChatEmptyPlaceholder">
      <metrics statements="16" coveredstatements="13" conditionals="6" coveredconditionals="4" methods="3" coveredmethods="2"/>
      <file name="ChatEmptyPlaceholder.tsx" path="/Users/adamboyle/Assist/PocketPal-SuperAI/application/src/components/ChatEmptyPlaceholder/ChatEmptyPlaceholder.tsx">
        <metrics statements="16" coveredstatements="13" conditionals="6" coveredconditionals="4" methods="3" coveredmethods="2"/>
        <line num="18" count="25" type="stmt"/>
        <line num="20" count="20" type="stmt"/>
        <line num="21" count="20" type="stmt"/>
        <line num="22" count="20" type="stmt"/>
        <line num="23" count="20" type="stmt"/>
        <line num="25" count="20" type="stmt"/>
        <line num="26" count="20" type="stmt"/>
        <line num="28" count="20" type="stmt"/>
        <line num="29" count="20" type="cond" truecount="1" falsecount="1"/>
        <line num="30" count="0" type="stmt"/>
        <line num="35" count="0" type="stmt"/>
        <line num="40" count="20" type="stmt"/>
        <line num="49" count="20" type="stmt"/>
        <line num="51" count="20" type="cond" truecount="1" falsecount="1"/>
        <line num="52" count="0" type="stmt"/>
        <line num="54" count="20" type="stmt"/>
      </file>
    </package>
    <package name="components.ChatGenerationSettingsSheet">
      <metrics statements="61" coveredstatements="50" conditionals="30" coveredconditionals="24" methods="16" coveredmethods="13"/>
      <file name="ChatGenerationSettingsSheet.tsx" path="/Users/adamboyle/Assist/PocketPal-SuperAI/application/src/components/ChatGenerationSettingsSheet/ChatGenerationSettingsSheet.tsx">
        <metrics statements="61" coveredstatements="50" conditionals="30" coveredconditionals="24" methods="16" coveredmethods="13"/>
        <line num="24" count="25" type="stmt"/>
        <line num="25" count="9" type="stmt"/>
        <line num="29" count="25" type="stmt"/>
        <line num="36" count="11" type="stmt"/>
        <line num="38" count="11" type="cond" truecount="2" falsecount="0"/>
        <line num="40" count="2" type="stmt"/>
        <line num="51" count="9" type="stmt"/>
        <line num="54" count="0" type="stmt"/>
        <line num="59" count="1" type="stmt"/>
        <line num="81" count="25" type="stmt"/>
        <line num="88" count="26" type="stmt"/>
        <line num="89" count="26" type="stmt"/>
        <line num="90" count="24" type="stmt"/>
        <line num="93" count="26" type="stmt"/>
        <line num="97" count="26" type="stmt"/>
        <line num="99" count="26" type="stmt"/>
        <line num="101" count="26" type="stmt"/>
        <line num="102" count="22" type="stmt"/>
        <line num="107" count="26" type="stmt"/>
        <line num="108" count="1" type="stmt"/>
        <line num="111" count="26" type="stmt"/>
        <line num="112" count="3" type="stmt"/>
        <line num="115" count="3" type="stmt"/>
        <line num="118" count="26" type="stmt"/>
        <line num="120" count="4" type="stmt"/>
        <line num="122" count="12" type="stmt"/>
        <line num="123" count="12" type="cond" truecount="2" falsecount="0"/>
        <line num="126" count="4" type="cond" truecount="2" falsecount="0"/>
        <line num="127" count="1" type="stmt"/>
        <line num="128" count="3" type="cond" truecount="1" falsecount="1"/>
        <line num="129" count="3" type="stmt"/>
        <line num="132" count="0" type="stmt"/>
        <line num="134" count="0" type="stmt"/>
        <line num="137" count="4" type="cond" truecount="1" falsecount="1"/>
        <line num="138" count="0" type="stmt"/>
        <line num="141" count="4" type="stmt"/>
        <line num="145" count="8" type="stmt"/>
        <line num="147" count="12" type="stmt"/>
        <line num="156" count="4" type="stmt"/>
        <line num="159" count="4" type="stmt"/>
        <line num="164" count="4" type="cond" truecount="2" falsecount="0"/>
        <line num="165" count="1" type="stmt"/>
        <line num="170" count="1" type="stmt"/>
        <line num="174" count="1" type="stmt"/>
        <line num="177" count="3" type="cond" truecount="2" falsecount="0"/>
        <line num="178" count="2" type="stmt"/>
        <line num="182" count="1" type="stmt"/>
        <line num="186" count="3" type="stmt"/>
        <line num="189" count="26" type="stmt"/>
        <line num="190" count="0" type="cond" truecount="0" falsecount="2"/>
        <line num="192" count="0" type="stmt"/>
        <line num="193" count="0" type="stmt"/>
        <line num="194" count="0" type="stmt"/>
        <line num="202" count="26" type="stmt"/>
        <line num="203" count="0" type="cond" truecount="0" falsecount="2"/>
        <line num="205" count="0" type="stmt"/>
        <line num="207" count="0" type="stmt"/>
        <line num="210" count="26" type="stmt"/>
        <line num="212" count="1" type="stmt"/>
        <line num="213" count="1" type="stmt"/>
        <line num="216" count="26" type="stmt"/>
      </file>
    </package>
    <package name="components.ChatHeader">
      <metrics statements="10" coveredstatements="10" conditionals="6" coveredconditionals="5" methods="1" coveredmethods="1"/>
      <file name="ChatHeader.tsx" path="/Users/adamboyle/Assist/PocketPal-SuperAI/application/src/components/ChatHeader/ChatHeader.tsx">
        <metrics statements="10" coveredstatements="10" conditionals="6" coveredconditionals="5" methods="1" coveredmethods="1"/>
        <line num="17" count="27" type="stmt"/>
        <line num="18" count="17" type="stmt"/>
        <line num="20" count="17" type="stmt"/>
        <line num="21" count="17" type="stmt"/>
        <line num="27" count="17" type="cond" truecount="2" falsecount="0"/>
        <line num="28" count="17" type="cond" truecount="1" falsecount="1"/>
        <line num="30" count="17" type="stmt"/>
        <line num="32" count="17" type="stmt"/>
        <line num="34" count="17" type="cond" truecount="2" falsecount="0"/>
        <line num="38" count="17" type="stmt"/>
      </file>
    </package>
    <package name="components.ChatHeaderTitle">
      <metrics statements="7" coveredstatements="7" conditionals="4" coveredconditionals="4" methods="2" coveredmethods="2"/>
      <file name="ChatHeaderTitle.tsx" path="/Users/adamboyle/Assist/PocketPal-SuperAI/application/src/components/ChatHeaderTitle/ChatHeaderTitle.tsx">
        <metrics statements="7" coveredstatements="7" conditionals="4" coveredconditionals="4" methods="2" coveredmethods="2"/>
        <line num="10" count="27" type="stmt"/>
        <line num="11" count="19" type="stmt"/>
        <line num="12" count="19" type="stmt"/>
        <line num="13" count="19" type="stmt"/>
        <line num="14" count="18" type="stmt"/>
        <line num="16" count="19" type="stmt"/>
        <line num="18" count="19" type="stmt"/>
      </file>
    </package>
    <package name="components.ChatInput">
      <metrics statements="92" coveredstatements="57" conditionals="109" coveredconditionals="84" methods="18" coveredmethods="8"/>
      <file name="ChatInput.tsx" path="/Users/adamboyle/Assist/PocketPal-SuperAI/application/src/components/ChatInput/ChatInput.tsx">
        <metrics statements="92" coveredstatements="57" conditionals="109" coveredconditionals="84" methods="18" coveredmethods="8"/>
        <line num="83" count="26" type="stmt"/>
        <line num="105" count="86" type="stmt"/>
        <line num="106" count="86" type="stmt"/>
        <line num="107" count="86" type="stmt"/>
        <line num="108" count="86" type="stmt"/>
        <line num="109" count="86" type="stmt"/>
        <line num="110" count="86" type="stmt"/>
        <line num="111" count="86" type="stmt"/>
        <line num="112" count="86" type="stmt"/>
        <line num="115" count="86" type="stmt"/>
        <line num="117" count="86" type="stmt"/>
        <line num="120" count="86" type="cond" truecount="2" falsecount="0"/>
        <line num="122" count="86" type="stmt"/>
        <line num="125" count="86" type="cond" truecount="2" falsecount="0"/>
        <line num="127" count="86" type="cond" truecount="2" falsecount="0"/>
        <line num="129" count="86" type="stmt"/>
        <line num="130" count="86" type="stmt"/>
        <line num="132" count="86" type="stmt"/>
        <line num="136" count="86" type="cond" truecount="4" falsecount="0"/>
        <line num="140" count="86" type="stmt"/>
        <line num="141" count="38" type="cond" truecount="2" falsecount="0"/>
        <line num="143" count="2" type="stmt"/>
        <line num="149" count="2" type="stmt"/>
        <line num="151" count="36" type="stmt"/>
        <line num="156" count="36" type="stmt"/>
        <line num="160" count="86" type="stmt"/>
        <line num="161" count="38" type="stmt"/>
        <line num="168" count="86" type="stmt"/>
        <line num="169" count="12" type="cond" truecount="4" falsecount="0"/>
        <line num="170" count="1" type="stmt"/>
        <line num="172" count="11" type="stmt"/>
        <line num="173" count="11" type="stmt"/>
        <line num="177" count="86" type="stmt"/>
        <line num="178" count="12" type="stmt"/>
        <line num="179" count="12" type="cond" truecount="1" falsecount="1"/>
        <line num="181" count="12" type="stmt"/>
        <line num="186" count="12" type="stmt"/>
        <line num="188" count="12" type="stmt"/>
        <line num="193" count="86" type="stmt"/>
        <line num="194" count="4" type="stmt"/>
        <line num="200" count="86" type="stmt"/>
        <line num="201" count="0" type="stmt"/>
        <line num="202" count="0" type="cond" truecount="0" falsecount="2"/>
        <line num="203" count="0" type="stmt"/>
        <line num="204" count="0" type="cond" truecount="0" falsecount="2"/>
        <line num="205" count="0" type="stmt"/>
        <line num="209" count="0" type="stmt"/>
        <line num="210" count="0" type="stmt"/>
        <line num="216" count="0" type="stmt"/>
        <line num="218" count="0" type="stmt"/>
        <line num="223" count="0" type="cond" truecount="0" falsecount="5"/>
        <line num="224" count="0" type="stmt"/>
        <line num="225" count="0" type="stmt"/>
        <line num="227" count="0" type="stmt"/>
        <line num="229" count="0" type="stmt"/>
        <line num="230" count="0" type="stmt"/>
        <line num="236" count="0" type="stmt"/>
        <line num="241" count="86" type="stmt"/>
        <line num="242" count="0" type="stmt"/>
        <line num="245" count="0" type="stmt"/>
        <line num="247" count="0" type="stmt"/>
        <line num="253" count="0" type="cond" truecount="0" falsecount="4"/>
        <line num="254" count="0" type="stmt"/>
        <line num="255" count="0" type="stmt"/>
        <line num="256" count="0" type="stmt"/>
        <line num="258" count="0" type="cond" truecount="0" falsecount="2"/>
        <line num="259" count="0" type="stmt"/>
        <line num="260" count="0" type="stmt"/>
        <line num="263" count="0" type="stmt"/>
        <line num="265" count="0" type="stmt"/>
        <line num="266" count="0" type="stmt"/>
        <line num="272" count="0" type="stmt"/>
        <line num="277" count="86" type="stmt"/>
        <line num="278" count="0" type="stmt"/>
        <line num="279" count="0" type="stmt"/>
        <line num="280" count="0" type="stmt"/>
        <line num="283" count="86" type="stmt"/>
        <line num="284" count="1" type="stmt"/>
        <line num="285" count="1" type="stmt"/>
        <line num="289" count="86" type="cond" truecount="6" falsecount="0"/>
        <line num="294" count="86" type="stmt"/>
        <line num="295" count="86" type="cond" truecount="2" falsecount="0"/>
        <line num="297" count="86" type="stmt"/>
        <line num="302" count="86" type="stmt"/>
        <line num="305" count="86" type="cond" truecount="2" falsecount="0"/>
        <line num="306" count="86" type="stmt"/>
        <line num="308" count="86" type="cond" truecount="2" falsecount="0"/>
        <line num="309" count="86" type="cond" truecount="2" falsecount="0"/>
        <line num="313" count="86" type="stmt"/>
        <line num="350" count="6" type="stmt"/>
        <line num="363" count="0" type="stmt"/>
        <line num="435" count="0" type="stmt"/>
      </file>
    </package>
    <package name="components.ChatPalModelPickerSheet">
      <metrics statements="78" coveredstatements="65" conditionals="44" coveredconditionals="34" methods="26" coveredmethods="21"/>
      <file name="ChatPalModelPickerSheet.tsx" path="/Users/adamboyle/Assist/PocketPal-SuperAI/application/src/components/ChatPalModelPickerSheet/ChatPalModelPickerSheet.tsx">
        <metrics statements="78" coveredstatements="65" conditionals="44" coveredconditionals="34" methods="26" coveredmethods="21"/>
        <line num="33" count="27" type="stmt"/>
        <line num="35" count="8" type="cond" truecount="2" falsecount="1"/>
        <line num="39" count="8" type="stmt"/>
        <line num="40" count="0" type="cond" truecount="0" falsecount="2"/>
        <line num="41" count="0" type="stmt"/>
        <line num="43" count="0" type="stmt"/>
        <line num="44" count="0" type="stmt"/>
        <line num="49" count="0" type="stmt"/>
        <line num="54" count="8" type="stmt"/>
        <line num="56" count="8" type="stmt"/>
        <line num="62" count="0" type="cond" truecount="0" falsecount="2"/>
        <line num="70" count="27" type="stmt"/>
        <line num="80" count="54" type="stmt"/>
        <line num="81" count="54" type="stmt"/>
        <line num="82" count="54" type="stmt"/>
        <line num="84" count="54" type="stmt"/>
        <line num="85" count="54" type="stmt"/>
        <line num="86" count="54" type="stmt"/>
        <line num="88" count="54" type="stmt"/>
        <line num="89" count="22" type="stmt"/>
        <line num="105" count="54" type="stmt"/>
        <line num="106" count="22" type="cond" truecount="2" falsecount="0"/>
        <line num="107" count="7" type="stmt"/>
        <line num="109" count="15" type="stmt"/>
        <line num="113" count="54" type="stmt"/>
        <line num="114" count="3" type="stmt"/>
        <line num="115" count="3" type="stmt"/>
        <line num="121" count="54" type="stmt"/>
        <line num="122" count="108" type="stmt"/>
        <line num="125" count="3" type="stmt"/>
        <line num="133" count="54" type="stmt"/>
        <line num="135" count="1" type="stmt"/>
        <line num="136" count="1" type="stmt"/>
        <line num="137" count="1" type="stmt"/>
        <line num="138" count="1" type="stmt"/>
        <line num="140" count="0" type="stmt"/>
        <line num="146" count="54" type="stmt"/>
        <line num="148" count="2" type="stmt"/>
        <line num="149" count="2" type="cond" truecount="2" falsecount="0"/>
        <line num="154" count="1" type="stmt"/>
        <line num="155" count="2" type="stmt"/>
        <line num="157" count="1" type="cond" truecount="1" falsecount="1"/>
        <line num="158" count="1" type="stmt"/>
        <line num="172" count="0" type="stmt"/>
        <line num="179" count="2" type="stmt"/>
        <line num="180" count="2" type="stmt"/>
        <line num="185" count="54" type="stmt"/>
        <line num="186" count="54" type="stmt"/>
        <line num="187" count="54" type="cond" truecount="2" falsecount="0"/>
        <line num="188" count="43" type="stmt"/>
        <line num="190" count="11" type="stmt"/>
        <line num="194" count="0" type="stmt"/>
        <line num="214" count="54" type="stmt"/>
        <line num="216" count="108" type="stmt"/>
        <line num="217" count="108" type="stmt"/>
        <line num="218" count="11" type="stmt"/>
        <line num="220" count="108" type="stmt"/>
        <line num="224" count="1" type="stmt"/>
        <line num="241" count="54" type="stmt"/>
        <line num="243" count="22" type="cond" truecount="2" falsecount="2"/>
        <line num="245" count="11" type="stmt"/>
        <line num="247" count="11" type="stmt"/>
        <line num="249" count="0" type="stmt"/>
        <line num="251" count="0" type="stmt"/>
        <line num="257" count="54" type="stmt"/>
        <line num="259" count="22" type="stmt"/>
        <line num="260" count="22" type="stmt"/>
        <line num="264" count="2" type="stmt"/>
        <line num="297" count="54" type="stmt"/>
        <line num="299" count="108" type="stmt"/>
        <line num="311" count="54" type="stmt"/>
        <line num="313" count="0" type="cond" truecount="0" falsecount="2"/>
        <line num="314" count="0" type="stmt"/>
        <line num="320" count="54" type="stmt"/>
        <line num="326" count="54" type="stmt"/>
        <line num="328" count="54" type="stmt"/>
        <line num="352" count="108" type="stmt"/>
        <line num="360" count="103" type="stmt"/>
      </file>
    </package>
    <package name="components.ChatView">
      <metrics statements="144" coveredstatements="92" conditionals="72" coveredconditionals="48" methods="39" coveredmethods="18"/>
      <file name="ChatView.tsx" path="/Users/adamboyle/Assist/PocketPal-SuperAI/application/src/components/ChatView/ChatView.tsx">
        <metrics statements="144" coveredstatements="92" conditionals="72" coveredconditionals="48" methods="39" coveredmethods="18"/>
        <line num="84" count="26" type="stmt"/>
        <line num="143" count="26" type="stmt"/>
        <line num="178" count="43" type="stmt"/>
        <line num="179" count="43" type="stmt"/>
        <line num="181" count="43" type="stmt"/>
        <line num="182" count="43" type="stmt"/>
        <line num="183" count="43" type="stmt"/>
        <line num="185" count="43" type="stmt"/>
        <line num="186" count="43" type="stmt"/>
        <line num="187" count="43" type="stmt"/>
        <line num="188" count="43" type="stmt"/>
        <line num="189" count="43" type="stmt"/>
        <line num="190" count="43" type="stmt"/>
        <line num="191" count="43" type="stmt"/>
        <line num="193" count="43" type="stmt"/>
        <line num="195" count="43" type="stmt"/>
        <line num="197" count="43" type="stmt"/>
        <line num="198" count="14" type="stmt"/>
        <line num="199" count="14" type="stmt"/>
        <line num="202" count="43" type="stmt"/>
        <line num="210" count="43" type="stmt"/>
        <line num="211" count="43" type="stmt"/>
        <line num="219" count="43" type="stmt"/>
        <line num="220" count="43" type="stmt"/>
        <line num="221" count="43" type="stmt"/>
        <line num="222" count="43" type="stmt"/>
        <line num="224" count="43" type="stmt"/>
        <line num="226" count="43" type="stmt"/>
        <line num="227" count="14" type="cond" truecount="1" falsecount="1"/>
        <line num="228" count="0" type="cond" truecount="0" falsecount="4"/>
        <line num="229" count="0" type="stmt"/>
        <line num="230" count="0" type="stmt"/>
        <line num="233" count="0" type="cond" truecount="0" falsecount="2"/>
        <line num="235" count="0" type="stmt"/>
        <line num="241" count="43" type="stmt"/>
        <line num="242" count="0" type="stmt"/>
        <line num="243" count="0" type="stmt"/>
        <line num="244" count="0" type="stmt"/>
        <line num="247" count="43" type="stmt"/>
        <line num="248" count="0" type="stmt"/>
        <line num="254" count="43" type="stmt"/>
        <line num="256" count="4" type="cond" truecount="1" falsecount="1"/>
        <line num="257" count="0" type="stmt"/>
        <line num="259" count="4" type="stmt"/>
        <line num="260" count="4" type="stmt"/>
        <line num="265" count="43" type="stmt"/>
        <line num="266" count="14" type="stmt"/>
        <line num="267" count="14" type="stmt"/>
        <line num="268" count="14" type="stmt"/>
        <line num="272" count="43" type="stmt"/>
        <line num="280" count="43" type="stmt"/>
        <line num="287" count="43" type="stmt"/>
        <line num="289" count="43" type="stmt"/>
        <line num="290" count="43" type="cond" truecount="2" falsecount="0"/>
        <line num="295" count="5" type="stmt"/>
        <line num="309" count="43" type="stmt"/>
        <line num="319" count="43" type="stmt"/>
        <line num="342" count="43" type="stmt"/>
        <line num="344" count="2" type="stmt"/>
        <line num="346" count="2" type="cond" truecount="2" falsecount="0"/>
        <line num="349" count="2" type="stmt"/>
        <line num="350" count="2" type="stmt"/>
        <line num="360" count="43" type="stmt"/>
        <line num="362" count="3" type="cond" truecount="4" falsecount="0"/>
        <line num="363" count="2" type="stmt"/>
        <line num="365" count="3" type="stmt"/>
        <line num="378" count="43" type="stmt"/>
        <line num="379" count="81" type="stmt"/>
        <line num="383" count="43" type="stmt"/>
        <line num="384" count="43" type="stmt"/>
        <line num="386" count="43" type="stmt"/>
        <line num="388" count="43" type="stmt"/>
        <line num="390" count="1" type="cond" truecount="1" falsecount="1"/>
        <line num="391" count="1" type="stmt"/>
        <line num="392" count="1" type="stmt"/>
        <line num="395" count="0" type="stmt"/>
        <line num="396" count="0" type="stmt"/>
        <line num="397" count="0" type="stmt"/>
        <line num="398" count="0" type="stmt"/>
        <line num="399" count="0" type="stmt"/>
        <line num="404" count="43" type="stmt"/>
        <line num="405" count="0" type="stmt"/>
        <line num="406" count="0" type="stmt"/>
        <line num="409" count="43" type="stmt"/>
        <line num="410" count="20" type="cond" truecount="2" falsecount="2"/>
        <line num="411" count="20" type="stmt"/>
        <line num="414" count="0" type="stmt"/>
        <line num="415" count="0" type="stmt"/>
        <line num="416" count="0" type="cond" truecount="0" falsecount="2"/>
        <line num="418" count="0" type="stmt"/>
        <line num="422" count="0" type="stmt"/>
        <line num="423" count="0" type="stmt"/>
        <line num="425" count="0" type="stmt"/>
        <line num="430" count="0" type="cond" truecount="0" falsecount="2"/>
        <line num="431" count="0" type="stmt"/>
        <line num="434" count="0" type="stmt"/>
        <line num="435" count="0" type="stmt"/>
        <line num="437" count="0" type="stmt"/>
        <line num="441" count="0" type="stmt"/>
        <line num="443" count="0" type="stmt"/>
        <line num="445" count="0" type="stmt"/>
        <line num="449" count="0" type="stmt"/>
        <line num="450" count="0" type="stmt"/>
        <line num="456" count="0" type="cond" truecount="0" falsecount="2"/>
        <line num="457" count="0" type="stmt"/>
        <line num="460" count="0" type="stmt"/>
        <line num="461" count="0" type="stmt"/>
        <line num="463" count="0" type="stmt"/>
        <line num="468" count="0" type="stmt"/>
        <line num="481" count="43" type="stmt"/>
        <line num="483" count="0" type="cond" truecount="0" falsecount="2"/>
        <line num="484" count="0" type="stmt"/>
        <line num="492" count="0" type="stmt"/>
        <line num="507" count="0" type="stmt"/>
        <line num="521" count="43" type="stmt"/>
        <line num="524" count="74" type="cond" truecount="5" falsecount="0"/>
        <line num="531" count="74" type="cond" truecount="2" falsecount="0"/>
        <line num="533" count="74" type="cond" truecount="2" falsecount="0"/>
        <line num="534" count="74" type="cond" truecount="2" falsecount="0"/>
        <line num="535" count="74" type="cond" truecount="2" falsecount="0"/>
        <line num="537" count="74" type="stmt"/>
        <line num="580" count="43" type="stmt"/>
        <line num="582" count="25" type="cond" truecount="1" falsecount="1"/>
        <line num="583" count="0" type="stmt"/>
        <line num="590" count="25" type="stmt"/>
        <line num="593" count="0" type="stmt"/>
        <line num="598" count="43" type="stmt"/>
        <line num="602" count="43" type="stmt"/>
        <line num="617" count="43" type="stmt"/>
        <line num="618" count="43" type="cond" truecount="2" falsecount="0"/>
        <line num="622" count="43" type="stmt"/>
        <line num="624" count="43" type="stmt"/>
        <line num="699" count="43" type="stmt"/>
        <line num="702" count="43" type="stmt"/>
        <line num="704" count="43" type="stmt"/>
        <line num="705" count="0" type="stmt"/>
        <line num="706" count="0" type="stmt"/>
        <line num="709" count="43" type="stmt"/>
        <line num="710" count="0" type="stmt"/>
        <line num="711" count="0" type="stmt"/>
        <line num="714" count="43" type="cond" truecount="1" falsecount="1"/>
        <line num="721" count="43" type="stmt"/>
        <line num="753" count="0" type="stmt"/>
        <line num="774" count="0" type="stmt"/>
      </file>
    </package>
    <package name="components.Checkbox">
      <metrics statements="4" coveredstatements="4" conditionals="8" coveredconditionals="8" methods="1" coveredmethods="1"/>
      <file name="Checkbox.tsx" path="/Users/adamboyle/Assist/PocketPal-SuperAI/application/src/components/Checkbox/Checkbox.tsx">
        <metrics statements="4" coveredstatements="4" conditionals="8" coveredconditionals="8" methods="1" coveredmethods="1"/>
        <line num="19" count="27" type="stmt"/>
        <line num="27" count="162" type="stmt"/>
        <line num="28" count="162" type="stmt"/>
        <line num="30" count="162" type="stmt"/>
      </file>
    </package>
    <package name="components.CircularActivityIndicator">
      <metrics statements="6" coveredstatements="6" conditionals="1" coveredconditionals="0" methods="2" coveredmethods="2"/>
      <file name="CircularActivityIndicator.tsx" path="/Users/adamboyle/Assist/PocketPal-SuperAI/application/src/components/CircularActivityIndicator/CircularActivityIndicator.tsx">
        <metrics statements="6" coveredstatements="6" conditionals="1" coveredconditionals="0" methods="2" coveredmethods="2"/>
        <line num="12" count="27" type="stmt"/>
        <line num="17" count="2" type="stmt"/>
        <line num="18" count="2" type="stmt"/>
        <line num="20" count="2" type="stmt"/>
        <line num="21" count="2" type="stmt"/>
        <line num="32" count="2" type="stmt"/>
      </file>
    </package>
    <package name="components.CodeBlockHeader">
      <metrics statements="8" coveredstatements="2" conditionals="0" coveredconditionals="0" methods="2" coveredmethods="0"/>
      <file name="CodeBlockHeader.tsx" path="/Users/adamboyle/Assist/PocketPal-SuperAI/application/src/components/CodeBlockHeader/CodeBlockHeader.tsx">
        <metrics statements="8" coveredstatements="2" conditionals="0" coveredconditionals="0" methods="2" coveredmethods="0"/>
        <line num="18" count="28" type="stmt"/>
        <line num="23" count="28" type="stmt"/>
        <line num="27" count="0" type="stmt"/>
        <line num="28" count="0" type="stmt"/>
        <line num="30" count="0" type="stmt"/>
        <line num="31" count="0" type="stmt"/>
        <line num="32" count="0" type="stmt"/>
        <line num="35" count="0" type="stmt"/>
      </file>
    </package>
    <package name="components.CompletionSettings">
      <metrics statements="30" coveredstatements="28" conditionals="21" coveredconditionals="17" methods="13" coveredmethods="12"/>
      <file name="CompletionSettings.tsx" path="/Users/adamboyle/Assist/PocketPal-SuperAI/application/src/components/CompletionSettings/CompletionSettings.tsx">
        <metrics statements="30" coveredstatements="28" conditionals="21" coveredconditionals="17" methods="13" coveredmethods="12"/>
        <line num="25" count="25" type="stmt"/>
        <line num="26" count="9" type="stmt"/>
        <line num="27" count="9" type="stmt"/>
        <line num="28" count="9" type="stmt"/>
        <line num="29" count="9" type="stmt"/>
        <line num="32" count="9" type="stmt"/>
        <line num="33" count="4" type="stmt"/>
        <line num="36" count="9" type="stmt"/>
        <line num="37" count="1" type="stmt"/>
        <line num="40" count="9" type="cond" truecount="1" falsecount="0"/>
        <line num="41" count="103" type="stmt"/>
        <line num="53" count="1" type="stmt"/>
        <line num="56" count="1" type="stmt"/>
        <line num="71" count="9" type="stmt"/>
        <line num="72" count="18" type="stmt"/>
        <line num="73" count="18" type="cond" truecount="1" falsecount="1"/>
        <line num="74" count="0" type="stmt"/>
        <line num="77" count="18" type="cond" truecount="1" falsecount="1"/>
        <line num="78" count="18" type="stmt"/>
        <line num="80" count="18" type="stmt"/>
        <line num="90" count="1" type="stmt"/>
        <line num="100" count="9" type="stmt"/>
        <line num="102" count="9" type="stmt"/>
        <line num="104" count="9" type="stmt"/>
        <line num="112" count="0" type="stmt"/>
        <line num="121" count="9" type="stmt"/>
        <line num="122" count="9" type="stmt"/>
        <line num="124" count="9" type="stmt"/>
        <line num="130" count="1" type="stmt"/>
        <line num="152" count="9" type="stmt"/>
      </file>
    </package>
    <package name="components.DatabaseMigration">
      <metrics statements="16" coveredstatements="13" conditionals="2" coveredconditionals="1" methods="5" coveredmethods="5"/>
      <file name="AppWithMigration.tsx" path="/Users/adamboyle/Assist/PocketPal-SuperAI/application/src/components/DatabaseMigration/AppWithMigration.tsx">
        <metrics statements="10" coveredstatements="8" conditionals="0" coveredconditionals="0" methods="4" coveredmethods="4"/>
        <line num="9" count="26" type="stmt"/>
        <line num="12" count="1" type="stmt"/>
        <line num="13" count="1" type="stmt"/>
        <line num="14" count="1" type="stmt"/>
        <line num="16" count="1" type="stmt"/>
        <line num="19" count="0" type="stmt"/>
        <line num="21" count="0" type="stmt"/>
        <line num="25" count="1" type="stmt"/>
        <line num="28" count="1" type="stmt"/>
        <line num="36" count="26" type="stmt"/>
      </file>
      <file name="DatabaseMigration.tsx" path="/Users/adamboyle/Assist/PocketPal-SuperAI/application/src/components/DatabaseMigration/DatabaseMigration.tsx">
        <metrics statements="6" coveredstatements="5" conditionals="2" coveredconditionals="1" methods="1" coveredmethods="1"/>
        <line num="7" count="26" type="stmt"/>
        <line num="8" count="1" type="stmt"/>
        <line num="10" count="1" type="cond" truecount="1" falsecount="1"/>
        <line num="11" count="1" type="stmt"/>
        <line num="14" count="0" type="stmt"/>
        <line num="28" count="26" type="stmt"/>
      </file>
    </package>
    <package name="components.Dialog">
      <metrics statements="6" coveredstatements="6" conditionals="16" coveredconditionals="13" methods="2" coveredmethods="2"/>
      <file name="Dialog.tsx" path="/Users/adamboyle/Assist/PocketPal-SuperAI/application/src/components/Dialog/Dialog.tsx">
        <metrics statements="6" coveredstatements="6" conditionals="16" coveredconditionals="13" methods="2" coveredmethods="2"/>
        <line num="43" count="28" type="stmt"/>
        <line num="59" count="344" type="stmt"/>
        <line num="60" count="344" type="stmt"/>
        <line num="62" count="344" type="cond" truecount="2" falsecount="0"/>
        <line num="97" count="344" type="stmt"/>
        <line num="114" count="585" type="stmt"/>
      </file>
    </package>
    <package name="components.Divider">
      <metrics statements="4" coveredstatements="4" conditionals="0" coveredconditionals="0" methods="1" coveredmethods="1"/>
      <file name="Divider.tsx" path="/Users/adamboyle/Assist/PocketPal-SuperAI/application/src/components/Divider/Divider.tsx">
        <metrics statements="4" coveredstatements="4" conditionals="0" coveredconditionals="0" methods="1" coveredmethods="1"/>
        <line num="9" count="26" type="stmt"/>
        <line num="10" count="593" type="stmt"/>
        <line num="11" count="593" type="stmt"/>
        <line num="13" count="593" type="stmt"/>
      </file>
    </package>
    <package name="components.DownloadErrorDialog">
      <metrics statements="75" coveredstatements="67" conditionals="70" coveredconditionals="62" methods="11" coveredmethods="10"/>
      <file name="DownloadErrorDialog.tsx" path="/Users/adamboyle/Assist/PocketPal-SuperAI/application/src/components/DownloadErrorDialog/DownloadErrorDialog.tsx">
        <metrics statements="75" coveredstatements="67" conditionals="70" coveredconditionals="62" methods="11" coveredmethods="10"/>
        <line num="14" count="27" type="stmt"/>
        <line num="15" count="7" type="stmt"/>
        <line num="27" count="27" type="stmt"/>
        <line num="35" count="24" type="stmt"/>
        <line num="36" count="24" type="stmt"/>
        <line num="37" count="24" type="stmt"/>
        <line num="41" count="24" type="cond" truecount="3" falsecount="0"/>
        <line num="46" count="24" type="cond" truecount="3" falsecount="0"/>
        <line num="50" count="24" type="stmt"/>
        <line num="52" count="24" type="stmt"/>
        <line num="57" count="24" type="cond" truecount="2" falsecount="0"/>
        <line num="58" count="20" type="stmt"/>
        <line num="61" count="4" type="cond" truecount="2" falsecount="0"/>
        <line num="62" count="2" type="cond" truecount="1" falsecount="1"/>
        <line num="63" count="2" type="stmt"/>
        <line num="65" count="0" type="stmt"/>
        <line num="66" count="2" type="cond" truecount="2" falsecount="0"/>
        <line num="67" count="1" type="stmt"/>
        <line num="68" count="1" type="cond" truecount="1" falsecount="1"/>
        <line num="69" count="0" type="stmt"/>
        <line num="71" count="1" type="stmt"/>
        <line num="74" count="24" type="stmt"/>
        <line num="76" count="24" type="stmt"/>
        <line num="77" count="24" type="cond" truecount="2" falsecount="0"/>
        <line num="78" count="1" type="stmt"/>
        <line num="81" count="23" type="cond" truecount="1" falsecount="1"/>
        <line num="82" count="0" type="stmt"/>
        <line num="85" count="23" type="cond" truecount="3" falsecount="1"/>
        <line num="87" count="0" type="stmt"/>
        <line num="89" count="1" type="stmt"/>
        <line num="91" count="1" type="stmt"/>
        <line num="93" count="21" type="stmt"/>
        <line num="97" count="24" type="stmt"/>
        <line num="98" count="24" type="cond" truecount="2" falsecount="0"/>
        <line num="99" count="1" type="stmt"/>
        <line num="102" count="23" type="cond" truecount="1" falsecount="1"/>
        <line num="103" count="0" type="stmt"/>
        <line num="106" count="23" type="cond" truecount="3" falsecount="1"/>
        <line num="108" count="0" type="stmt"/>
        <line num="110" count="1" type="stmt"/>
        <line num="112" count="1" type="stmt"/>
        <line num="114" count="21" type="cond" truecount="2" falsecount="0"/>
        <line num="120" count="24" type="stmt"/>
        <line num="121" count="24" type="cond" truecount="2" falsecount="0"/>
        <line num="122" count="1" type="stmt"/>
        <line num="125" count="23" type="cond" truecount="1" falsecount="1"/>
        <line num="126" count="0" type="stmt"/>
        <line num="129" count="23" type="cond" truecount="3" falsecount="0"/>
        <line num="131" count="1" type="stmt"/>
        <line num="133" count="1" type="stmt"/>
        <line num="135" count="21" type="stmt"/>
        <line num="139" count="24" type="stmt"/>
        <line num="140" count="1" type="stmt"/>
        <line num="141" count="1" type="cond" truecount="1" falsecount="1"/>
        <line num="142" count="1" type="stmt"/>
        <line num="146" count="24" type="stmt"/>
        <line num="147" count="24" type="stmt"/>
        <line num="149" count="24" type="cond" truecount="5" falsecount="0"/>
        <line num="150" count="3" type="stmt"/>
        <line num="153" count="1" type="stmt"/>
        <line num="159" count="24" type="cond" truecount="2" falsecount="0"/>
        <line num="164" count="1" type="stmt"/>
        <line num="167" count="0" type="stmt"/>
        <line num="173" count="24" type="cond" truecount="2" falsecount="0"/>
        <line num="174" count="1" type="stmt"/>
        <line num="179" count="23" type="cond" truecount="2" falsecount="0"/>
        <line num="183" count="2" type="stmt"/>
        <line num="190" count="24" type="cond" truecount="4" falsecount="0"/>
        <line num="191" count="3" type="stmt"/>
        <line num="198" count="24" type="stmt"/>
        <line num="201" count="24" type="stmt"/>
        <line num="202" count="24" type="stmt"/>
        <line num="203" count="24" type="stmt"/>
        <line num="205" count="24" type="stmt"/>
        <line num="220" count="7" type="stmt"/>
      </file>
    </package>
    <package name="components.EmbeddedVideoView">
      <metrics statements="61" coveredstatements="48" conditionals="30" coveredconditionals="22" methods="12" coveredmethods="11"/>
      <file name="EmbeddedVideoView.tsx" path="/Users/adamboyle/Assist/PocketPal-SuperAI/application/src/components/EmbeddedVideoView/EmbeddedVideoView.tsx">
        <metrics statements="61" coveredstatements="48" conditionals="30" coveredconditionals="22" methods="12" coveredmethods="11"/>
        <line num="37" count="27" type="stmt"/>
        <line num="45" count="14" type="stmt"/>
        <line num="46" count="14" type="stmt"/>
        <line num="47" count="14" type="stmt"/>
        <line num="48" count="14" type="stmt"/>
        <line num="50" count="14" type="stmt"/>
        <line num="51" count="14" type="stmt"/>
        <line num="52" count="14" type="stmt"/>
        <line num="53" count="14" type="stmt"/>
        <line num="54" count="14" type="stmt"/>
        <line num="57" count="14" type="cond" truecount="2" falsecount="0"/>
        <line num="60" count="14" type="stmt"/>
        <line num="61" count="13" type="cond" truecount="2" falsecount="0"/>
        <line num="62" count="3" type="stmt"/>
        <line num="63" count="3" type="stmt"/>
        <line num="64" count="3" type="stmt"/>
        <line num="65" count="3" type="stmt"/>
        <line num="66" count="2" type="stmt"/>
        <line num="67" count="2" type="cond" truecount="2" falsecount="0"/>
        <line num="69" count="1" type="stmt"/>
        <line num="81" count="1" type="stmt"/>
        <line num="82" count="1" type="stmt"/>
        <line num="95" count="3" type="stmt"/>
        <line num="99" count="14" type="stmt"/>
        <line num="100" count="24" type="cond" truecount="2" falsecount="0"/>
        <line num="101" count="10" type="stmt"/>
        <line num="102" count="10" type="stmt"/>
        <line num="106" count="14" type="stmt"/>
        <line num="107" count="10" type="stmt"/>
        <line num="109" count="10" type="stmt"/>
        <line num="110" count="0" type="cond" truecount="0" falsecount="4"/>
        <line num="111" count="0" type="stmt"/>
        <line num="112" count="0" type="stmt"/>
        <line num="113" count="0" type="stmt"/>
        <line num="119" count="0" type="cond" truecount="0" falsecount="2"/>
        <line num="120" count="0" type="stmt"/>
        <line num="123" count="0" type="stmt"/>
        <line num="124" count="0" type="stmt"/>
        <line num="126" count="0" type="stmt"/>
        <line num="134" count="0" type="stmt"/>
        <line num="136" count="0" type="stmt"/>
        <line num="139" count="0" type="stmt"/>
        <line num="141" count="0" type="stmt"/>
        <line num="148" count="14" type="stmt"/>
        <line num="149" count="14" type="cond" truecount="4" falsecount="0"/>
        <line num="150" count="10" type="stmt"/>
        <line num="153" count="14" type="stmt"/>
        <line num="154" count="14" type="stmt"/>
        <line num="158" count="14" type="stmt"/>
        <line num="159" count="1" type="cond" truecount="1" falsecount="1"/>
        <line num="162" count="14" type="stmt"/>
        <line num="163" count="2" type="stmt"/>
        <line num="164" count="2" type="stmt"/>
        <line num="167" count="14" type="stmt"/>
        <line num="168" count="2" type="stmt"/>
        <line num="169" count="2" type="stmt"/>
        <line num="172" count="14" type="cond" truecount="2" falsecount="0"/>
        <line num="173" count="3" type="stmt"/>
        <line num="183" count="11" type="cond" truecount="2" falsecount="0"/>
        <line num="184" count="1" type="stmt"/>
        <line num="200" count="10" type="stmt"/>
      </file>
    </package>
    <package name="components.ErrorSnackbar">
      <metrics statements="35" coveredstatements="30" conditionals="34" coveredconditionals="28" methods="5" coveredmethods="5"/>
      <file name="ErrorSnackbar.tsx" path="/Users/adamboyle/Assist/PocketPal-SuperAI/application/src/components/ErrorSnackbar/ErrorSnackbar.tsx">
        <metrics statements="35" coveredstatements="30" conditionals="34" coveredconditionals="28" methods="5" coveredmethods="5"/>
        <line num="17" count="27" type="stmt"/>
        <line num="23" count="6" type="stmt"/>
        <line num="25" count="6" type="cond" truecount="2" falsecount="0"/>
        <line num="26" count="1" type="stmt"/>
        <line num="29" count="5" type="stmt"/>
        <line num="32" count="5" type="stmt"/>
        <line num="34" count="10" type="cond" truecount="4" falsecount="0"/>
        <line num="35" count="2" type="cond" truecount="1" falsecount="2"/>
        <line num="37" count="2" type="stmt"/>
        <line num="39" count="0" type="stmt"/>
        <line num="41" count="0" type="stmt"/>
        <line num="46" count="8" type="cond" truecount="4" falsecount="1"/>
        <line num="48" count="2" type="stmt"/>
        <line num="50" count="2" type="stmt"/>
        <line num="52" count="2" type="stmt"/>
        <line num="54" count="0" type="stmt"/>
        <line num="56" count="2" type="stmt"/>
        <line num="61" count="5" type="stmt"/>
        <line num="63" count="5" type="cond" truecount="2" falsecount="0"/>
        <line num="67" count="1" type="cond" truecount="1" falsecount="1"/>
        <line num="69" count="1" type="stmt"/>
        <line num="77" count="4" type="cond" truecount="4" falsecount="0"/>
        <line num="78" count="2" type="stmt"/>
        <line num="86" count="2" type="stmt"/>
        <line num="94" count="5" type="stmt"/>
        <line num="95" count="5" type="cond" truecount="1" falsecount="1"/>
        <line num="96" count="0" type="stmt"/>
        <line num="98" count="5" type="cond" truecount="2" falsecount="0"/>
        <line num="103" count="2" type="stmt"/>
        <line num="105" count="3" type="stmt"/>
        <line num="109" count="5" type="stmt"/>
        <line num="110" count="5" type="cond" truecount="1" falsecount="1"/>
        <line num="111" count="0" type="stmt"/>
        <line num="113" count="5" type="stmt"/>
        <line num="116" count="5" type="stmt"/>
      </file>
    </package>
    <package name="components.FileMessage">
      <metrics statements="6" coveredstatements="6" conditionals="2" coveredconditionals="2" methods="1" coveredmethods="1"/>
      <file name="FileMessage.tsx" path="/Users/adamboyle/Assist/PocketPal-SuperAI/application/src/components/FileMessage/FileMessage.tsx">
        <metrics statements="6" coveredstatements="6" conditionals="2" coveredconditionals="2" methods="1" coveredmethods="1"/>
        <line num="15" count="26" type="stmt"/>
        <line num="16" count="9" type="stmt"/>
        <line num="17" count="9" type="stmt"/>
        <line num="18" count="9" type="stmt"/>
        <line num="19" count="9" type="stmt"/>
        <line num="25" count="9" type="stmt"/>
      </file>
    </package>
    <package name="components.HFTokenSheet">
      <metrics statements="53" coveredstatements="43" conditionals="23" coveredconditionals="18" methods="11" coveredmethods="8"/>
      <file name="HFTokenSheet.tsx" path="/Users/adamboyle/Assist/PocketPal-SuperAI/application/src/components/HFTokenSheet/HFTokenSheet.tsx">
        <metrics statements="53" coveredstatements="43" conditionals="23" coveredconditionals="18" methods="11" coveredmethods="8"/>
        <line num="25" count="26" type="stmt"/>
        <line num="27" count="29" type="stmt"/>
        <line num="28" count="29" type="stmt"/>
        <line num="29" count="29" type="stmt"/>
        <line num="31" count="29" type="cond" truecount="2" falsecount="0"/>
        <line num="32" count="29" type="stmt"/>
        <line num="33" count="29" type="stmt"/>
        <line num="34" count="29" type="stmt"/>
        <line num="35" count="29" type="stmt"/>
        <line num="36" count="29" type="stmt"/>
        <line num="37" count="29" type="stmt"/>
        <line num="40" count="29" type="stmt"/>
        <line num="41" count="14" type="cond" truecount="2" falsecount="0"/>
        <line num="42" count="5" type="stmt"/>
        <line num="46" count="29" type="stmt"/>
        <line num="47" count="1" type="cond" truecount="1" falsecount="1"/>
        <line num="48" count="0" type="stmt"/>
        <line num="51" count="1" type="stmt"/>
        <line num="53" count="1" type="stmt"/>
        <line num="54" count="1" type="stmt"/>
        <line num="56" count="1" type="cond" truecount="1" falsecount="1"/>
        <line num="57" count="1" type="stmt"/>
        <line num="58" count="1" type="stmt"/>
        <line num="61" count="1" type="cond" truecount="1" falsecount="1"/>
        <line num="62" count="1" type="stmt"/>
        <line num="65" count="0" type="stmt"/>
        <line num="68" count="0" type="stmt"/>
        <line num="69" count="0" type="stmt"/>
        <line num="71" count="1" type="stmt"/>
        <line num="75" count="29" type="stmt"/>
        <line num="76" count="1" type="stmt"/>
        <line num="78" count="1" type="stmt"/>
        <line num="79" count="1" type="stmt"/>
        <line num="81" count="1" type="cond" truecount="1" falsecount="1"/>
        <line num="82" count="1" type="stmt"/>
        <line num="83" count="1" type="stmt"/>
        <line num="84" count="1" type="stmt"/>
        <line num="87" count="1" type="cond" truecount="1" falsecount="1"/>
        <line num="88" count="1" type="stmt"/>
        <line num="91" count="0" type="stmt"/>
        <line num="94" count="0" type="stmt"/>
        <line num="95" count="0" type="stmt"/>
        <line num="97" count="1" type="stmt"/>
        <line num="101" count="29" type="stmt"/>
        <line num="102" count="1" type="stmt"/>
        <line num="105" count="29" type="stmt"/>
        <line num="106" count="1" type="stmt"/>
        <line num="109" count="29" type="stmt"/>
        <line num="127" count="116" type="stmt"/>
        <line num="156" count="16" type="cond" truecount="2" falsecount="0"/>
        <line num="195" count="0" type="stmt"/>
        <line num="202" count="0" type="stmt"/>
        <line num="207" count="0" type="stmt"/>
      </file>
    </package>
    <package name="components.HeaderLeft">
      <metrics statements="5" coveredstatements="4" conditionals="0" coveredconditionals="0" methods="2" coveredmethods="1"/>
      <file name="HeaderLeft.tsx" path="/Users/adamboyle/Assist/PocketPal-SuperAI/application/src/components/HeaderLeft/HeaderLeft.tsx">
        <metrics statements="5" coveredstatements="4" conditionals="0" coveredconditionals="0" methods="2" coveredmethods="1"/>
        <line num="10" count="26" type="stmt"/>
        <line num="11" count="14" type="stmt"/>
        <line num="12" count="14" type="stmt"/>
        <line num="14" count="14" type="stmt"/>
        <line num="17" count="0" type="stmt"/>
      </file>
    </package>
    <package name="components.HeaderRight">
      <metrics statements="71" coveredstatements="44" conditionals="16" coveredconditionals="9" methods="26" coveredmethods="18"/>
      <file name="HeaderRight.tsx" path="/Users/adamboyle/Assist/PocketPal-SuperAI/application/src/components/HeaderRight/HeaderRight.tsx">
        <metrics statements="71" coveredstatements="44" conditionals="16" coveredconditionals="9" methods="26" coveredmethods="18"/>
        <line num="35" count="26" type="stmt"/>
        <line num="36" count="30" type="stmt"/>
        <line num="37" count="30" type="stmt"/>
        <line num="38" count="30" type="stmt"/>
        <line num="40" count="30" type="stmt"/>
        <line num="42" count="30" type="stmt"/>
        <line num="43" count="5" type="cond" truecount="1" falsecount="1"/>
        <line num="44" count="0" type="stmt"/>
        <line num="46" count="5" type="stmt"/>
        <line num="48" count="30" type="stmt"/>
        <line num="49" count="30" type="stmt"/>
        <line num="51" count="30" type="stmt"/>
        <line num="52" count="30" type="stmt"/>
        <line num="53" count="30" type="stmt"/>
        <line num="54" count="25" type="stmt"/>
        <line num="57" count="30" type="stmt"/>
        <line num="58" count="0" type="stmt"/>
        <line num="59" count="0" type="stmt"/>
        <line num="62" count="30" type="stmt"/>
        <line num="63" count="1" type="stmt"/>
        <line num="64" count="1" type="stmt"/>
        <line num="67" count="30" type="stmt"/>
        <line num="68" count="1" type="cond" truecount="1" falsecount="1"/>
        <line num="69" count="1" type="stmt"/>
        <line num="81" count="1" type="stmt"/>
        <line num="82" count="1" type="stmt"/>
        <line num="83" count="1" type="stmt"/>
        <line num="89" count="1" type="stmt"/>
        <line num="92" count="30" type="stmt"/>
        <line num="93" count="1" type="cond" truecount="1" falsecount="1"/>
        <line num="94" count="1" type="stmt"/>
        <line num="95" count="1" type="stmt"/>
        <line num="99" count="30" type="stmt"/>
        <line num="100" count="0" type="stmt"/>
        <line num="101" count="0" type="stmt"/>
        <line num="104" count="30" type="stmt"/>
        <line num="105" count="0" type="cond" truecount="0" falsecount="2"/>
        <line num="106" count="0" type="stmt"/>
        <line num="107" count="0" type="stmt"/>
        <line num="109" count="0" type="stmt"/>
        <line num="110" count="0" type="stmt"/>
        <line num="113" count="0" type="stmt"/>
        <line num="116" count="30" type="stmt"/>
        <line num="117" count="0" type="stmt"/>
        <line num="118" count="0" type="stmt"/>
        <line num="120" count="0" type="stmt"/>
        <line num="121" count="0" type="stmt"/>
        <line num="123" count="0" type="stmt"/>
        <line num="126" count="30" type="stmt"/>
        <line num="127" count="0" type="stmt"/>
        <line num="128" count="0" type="stmt"/>
        <line num="129" count="0" type="cond" truecount="0" falsecount="2"/>
        <line num="130" count="0" type="stmt"/>
        <line num="135" count="0" type="stmt"/>
        <line num="138" count="0" type="stmt"/>
        <line num="139" count="0" type="stmt"/>
        <line num="141" count="0" type="stmt"/>
        <line num="144" count="30" type="stmt"/>
        <line num="148" count="30" type="stmt"/>
        <line num="152" count="1" type="stmt"/>
        <line num="161" count="30" type="stmt"/>
        <line num="170" count="8" type="stmt"/>
        <line num="175" count="38" type="stmt"/>
        <line num="177" count="0" type="stmt"/>
        <line num="184" count="8" type="stmt"/>
        <line num="193" count="7" type="stmt"/>
        <line num="199" count="7" type="stmt"/>
        <line num="205" count="7" type="stmt"/>
        <line num="237" count="8" type="stmt"/>
        <line num="242" count="0" type="stmt"/>
        <line num="247" count="0" type="stmt"/>
      </file>
    </package>
    <package name="components.ImageMessage">
      <metrics statements="17" coveredstatements="17" conditionals="20" coveredconditionals="20" methods="5" coveredmethods="5"/>
      <file name="ImageMessage.tsx" path="/Users/adamboyle/Assist/PocketPal-SuperAI/application/src/components/ImageMessage/ImageMessage.tsx">
        <metrics statements="17" coveredstatements="17" conditionals="20" coveredconditionals="20" methods="5" coveredmethods="5"/>
        <line num="21" count="27" type="stmt"/>
        <line num="22" count="18" type="stmt"/>
        <line num="23" count="18" type="stmt"/>
        <line num="24" count="18" type="cond" truecount="2" falsecount="0"/>
        <line num="25" count="18" type="cond" truecount="2" falsecount="0"/>
        <line num="26" count="18" type="stmt"/>
        <line num="30" count="18" type="cond" truecount="2" falsecount="0"/>
        <line num="31" count="18" type="cond" truecount="2" falsecount="0"/>
        <line num="40" count="18" type="stmt"/>
        <line num="48" count="18" type="stmt"/>
        <line num="49" count="6" type="cond" truecount="4" falsecount="0"/>
        <line num="50" count="1" type="stmt"/>
        <line num="52" count="2" type="stmt"/>
        <line num="53" count="1" type="stmt"/>
        <line num="58" count="18" type="stmt"/>
        <line num="59" count="18" type="stmt"/>
        <line num="76" count="18" type="cond" truecount="2" falsecount="0"/>
      </file>
    </package>
    <package name="components.KeyboardAccessoryView.hooks">
      <metrics statements="37" coveredstatements="36" conditionals="12" coveredconditionals="10" methods="12" coveredmethods="12"/>
      <file name="useComponentSize.tsx" path="/Users/adamboyle/Assist/PocketPal-SuperAI/application/src/components/KeyboardAccessoryView/hooks/useComponentSize.tsx">
        <metrics statements="6" coveredstatements="6" conditionals="0" coveredconditionals="0" methods="2" coveredmethods="2"/>
        <line num="11" count="27" type="stmt"/>
        <line num="12" count="89" type="stmt"/>
        <line num="14" count="89" type="stmt"/>
        <line num="15" count="1" type="stmt"/>
        <line num="16" count="1" type="stmt"/>
        <line num="19" count="89" type="stmt"/>
      </file>
      <file name="useKeyboardDimensions.tsx" path="/Users/adamboyle/Assist/PocketPal-SuperAI/application/src/components/KeyboardAccessoryView/hooks/useKeyboardDimensions.tsx">
        <metrics statements="28" coveredstatements="27" conditionals="10" coveredconditionals="8" methods="9" coveredmethods="9"/>
        <line num="22" count="27" type="stmt"/>
        <line num="23" count="52" type="stmt"/>
        <line num="24" count="52" type="stmt"/>
        <line num="29" count="52" type="stmt"/>
        <line num="30" count="20" type="stmt"/>
        <line num="31" count="1" type="stmt"/>
        <line num="36" count="20" type="stmt"/>
        <line num="37" count="1" type="stmt"/>
        <line num="42" count="20" type="stmt"/>
        <line num="43" count="1" type="stmt"/>
        <line num="44" count="1" type="stmt"/>
        <line num="45" count="1" type="stmt"/>
        <line num="47" count="1" type="cond" truecount="1" falsecount="1"/>
        <line num="48" count="0" type="stmt"/>
        <line num="51" count="1" type="stmt"/>
        <line num="53" count="1" type="cond" truecount="3" falsecount="1"/>
        <line num="56" count="1" type="stmt"/>
        <line num="58" count="1" type="stmt"/>
        <line num="67" count="1" type="stmt"/>
        <line num="73" count="20" type="stmt"/>
        <line num="78" count="20" type="stmt"/>
        <line num="80" count="20" type="cond" truecount="4" falsecount="0"/>
        <line num="81" count="2" type="stmt"/>
        <line num="86" count="18" type="stmt"/>
        <line num="94" count="20" type="stmt"/>
        <line num="95" count="19" type="stmt"/>
        <line num="96" count="14" type="stmt"/>
        <line num="100" count="52" type="stmt"/>
      </file>
      <file name="usePanResponder.tsx" path="/Users/adamboyle/Assist/PocketPal-SuperAI/application/src/components/KeyboardAccessoryView/hooks/usePanResponder.tsx">
        <metrics statements="3" coveredstatements="3" conditionals="2" coveredconditionals="2" methods="1" coveredmethods="1"/>
        <line num="16" count="27" type="stmt"/>
        <line num="17" count="10" type="stmt"/>
        <line num="34" count="10" type="stmt"/>
      </file>
    </package>
    <package name="components.LoadingBubble">
      <metrics statements="9" coveredstatements="9" conditionals="0" coveredconditionals="0" methods="3" coveredmethods="3"/>
      <file name="LoadingBubble.tsx" path="/Users/adamboyle/Assist/PocketPal-SuperAI/application/src/components/LoadingBubble/LoadingBubble.tsx">
        <metrics statements="9" coveredstatements="9" conditionals="0" coveredconditionals="0" methods="3" coveredmethods="3"/>
        <line num="15" count="26" type="stmt"/>
        <line num="16" count="9" type="stmt"/>
        <line num="18" count="9" type="stmt"/>
        <line num="19" count="9" type="stmt"/>
        <line num="33" count="9" type="stmt"/>
        <line num="36" count="9" type="stmt"/>
        <line num="49" count="26" type="stmt"/>
        <line num="50" count="3" type="stmt"/>
        <line num="52" count="3" type="stmt"/>
      </file>
    </package>
    <package name="components.MarkdownView">
      <metrics statements="35" coveredstatements="20" conditionals="18" coveredconditionals="5" methods="17" coveredmethods="10"/>
      <file name="MarkdownView.tsx" path="/Users/adamboyle/Assist/PocketPal-SuperAI/application/src/components/MarkdownView/MarkdownView.tsx">
        <metrics statements="35" coveredstatements="20" conditionals="18" coveredconditionals="5" methods="17" coveredmethods="10"/>
        <line num="17" count="28" type="stmt"/>
        <line num="31" count="28" type="stmt"/>
        <line num="32" count="0" type="cond" truecount="0" falsecount="2"/>
        <line num="35" count="28" type="stmt"/>
        <line num="37" count="0" type="cond" truecount="0" falsecount="2"/>
        <line num="39" count="0" type="cond" truecount="0" falsecount="2"/>
        <line num="40" count="0" type="stmt"/>
        <line num="43" count="0" type="stmt"/>
        <line num="50" count="28" type="stmt"/>
        <line num="51" count="0" type="stmt"/>
        <line num="54" count="0" type="cond" truecount="0" falsecount="2"/>
        <line num="55" count="0" type="stmt"/>
        <line num="59" count="0" type="cond" truecount="0" falsecount="2"/>
        <line num="60" count="0" type="cond" truecount="0" falsecount="2"/>
        <line num="62" count="0" type="stmt"/>
        <line num="70" count="28" type="stmt"/>
        <line num="72" count="14" type="stmt"/>
        <line num="74" count="14" type="stmt"/>
        <line num="75" count="14" type="stmt"/>
        <line num="77" count="14" type="stmt"/>
        <line num="78" count="13" type="stmt"/>
        <line num="95" count="14" type="stmt"/>
        <line num="96" count="13" type="stmt"/>
        <line num="97" count="0" type="stmt"/>
        <line num="98" count="0" type="stmt"/>
        <line num="99" count="0" type="stmt"/>
        <line num="100" count="0" type="stmt"/>
        <line num="105" count="14" type="stmt"/>
        <line num="106" count="13" type="stmt"/>
        <line num="112" count="14" type="stmt"/>
        <line num="114" count="14" type="stmt"/>
        <line num="116" count="14" type="stmt"/>
        <line num="117" count="14" type="stmt"/>
        <line num="119" count="14" type="stmt"/>
        <line num="134" count="27" type="cond" truecount="3" falsecount="0"/>
      </file>
    </package>
    <package name="components.Menu">
      <metrics statements="21" coveredstatements="20" conditionals="7" coveredconditionals="5" methods="6" coveredmethods="4"/>
      <file name="Menu.tsx" path="/Users/adamboyle/Assist/PocketPal-SuperAI/application/src/components/Menu/Menu.tsx">
        <metrics statements="20" coveredstatements="20" conditionals="7" coveredconditionals="5" methods="6" coveredmethods="4"/>
        <line num="15" count="27" type="stmt"/>
        <line num="16" count="13" type="stmt"/>
        <line num="17" count="13" type="stmt"/>
        <line num="18" count="13" type="stmt"/>
        <line num="21" count="27" type="stmt"/>
        <line num="22" count="1" type="stmt"/>
        <line num="23" count="1" type="stmt"/>
        <line num="24" count="1" type="stmt"/>
        <line num="44" count="27" type="cond" truecount="1" falsecount="0"/>
        <line num="45" count="403" type="stmt"/>
        <line num="46" count="403" type="stmt"/>
        <line num="47" count="403" type="stmt"/>
        <line num="48" count="403" type="stmt"/>
        <line num="50" count="403" type="stmt"/>
        <line num="51" count="403" type="stmt"/>
        <line num="53" count="403" type="stmt"/>
        <line num="67" count="732" type="cond" truecount="2" falsecount="0"/>
        <line num="79" count="27" type="stmt"/>
        <line num="80" count="27" type="stmt"/>
        <line num="81" count="27" type="stmt"/>
      </file>
      <file name="MenuContext.tsx" path="/Users/adamboyle/Assist/PocketPal-SuperAI/application/src/components/Menu/MenuContext.tsx">
        <metrics statements="1" coveredstatements="0" conditionals="0" coveredconditionals="0" methods="0" coveredmethods="0"/>
        <line num="3" count="0" type="stmt"/>
      </file>
    </package>
    <package name="components.Menu.MenuItem">
      <metrics statements="38" coveredstatements="29" conditionals="53" coveredconditionals="42" methods="10" coveredmethods="8"/>
      <file name="MenuItem.tsx" path="/Users/adamboyle/Assist/PocketPal-SuperAI/application/src/components/Menu/MenuItem/MenuItem.tsx">
        <metrics statements="38" coveredstatements="29" conditionals="53" coveredconditionals="42" methods="10" coveredmethods="8"/>
        <line num="34" count="29" type="stmt"/>
        <line num="51" count="109" type="stmt"/>
        <line num="52" count="109" type="stmt"/>
        <line num="53" count="109" type="stmt"/>
        <line num="54" count="109" type="stmt"/>
        <line num="56" count="109" type="stmt"/>
        <line num="58" count="109" type="stmt"/>
        <line num="59" count="79" type="stmt"/>
        <line num="66" count="109" type="stmt"/>
        <line num="68" count="109" type="stmt"/>
        <line num="69" count="84" type="stmt"/>
        <line num="86" count="109" type="stmt"/>
        <line num="87" count="24" type="stmt"/>
        <line num="104" count="109" type="stmt"/>
        <line num="105" count="16" type="stmt"/>
        <line num="118" count="109" type="stmt"/>
        <line num="119" count="218" type="cond" truecount="2" falsecount="0"/>
        <line num="120" count="32" type="stmt"/>
        <line num="122" count="186" type="cond" truecount="4" falsecount="0"/>
        <line num="123" count="48" type="stmt"/>
        <line num="125" count="138" type="stmt"/>
        <line num="128" count="109" type="stmt"/>
        <line num="129" count="218" type="cond" truecount="4" falsecount="0"/>
        <line num="130" count="50" type="stmt"/>
        <line num="132" count="168" type="stmt"/>
        <line num="135" count="109" type="stmt"/>
        <line num="136" count="10" type="cond" truecount="1" falsecount="1"/>
        <line num="137" count="0" type="stmt"/>
        <line num="138" count="0" type="stmt"/>
        <line num="139" count="0" type="stmt"/>
        <line num="140" count="0" type="stmt"/>
        <line num="141" count="0" type="cond" truecount="0" falsecount="2"/>
        <line num="142" count="0" type="stmt"/>
        <line num="144" count="0" type="stmt"/>
        <line num="148" count="10" type="stmt"/>
        <line num="152" count="109" type="stmt"/>
        <line num="186" count="0" type="stmt"/>
        <line num="187" count="0" type="stmt"/>
      </file>
    </package>
    <package name="components.Menu.SubMenu">
      <metrics statements="4" coveredstatements="4" conditionals="0" coveredconditionals="0" methods="1" coveredmethods="1"/>
      <file name="SubMenu.tsx" path="/Users/adamboyle/Assist/PocketPal-SuperAI/application/src/components/Menu/SubMenu/SubMenu.tsx">
        <metrics statements="4" coveredstatements="4" conditionals="0" coveredconditionals="0" methods="1" coveredmethods="1"/>
        <line num="14" count="29" type="stmt"/>
        <line num="21" count="19" type="stmt"/>
        <line num="22" count="19" type="stmt"/>
        <line num="24" count="19" type="stmt"/>
      </file>
    </package>
    <package name="components.Message">
      <metrics statements="27" coveredstatements="25" conditionals="11" coveredconditionals="11" methods="7" coveredmethods="5"/>
      <file name="Message.tsx" path="/Users/adamboyle/Assist/PocketPal-SuperAI/application/src/components/Message/Message.tsx">
        <metrics statements="27" coveredstatements="25" conditionals="11" coveredconditionals="11" methods="7" coveredmethods="5"/>
        <line num="22" count="26" type="stmt"/>
        <line num="81" count="26" type="stmt"/>
        <line num="101" count="76" type="stmt"/>
        <line num="102" count="76" type="stmt"/>
        <line num="103" count="76" type="stmt"/>
        <line num="106" count="76" type="cond" truecount="2" falsecount="0"/>
        <line num="108" count="76" type="stmt"/>
        <line num="116" count="76" type="stmt"/>
        <line num="117" count="0" type="stmt"/>
        <line num="125" count="76" type="stmt"/>
        <line num="126" count="0" type="stmt"/>
        <line num="134" count="76" type="cond" truecount="2" falsecount="0"/>
        <line num="135" count="14" type="stmt"/>
        <line num="148" count="62" type="stmt"/>
        <line num="149" count="62" type="stmt"/>
        <line num="151" count="62" type="stmt"/>
        <line num="164" count="62" type="stmt"/>
        <line num="165" count="62" type="cond" truecount="5" falsecount="0"/>
        <line num="167" count="1" type="stmt"/>
        <line num="176" count="9" type="stmt"/>
        <line num="182" count="14" type="stmt"/>
        <line num="196" count="37" type="stmt"/>
        <line num="215" count="1" type="stmt"/>
        <line num="219" count="62" type="stmt"/>
        <line num="232" count="1" type="stmt"/>
        <line num="233" count="1" type="stmt"/>
        <line num="236" count="3" type="stmt"/>
      </file>
    </package>
    <package name="components.ModelSettingsSheet">
      <metrics statements="33" coveredstatements="28" conditionals="26" coveredconditionals="15" methods="9" coveredmethods="5"/>
      <file name="ModelSettingsSheet.tsx" path="/Users/adamboyle/Assist/PocketPal-SuperAI/application/src/components/ModelSettingsSheet/ModelSettingsSheet.tsx">
        <metrics statements="33" coveredstatements="28" conditionals="26" coveredconditionals="15" methods="9" coveredmethods="5"/>
        <line num="21" count="27" type="stmt"/>
        <line num="23" count="28" type="stmt"/>
        <line num="26" count="28" type="stmt"/>
        <line num="29" count="28" type="stmt"/>
        <line num="32" count="28" type="stmt"/>
        <line num="33" count="20" type="cond" truecount="2" falsecount="0"/>
        <line num="34" count="7" type="stmt"/>
        <line num="35" count="7" type="cond" truecount="1" falsecount="1"/>
        <line num="39" count="28" type="stmt"/>
        <line num="40" count="0" type="stmt"/>
        <line num="42" count="0" type="cond" truecount="0" falsecount="2"/>
        <line num="43" count="0" type="stmt"/>
        <line num="47" count="28" type="stmt"/>
        <line num="48" count="1" type="cond" truecount="1" falsecount="1"/>
        <line num="49" count="1" type="stmt"/>
        <line num="50" count="1" type="stmt"/>
        <line num="51" count="1" type="stmt"/>
        <line num="55" count="28" type="stmt"/>
        <line num="56" count="1" type="cond" truecount="1" falsecount="1"/>
        <line num="58" count="1" type="stmt"/>
        <line num="59" count="1" type="cond" truecount="1" falsecount="1"/>
        <line num="61" count="1" type="stmt"/>
        <line num="64" count="28" type="stmt"/>
        <line num="65" count="1" type="cond" truecount="1" falsecount="1"/>
        <line num="67" count="1" type="stmt"/>
        <line num="68" count="1" type="stmt"/>
        <line num="69" count="1" type="stmt"/>
        <line num="70" count="1" type="cond" truecount="1" falsecount="1"/>
        <line num="74" count="28" type="cond" truecount="2" falsecount="0"/>
        <line num="75" count="20" type="stmt"/>
        <line num="78" count="8" type="stmt"/>
        <line num="91" count="0" type="cond" truecount="0" falsecount="2"/>
        <line num="104" count="0" type="stmt"/>
[...]
        <line num="135" count="2" type="stmt"/>
        <line num="138" count="1" type="stmt"/>
        <line num="139" count="1" type="stmt"/>
        <line num="142" count="1" type="stmt"/>
        <line num="144" count="2" type="stmt"/>
        <line num="145" count="2" type="stmt"/>
        <line num="152" count="27" type="stmt"/>
        <line num="156" count="11" type="stmt"/>
        <line num="157" count="11" type="stmt"/>
        <line num="159" count="11" type="stmt"/>
        <line num="160" count="11" type="stmt"/>
        <line num="163" count="8" type="cond" truecount="2" falsecount="0"/>
        <line num="165" count="5" type="stmt"/>
        <line num="171" count="3" type="cond" truecount="3" falsecount="1"/>
        <line num="174" count="0" type="stmt"/>
        <line num="175" count="0" type="stmt"/>
        <line num="181" count="0" type="stmt"/>
        <line num="183" count="0" type="stmt"/>
        <line num="184" count="0" type="stmt"/>
        <line num="188" count="3" type="stmt"/>
        <line num="189" count="3" type="cond" truecount="2" falsecount="0"/>
        <line num="191" count="2" type="stmt"/>
        <line num="192" count="2" type="stmt"/>
        <line num="198" count="1" type="stmt"/>
        <line num="200" count="1" type="stmt"/>
        <line num="201" count="1" type="stmt"/>
        <line num="205" count="1" type="stmt"/>
        <line num="207" count="1" type="stmt"/>
        <line num="208" count="1" type="stmt"/>
        <line num="209" count="1" type="stmt"/>
        <line num="213" count="1" type="stmt"/>
        <line num="218" count="1" type="stmt"/>
        <line num="226" count="0" type="stmt"/>
        <line num="227" count="0" type="stmt"/>
        <line num="235" count="0" type="stmt"/>
        <line num="237" count="0" type="stmt"/>
        <line num="238" count="0" type="stmt"/>
        <line num="241" count="0" type="cond" truecount="0" falsecount="2"/>
        <line num="242" count="0" type="stmt"/>
        <line num="243" count="0" type="stmt"/>
        <line num="248" count="0" type="stmt"/>
        <line num="249" count="0" type="stmt"/>
        <line num="254" count="0" type="cond" truecount="0" falsecount="2"/>
        <line num="255" count="0" type="stmt"/>
        <line num="270" count="0" type="stmt"/>
        <line num="273" count="0" type="stmt"/>
        <line num="281" count="0" type="stmt"/>
        <line num="282" count="0" type="stmt"/>
        <line num="287" count="0" type="stmt"/>
        <line num="288" count="0" type="stmt"/>
        <line num="290" count="0" type="cond" truecount="0" falsecount="2"/>
        <line num="291" count="0" type="stmt"/>
        <line num="307" count="4" type="stmt"/>
        <line num="310" count="4" type="stmt"/>
        <line num="316" count="4" type="stmt"/>
        <line num="324" count="27" type="stmt"/>
        <line num="325" count="1" type="cond" truecount="1" falsecount="1"/>
        <line num="326" count="0" type="stmt"/>
        <line num="328" count="1" type="stmt"/>
      </file>
      <file name="fb.ts" path="/Users/adamboyle/Assist/PocketPal-SuperAI/application/src/utils/fb.ts">
        <metrics statements="18" coveredstatements="3" conditionals="8" coveredconditionals="0" methods="2" coveredmethods="0"/>
        <line num="6" count="67" type="stmt"/>
        <line num="8" count="67" type="stmt"/>
        <line num="9" count="0" type="cond" truecount="0" falsecount="2"/>
        <line num="10" count="0" type="stmt"/>
        <line num="13" count="0" type="stmt"/>
        <line num="14" count="0" type="stmt"/>
        <line num="18" count="0" type="stmt"/>
        <line num="28" count="0" type="stmt"/>
        <line num="33" count="0" type="stmt"/>
        <line num="35" count="0" type="stmt"/>
        <line num="40" count="67" type="stmt"/>
        <line num="41" count="0" type="stmt"/>
        <line num="42" count="0" type="cond" truecount="0" falsecount="2"/>
        <line num="43" count="0" type="stmt"/>
        <line num="45" count="0" type="stmt"/>
        <line num="46" count="0" type="stmt"/>
        <line num="48" count="0" type="stmt"/>
        <line num="49" count="0" type="stmt"/>
      </file>
      <file name="formatters.ts" path="/Users/adamboyle/Assist/PocketPal-SuperAI/application/src/utils/formatters.ts">
        <metrics statements="56" coveredstatements="41" conditionals="73" coveredconditionals="34" methods="4" coveredmethods="4"/>
        <line num="16" count="67" type="stmt"/>
        <line num="22" count="744" type="cond" truecount="2" falsecount="0"/>
        <line num="23" count="1" type="stmt"/>
        <line num="26" count="743" type="cond" truecount="2" falsecount="0"/>
        <line num="27" count="743" type="stmt"/>
        <line num="29" count="743" type="cond" truecount="2" falsecount="0"/>
        <line num="33" count="743" type="stmt"/>
        <line num="35" count="743" type="cond" truecount="2" falsecount="0"/>
        <line num="36" count="18" type="cond" truecount="4" falsecount="0"/>
        <line num="37" count="18" type="stmt"/>
        <line num="40" count="725" type="stmt"/>
        <line num="49" count="309" type="cond" truecount="1" falsecount="1"/>
        <line num="51" count="309" type="cond" truecount="1" falsecount="1"/>
        <line num="52" count="0" type="stmt"/>
        <line num="53" count="309" type="cond" truecount="2" falsecount="0"/>
        <line num="54" count="14" type="cond" truecount="1" falsecount="1"/>
        <line num="55" count="14" type="stmt"/>
        <line num="58" count="295" type="cond" truecount="1" falsecount="1"/>
        <line num="59" count="0" type="cond" truecount="0" falsecount="2"/>
        <line num="60" count="0" type="stmt"/>
        <line num="64" count="295" type="cond" truecount="1" falsecount="1"/>
        <line num="65" count="295" type="stmt"/>
        <line num="72" count="67" type="stmt"/>
        <line num="82" count="14" type="cond" truecount="1" falsecount="1"/>
        <line num="86" count="14" type="cond" truecount="1" falsecount="1"/>
        <line num="90" count="14" type="stmt"/>
        <line num="91" count="14" type="stmt"/>
        <line num="93" count="14" type="cond" truecount="1" falsecount="1"/>
        <line num="98" count="0" type="stmt"/>
        <line num="101" count="14" type="stmt"/>
        <line num="110" count="7" type="cond" truecount="1" falsecount="1"/>
        <line num="111" count="7" type="stmt"/>
        <line num="113" count="7" type="stmt"/>
        <line num="114" count="7" type="stmt"/>
        <line num="115" count="7" type="stmt"/>
        <line num="116" count="7" type="stmt"/>
        <line num="117" count="7" type="stmt"/>
        <line num="118" count="7" type="stmt"/>
        <line num="119" count="7" type="stmt"/>
        <line num="122" count="7" type="stmt"/>
        <line num="124" count="7" type="cond" truecount="1" falsecount="1"/>
        <line num="125" count="7" type="stmt"/>
        <line num="128" count="0" type="cond" truecount="0" falsecount="2"/>
        <line num="129" count="0" type="stmt"/>
        <line num="132" count="0" type="cond" truecount="0" falsecount="2"/>
        <line num="133" count="0" type="stmt"/>
        <line num="136" count="0" type="cond" truecount="0" falsecount="2"/>
        <line num="137" count="0" type="stmt"/>
        <line num="140" count="0" type="cond" truecount="0" falsecount="2"/>
        <line num="141" count="0" type="stmt"/>
        <line num="144" count="0" type="cond" truecount="0" falsecount="2"/>
        <line num="145" count="0" type="stmt"/>
        <line num="150" count="0" type="cond" truecount="0" falsecount="2"/>
        <line num="155" count="7" type="cond" truecount="2" falsecount="0"/>
        <line num="156" count="2" type="stmt"/>
        <line num="161" count="5" type="stmt"/>
      </file>
      <file name="importUtils.ts" path="/Users/adamboyle/Assist/PocketPal-SuperAI/application/src/utils/importUtils.ts">
        <metrics statements="69" coveredstatements="29" conditionals="48" coveredconditionals="20" methods="9" coveredmethods="4"/>
        <line num="39" count="27" type="stmt"/>
        <line num="40" count="0" type="stmt"/>
        <line num="41" count="0" type="stmt"/>
        <line num="46" count="0" type="cond" truecount="0" falsecount="4"/>
        <line num="47" count="0" type="stmt"/>
        <line num="50" count="0" type="cond" truecount="0" falsecount="2"/>
        <line num="54" count="0" type="stmt"/>
        <line num="57" count="0" type="stmt"/>
        <line num="59" count="0" type="stmt"/>
        <line num="61" count="0" type="cond" truecount="0" falsecount="2"/>
        <line num="63" count="0" type="stmt"/>
        <line num="65" count="0" type="stmt"/>
        <line num="72" count="27" type="stmt"/>
        <line num="73" count="1" type="stmt"/>
        <line num="74" count="1" type="stmt"/>
        <line num="75" count="1" type="stmt"/>
        <line num="77" count="0" type="stmt"/>
        <line num="78" count="0" type="stmt"/>
        <line num="85" count="27" type="stmt"/>
        <line num="89" count="2" type="cond" truecount="1" falsecount="1"/>
        <line num="91" count="0" type="stmt"/>
        <line num="94" count="2" type="stmt"/>
        <line num="101" count="27" type="stmt"/>
        <line num="103" count="2" type="cond" truecount="3" falsecount="1"/>
        <line num="104" count="0" type="stmt"/>
        <line num="107" count="2" type="cond" truecount="4" falsecount="0"/>
        <line num="109" count="1" type="stmt"/>
        <line num="112" count="2" type="cond" truecount="4" falsecount="0"/>
        <line num="113" count="1" type="stmt"/>
        <line num="117" count="2" type="stmt"/>
        <line num="118" count="1" type="cond" truecount="1" falsecount="1"/>
        <line num="119" count="0" type="stmt"/>
        <line num="122" count="1" type="cond" truecount="1" falsecount="1"/>
        <line num="123" count="0" type="stmt"/>
        <line num="126" count="1" type="cond" truecount="1" falsecount="1"/>
        <line num="127" count="0" type="stmt"/>
        <line num="130" count="1" type="cond" truecount="1" falsecount="1"/>
        <line num="131" count="1" type="stmt"/>
        <line num="134" count="1" type="stmt"/>
        <line num="138" count="2" type="cond" truecount="2" falsecount="0"/>
        <line num="139" count="1" type="stmt"/>
        <line num="143" count="2" type="stmt"/>
        <line num="148" count="2" type="cond" truecount="2" falsecount="0"/>
        <line num="149" count="1" type="stmt"/>
        <line num="152" count="2" type="stmt"/>
        <line num="158" count="27" type="stmt"/>
        <line num="159" count="0" type="stmt"/>
        <line num="161" count="0" type="stmt"/>
        <line num="162" count="0" type="cond" truecount="0" falsecount="2"/>
        <line num="163" count="0" type="stmt"/>
        <line num="167" count="0" type="stmt"/>
        <line num="170" count="0" type="stmt"/>
        <line num="173" count="0" type="cond" truecount="0" falsecount="2"/>
        <line num="175" count="0" type="stmt"/>
        <line num="176" count="0" type="stmt"/>
        <line num="177" count="0" type="stmt"/>
        <line num="178" count="0" type="stmt"/>
        <line num="180" count="0" type="stmt"/>
        <line num="183" count="0" type="stmt"/>
        <line num="184" count="0" type="stmt"/>
        <line num="187" count="0" type="stmt"/>
        <line num="188" count="0" type="stmt"/>
        <line num="195" count="27" type="stmt"/>
        <line num="198" count="0" type="stmt"/>
        <line num="200" count="0" type="stmt"/>
        <line num="202" count="0" type="stmt"/>
        <line num="213" count="0" type="stmt"/>
        <line num="220" count="0" type="stmt"/>
        <line num="221" count="0" type="stmt"/>
      </file>
      <file name="keepAwake.ts" path="/Users/adamboyle/Assist/PocketPal-SuperAI/application/src/utils/keepAwake.ts">
        <metrics statements="13" coveredstatements="0" conditionals="2" coveredconditionals="0" methods="2" coveredmethods="0"/>
        <line num="3" count="0" type="stmt"/>
        <line num="5" count="0" type="cond" truecount="0" falsecount="2"/>
        <line num="6" count="0" type="stmt"/>
        <line num="18" count="0" type="stmt"/>
        <line num="19" count="0" type="stmt"/>
        <line num="20" count="0" type="stmt"/>
        <line num="22" count="0" type="stmt"/>
        <line num="23" count="0" type="stmt"/>
        <line num="31" count="0" type="stmt"/>
        <line num="32" count="0" type="stmt"/>
        <line num="33" count="0" type="stmt"/>
        <line num="35" count="0" type="stmt"/>
        <line num="36" count="0" type="stmt"/>
      </file>
      <file name="l10n.ts" path="/Users/adamboyle/Assist/PocketPal-SuperAI/application/src/utils/l10n.ts">
        <metrics statements="1" coveredstatements="1" conditionals="0" coveredconditionals="0" methods="0" coveredmethods="0"/>
        <line num="2" count="88" type="stmt"/>
      </file>
      <file name="modelSettings.ts" path="/Users/adamboyle/Assist/PocketPal-SuperAI/application/src/utils/modelSettings.ts">
        <metrics statements="25" coveredstatements="21" conditionals="29" coveredconditionals="25" methods="5" coveredmethods="5"/>
        <line num="4" count="26" type="stmt"/>
        <line num="10" count="26" type="stmt"/>
        <line num="11" count="22" type="stmt"/>
        <line num="12" count="61" type="stmt"/>
        <line num="28" count="26" type="stmt"/>
        <line num="118" count="26" type="stmt"/>
        <line num="122" count="41" type="cond" truecount="1" falsecount="1"/>
        <line num="123" count="0" type="stmt"/>
        <line num="126" count="41" type="cond" truecount="2" falsecount="0"/>
        <line num="128" count="41" type="cond" truecount="2" falsecount="0"/>
        <line num="132" count="4" type="stmt"/>
        <line num="138" count="37" type="cond" truecount="2" falsecount="0"/>
        <line num="139" count="4" type="stmt"/>
        <line num="145" count="33" type="cond" truecount="4" falsecount="0"/>
        <line num="146" count="1" type="stmt"/>
        <line num="149" count="32" type="cond" truecount="2" falsecount="0"/>
        <line num="150" count="32" type="stmt"/>
        <line num="158" count="26" type="stmt"/>
        <line num="164" count="2" type="stmt"/>
        <line num="166" count="2" type="stmt"/>
        <line num="167" count="40" type="cond" truecount="1" falsecount="1"/>
        <line num="172" count="0" type="stmt"/>
        <line num="173" count="0" type="cond" truecount="0" falsecount="2"/>
        <line num="174" count="0" type="stmt"/>
        <line num="179" count="2" type="stmt"/>
      </file>
      <file name="multimodalHelpers.ts" path="/Users/adamboyle/Assist/PocketPal-SuperAI/application/src/utils/multimodalHelpers.ts">
        <metrics statements="47" coveredstatements="33" conditionals="38" coveredconditionals="20" methods="18" coveredmethods="15"/>
        <line num="8" count="67" type="stmt"/>
        <line num="16" count="86" type="stmt"/>
        <line num="25" count="37" type="stmt"/>
        <line num="34" count="16" type="stmt"/>
        <line num="43" count="53" type="stmt"/>
        <line num="56" count="10" type="cond" truecount="2" falsecount="0"/>
        <line num="57" count="1" type="stmt"/>
        <line num="59" count="9" type="cond" truecount="2" falsecount="0"/>
        <line num="60" count="1" type="stmt"/>
        <line num="64" count="8" type="stmt"/>
        <line num="65" count="2" type="stmt"/>
        <line num="66" count="3" type="cond" truecount="1" falsecount="1"/>
        <line num="67" count="3" type="cond" truecount="1" falsecount="1"/>
        <line num="68" count="3" type="stmt"/>
        <line num="72" count="8" type="stmt"/>
        <line num="73" count="8" type="cond" truecount="2" falsecount="0"/>
        <line num="75" count="1" type="stmt"/>
        <line num="78" count="7" type="stmt"/>
        <line num="79" count="7" type="cond" truecount="1" falsecount="1"/>
        <line num="81" count="0" type="stmt"/>
        <line num="85" count="7" type="stmt"/>
        <line num="86" count="12" type="stmt"/>
        <line num="88" count="7" type="cond" truecount="2" falsecount="0"/>
        <line num="89" count="5" type="stmt"/>
        <line num="93" count="2" type="stmt"/>
        <line num="94" count="2" type="cond" truecount="1" falsecount="1"/>
        <line num="95" count="2" type="cond" truecount="1" falsecount="1"/>
        <line num="97" count="2" type="cond" truecount="2" falsecount="0"/>
        <line num="99" count="2" type="cond" truecount="2" falsecount="0"/>
        <line num="100" count="2" type="stmt"/>
        <line num="103" count="2" type="stmt"/>
        <line num="104" count="3" type="cond" truecount="1" falsecount="1"/>
        <line num="108" count="2" type="cond" truecount="2" falsecount="0"/>
        <line num="119" count="4" type="stmt"/>
        <line num="138" count="0" type="cond" truecount="0" falsecount="2"/>
        <line num="139" count="0" type="stmt"/>
        <line num="140" count="0" type="stmt"/>
        <line num="143" count="0" type="cond" truecount="0" falsecount="2"/>
        <line num="144" count="0" type="cond" truecount="0" falsecount="2"/>
        <line num="146" count="0" type="stmt"/>
        <line num="148" count="0" type="stmt"/>
        <line num="151" count="0" type="cond" truecount="0" falsecount="2"/>
        <line num="152" count="0" type="stmt"/>
        <line num="153" count="0" type="cond" truecount="0" falsecount="4"/>
        <line num="154" count="0" type="stmt"/>
        <line num="155" count="0" type="stmt"/>
        <line num="160" count="0" type="stmt"/>
      </file>
      <file name="navigationConstants.ts" path="/Users/adamboyle/Assist/PocketPal-SuperAI/application/src/utils/navigationConstants.ts">
        <metrics statements="1" coveredstatements="1" conditionals="0" coveredconditionals="0" methods="0" coveredmethods="0"/>
        <line num="2" count="26" type="stmt"/>
      </file>
      <file name="network.ts" path="/Users/adamboyle/Assist/PocketPal-SuperAI/application/src/utils/network.ts">
        <metrics statements="5" coveredstatements="1" conditionals="1" coveredconditionals="0" methods="1" coveredmethods="0"/>
        <line num="8" count="67" type="cond" truecount="0" falsecount="1"/>
        <line num="9" count="0" type="stmt"/>
        <line num="11" count="0" type="stmt"/>
        <line num="12" count="0" type="stmt"/>
        <line num="14" count="0" type="stmt"/>
      </file>
      <file name="theme.ts" path="/Users/adamboyle/Assist/PocketPal-SuperAI/application/src/utils/theme.ts">
        <metrics statements="19" coveredstatements="19" conditionals="40" coveredconditionals="40" methods="3" coveredmethods="3"/>
        <line num="11" count="56" type="stmt"/>
        <line num="18" count="56" type="stmt"/>
        <line num="19" count="112" type="cond" truecount="2" falsecount="0"/>
        <line num="21" count="112" type="cond" truecount="2" falsecount="0"/>
        <line num="22" count="56" type="stmt"/>
        <line num="61" count="56" type="stmt"/>
        <line num="100" count="56" type="stmt"/>
        <line num="103" count="112" type="stmt"/>
        <line num="182" count="56" type="stmt"/>
        <line num="192" count="56" type="stmt"/>
        <line num="196" count="56" type="stmt"/>
        <line num="220" count="56" type="stmt"/>
        <line num="235" count="56" type="stmt"/>
        <line num="236" count="112" type="cond" truecount="2" falsecount="0"/>
        <line num="237" count="112" type="stmt"/>
        <line num="238" count="112" type="stmt"/>
        <line num="240" count="112" type="stmt"/>
        <line num="348" count="56" type="stmt"/>
        <line num="349" count="56" type="stmt"/>
      </file>
    </package>
  </project>
</coverage>
