TN:
SF:src/api/benchmark.ts
FN:22,submitBenchmark
FNF:1
FNH:1
FNDA:9,submitBenchmark
DA:26,9
DA:28,9
DA:29,9
DA:30,1
DA:36,8
DA:37,8
DA:40,8
DA:41,8
DA:42,8
DA:43,7
DA:45,1
DA:47,1
DA:50,7
DA:51,1
DA:55,6
DA:60,6
DA:61,6
DA:68,1
DA:70,5
DA:71,5
DA:72,1
DA:77,4
DA:78,4
DA:79,2
DA:82,2
DA:83,1
DA:87,1
DA:92,0
DA:95,8
DA:97,8
DA:102,8
DA:105,0
LF:32
LH:30
BRDA:29,0,0,1
BRDA:29,0,1,8
BRDA:36,1,0,0
BRDA:36,1,1,8
BRDA:50,2,0,1
BRDA:50,2,1,6
BRDA:70,3,0,5
BRDA:70,3,1,0
BRDA:71,4,0,1
BRDA:71,4,1,4
BRDA:78,5,0,2
BRDA:78,5,1,2
BRDA:78,6,0,4
BRDA:78,6,1,3
BRDA:82,7,0,1
BRDA:82,7,1,1
BRDA:88,8,0,1
BRDA:88,8,1,0
BRDA:97,9,0,8
BRDA:97,9,1,0
BRDA:98,10,0,8
BRDA:98,10,1,6
BRDA:98,10,2,2
BRDA:106,11,0,0
BRDA:106,11,1,0
BRF:25
BRH:19
end_of_record
TN:
SF:src/api/feedback.ts
FN:28,submitFeedback
FNF:1
FNH:1
FNDA:11,submitFeedback
DA:31,11
DA:33,11
DA:34,11
DA:35,1
DA:41,10
DA:42,10
DA:45,10
DA:46,10
DA:47,10
DA:48,7
DA:50,3
DA:51,3
DA:54,7
DA:55,1
DA:58,6
DA:59,6
DA:75,1
DA:77,5
DA:78,5
DA:79,1
DA:84,4
DA:85,4
DA:86,2
DA:89,2
DA:90,1
DA:94,1
DA:99,0
DA:102,10
DA:104,10
DA:109,10
DA:112,0
LF:31
LH:29
BRDA:34,0,0,1
BRDA:34,0,1,10
BRDA:41,1,0,1
BRDA:41,1,1,9
BRDA:54,2,0,1
BRDA:54,2,1,6
BRDA:77,3,0,5
BRDA:77,3,1,0
BRDA:78,4,0,1
BRDA:78,4,1,4
BRDA:85,5,0,2
BRDA:85,5,1,2
BRDA:85,6,0,4
BRDA:85,6,1,3
BRDA:89,7,0,1
BRDA:89,7,1,1
BRDA:95,8,0,1
BRDA:95,8,1,0
BRDA:104,9,0,10
BRDA:104,9,1,0
BRDA:105,10,0,10
BRDA:105,10,1,8
BRDA:105,10,2,2
BRDA:113,11,0,0
BRDA:113,11,1,0
BRF:25
BRH:20
end_of_record
TN:
SF:src/api/hf.ts
FN:27,fetchModels
FN:97,(anonymous_1)
FN:129,(anonymous_2)
FNF:3
FNH:3
FNDA:3,fetchModels
FNDA:1,(anonymous_1)
FNDA:1,(anonymous_2)
DA:50,3
DA:51,3
DA:53,3
DA:54,0
DA:57,3
DA:71,2
DA:72,2
DA:74,2
DA:75,1
DA:76,1
DA:77,1
DA:81,2
DA:86,1
DA:87,1
DA:97,6
DA:101,1
DA:103,1
DA:104,1
DA:105,1
DA:106,0
DA:109,1
DA:111,1
DA:112,1
DA:115,0
DA:116,0
DA:118,1
DA:119,1
DA:129,6
DA:133,1
DA:135,1
DA:136,1
DA:137,1
DA:138,0
DA:141,1
DA:143,1
DA:144,0
DA:147,1
DA:148,1
DA:150,0
DA:151,0
LF:40
LH:32
BRDA:53,0,0,0
BRDA:53,0,1,3
BRDA:57,1,0,3
BRDA:57,1,1,3
BRDA:74,2,0,1
BRDA:74,2,1,1
BRDA:76,3,0,1
BRDA:76,3,1,0
BRDA:105,4,0,0
BRDA:105,4,1,1
BRDA:111,5,0,1
BRDA:111,5,1,0
BRDA:137,6,0,0
BRDA:137,6,1,1
BRDA:143,7,0,0
BRDA:143,7,1,1
BRF:16
BRH:10
end_of_record
TN:
SF:src/components/AttachmentButton/AttachmentButton.tsx
FN:23,(anonymous_0)
FN:30,(anonymous_1)
FNF:2
FNH:0
FNDA:0,(anonymous_0)
FNDA:0,(anonymous_1)
DA:23,26
DA:27,0
DA:28,0
DA:30,0
DA:31,0
DA:32,0
DA:35,0
DA:54,26
LF:8
LH:2
BRDA:44,0,0,0
BRDA:44,0,1,0
BRF:2
BRH:0
end_of_record
TN:
SF:src/components/Avatar/Avatar.tsx
FN:9,(anonymous_0)
FN:22,(anonymous_1)
FNF:2
FNH:2
FNDA:24,(anonymous_0)
FNDA:5,(anonymous_1)
DA:8,27
DA:22,24
DA:23,5
DA:27,5
DA:29,5
DA:30,1
DA:41,4
DA:48,24
DA:56,27
LF:9
LH:9
BRDA:29,0,0,1
BRDA:29,0,1,4
BRDA:48,1,0,6
BRDA:48,1,1,18
BRDA:48,2,0,24
BRDA:48,2,1,14
BRDA:50,3,0,5
BRDA:50,3,1,1
BRF:8
BRH:8
end_of_record
TN:
SF:src/components/BottomSheetSearchbar/BottomSheetSearchbar.tsx
FN:13,(anonymous_0)
FN:20,(anonymous_1)
FN:30,(anonymous_2)
FN:41,(anonymous_3)
FN:42,(anonymous_4)
FNF:5
FNH:5
FNDA:4,(anonymous_0)
FNDA:1,(anonymous_1)
FNDA:1,(anonymous_2)
FNDA:4,(anonymous_3)
FNDA:4,(anonymous_4)
DA:10,27
DA:15,4
DA:19,4
DA:21,1
DA:22,1
DA:23,1
DA:29,4
DA:31,1
DA:32,1
DA:33,1
DA:41,4
DA:42,4
DA:44,4
DA:49,4
DA:59,27
DA:60,27
LF:16
LH:16
BRDA:22,0,0,1
BRDA:22,0,1,0
BRDA:32,1,0,1
BRDA:32,1,1,0
BRF:4
BRH:2
end_of_record
TN:
SF:src/components/Bubble/Bubble.tsx
FN:22,(anonymous_0)
FN:55,(anonymous_1)
FNF:2
FNH:2
FNDA:25,(anonymous_0)
FNDA:1,(anonymous_1)
DA:17,27
DA:22,27
DA:34,25
DA:35,25
DA:36,25
DA:37,25
DA:38,25
DA:40,25
DA:48,25
DA:55,25
DA:56,1
DA:57,1
DA:58,1
DA:62,25
LF:14
LH:14
BRDA:27,0,0,4
BRDA:38,1,0,25
BRDA:38,1,1,22
BRDA:56,2,0,1
BRDA:56,2,1,0
BRDA:71,3,0,25
BRDA:71,3,1,3
BRDA:73,4,0,3
BRDA:73,4,1,2
BRDA:78,5,0,3
BRDA:78,5,1,3
BRF:11
BRH:10
end_of_record
TN:
SF:src/components/ChatEmptyPlaceholder/ChatEmptyPlaceholder.tsx
FN:19,(anonymous_0)
FN:28,(anonymous_1)
FN:34,(anonymous_2)
FNF:3
FNH:2
FNDA:20,(anonymous_0)
FNDA:20,(anonymous_1)
FNDA:0,(anonymous_2)
DA:18,25
DA:20,20
DA:21,20
DA:22,20
DA:23,20
DA:25,20
DA:26,20
DA:28,20
DA:29,20
DA:30,0
DA:35,0
DA:40,20
DA:49,20
DA:51,20
DA:52,0
DA:54,20
LF:16
LH:13
BRDA:29,0,0,0
BRDA:29,0,1,20
BRDA:51,1,0,0
BRDA:51,1,1,20
BRDA:72,2,0,16
BRDA:72,2,1,4
BRF:6
BRH:4
end_of_record
TN:
SF:src/components/ChatGenerationSettingsSheet/ChatGenerationSettingsSheet.tsx
FN:24,(anonymous_0)
FN:29,(anonymous_1)
FN:54,(anonymous_2)
FN:59,(anonymous_3)
FN:81,(anonymous_4)
FN:90,(anonymous_5)
FN:101,(anonymous_6)
FN:107,(anonymous_7)
FN:108,(anonymous_8)
FN:111,(anonymous_9)
FN:118,(anonymous_10)
FN:121,(anonymous_11)
FN:170,(anonymous_12)
FN:189,(anonymous_13)
FN:202,(anonymous_14)
FN:210,(anonymous_15)
FNF:16
FNH:13
FNDA:9,(anonymous_0)
FNDA:11,(anonymous_1)
FNDA:0,(anonymous_2)
FNDA:1,(anonymous_3)
FNDA:26,(anonymous_4)
FNDA:24,(anonymous_5)
FNDA:22,(anonymous_6)
FNDA:1,(anonymous_7)
FNDA:1,(anonymous_8)
FNDA:3,(anonymous_9)
FNDA:4,(anonymous_10)
FNDA:12,(anonymous_11)
FNDA:1,(anonymous_12)
FNDA:0,(anonymous_13)
FNDA:0,(anonymous_14)
FNDA:1,(anonymous_15)
DA:24,25
DA:25,9
DA:29,25
DA:36,11
DA:38,11
DA:40,2
DA:51,9
DA:54,0
DA:59,1
DA:81,25
DA:88,26
DA:89,26
DA:90,24
DA:93,26
DA:97,26
DA:99,26
DA:101,26
DA:102,22
DA:107,26
DA:108,1
DA:111,26
DA:112,3
DA:115,3
DA:118,26
DA:120,4
DA:122,12
DA:123,12
DA:126,4
DA:127,1
DA:128,3
DA:129,3
DA:132,0
DA:134,0
DA:137,4
DA:138,0
DA:141,4
DA:145,8
DA:147,12
DA:156,4
DA:159,4
DA:164,4
DA:165,1
DA:170,1
DA:174,1
DA:177,3
DA:178,2
DA:182,1
DA:186,3
DA:189,26
DA:190,0
DA:192,0
DA:193,0
DA:194,0
DA:202,26
DA:203,0
DA:205,0
DA:207,0
DA:210,26
DA:212,1
DA:213,1
DA:216,26
LF:61
LH:50
BRDA:38,0,0,2
BRDA:38,0,1,9
BRDA:94,1,0,26
BRDA:94,1,1,16
BRDA:103,2,0,22
BRDA:103,2,1,16
BRDA:113,3,0,3
BRDA:113,3,1,1
BRDA:123,4,0,4
BRDA:123,4,1,8
BRDA:126,5,0,1
BRDA:126,5,1,3
BRDA:128,6,0,3
BRDA:128,6,1,0
BRDA:137,7,0,0
BRDA:137,7,1,4
BRDA:164,8,0,1
BRDA:164,8,1,3
BRDA:177,9,0,2
BRDA:177,9,1,1
BRDA:190,10,0,0
BRDA:190,10,1,0
BRDA:203,11,0,0
BRDA:203,11,1,0
BRDA:219,12,0,24
BRDA:219,12,1,2
BRDA:240,13,0,26
BRDA:240,13,1,24
BRDA:249,14,0,24
BRDA:249,14,1,2
BRF:30
BRH:24
end_of_record
TN:
SF:src/components/ChatHeader/ChatHeader.tsx
FN:17,(anonymous_0)
FNF:1
FNH:1
FNDA:17,(anonymous_0)
DA:17,27
DA:18,17
DA:20,17
DA:21,17
DA:27,17
DA:28,17
DA:30,17
DA:32,17
DA:34,17
DA:38,17
LF:10
LH:10
BRDA:27,0,0,17
BRDA:27,0,1,17
BRDA:28,1,0,0
BRDA:28,1,1,17
BRDA:34,2,0,14
BRDA:34,2,1,3
BRF:6
BRH:5
end_of_record
TN:
SF:src/components/ChatHeaderTitle/ChatHeaderTitle.tsx
FN:10,(anonymous_0)
FN:14,(anonymous_1)
FNF:2
FNH:2
FNDA:19,(anonymous_0)
FNDA:18,(anonymous_1)
DA:10,27
DA:11,19
DA:12,19
DA:13,19
DA:14,18
DA:16,19
DA:18,19
LF:7
LH:7
BRDA:21,0,0,19
BRDA:21,0,1,1
BRDA:23,1,0,19
BRDA:23,1,1,3
BRF:4
BRH:4
end_of_record
TN:
SF:src/components/ChatInput/ChatInput.tsx
FN:84,(anonymous_0)
FN:112,(anonymous_1)
FN:140,(anonymous_2)
FN:160,(anonymous_3)
FN:168,(anonymous_4)
FN:177,(anonymous_5)
FN:193,(anonymous_6)
FN:200,(anonymous_7)
FN:241,(anonymous_8)
FN:255,(anonymous_9)
FN:256,(anonymous_10)
FN:277,(anonymous_11)
FN:283,(anonymous_12)
FN:349,(anonymous_13)
FN:363,(anonymous_14)
FN:435,(anonymous_15)
FN:442,(anonymous_16)
FN:550,(anonymous_17)
FNF:18
FNH:8
FNDA:86,(anonymous_0)
FNDA:0,(anonymous_1)
FNDA:38,(anonymous_2)
FNDA:38,(anonymous_3)
FNDA:12,(anonymous_4)
FNDA:12,(anonymous_5)
FNDA:4,(anonymous_6)
FNDA:0,(anonymous_7)
FNDA:0,(anonymous_8)
FNDA:0,(anonymous_9)
FNDA:0,(anonymous_10)
FNDA:0,(anonymous_11)
FNDA:1,(anonymous_12)
FNDA:6,(anonymous_13)
FNDA:0,(anonymous_14)
FNDA:0,(anonymous_15)
FNDA:0,(anonymous_16)
FNDA:0,(anonymous_17)
DA:83,26
DA:105,86
DA:106,86
DA:107,86
DA:108,86
DA:109,86
DA:110,86
DA:111,86
DA:112,86
DA:115,86
DA:117,86
DA:120,86
DA:122,86
DA:125,86
DA:127,86
DA:129,86
DA:130,86
DA:132,86
DA:136,86
DA:140,86
DA:141,38
DA:143,2
DA:149,2
DA:151,36
DA:156,36
DA:160,86
DA:161,38
DA:168,86
DA:169,12
DA:170,1
DA:172,11
DA:173,11
DA:177,86
DA:178,12
DA:179,12
DA:181,12
DA:186,12
DA:188,12
DA:193,86
DA:194,4
DA:200,86
DA:201,0
DA:202,0
DA:203,0
DA:204,0
DA:205,0
DA:209,0
DA:210,0
DA:216,0
DA:218,0
DA:223,0
DA:224,0
DA:225,0
DA:227,0
DA:229,0
DA:230,0
DA:236,0
DA:241,86
DA:242,0
DA:245,0
DA:247,0
DA:253,0
DA:254,0
DA:255,0
DA:256,0
DA:258,0
DA:259,0
DA:260,0
DA:263,0
DA:265,0
DA:266,0
DA:272,0
DA:277,86
DA:278,0
DA:279,0
DA:280,0
DA:283,86
DA:284,1
DA:285,1
DA:289,86
DA:294,86
DA:295,86
DA:297,86
DA:302,86
DA:305,86
DA:306,86
DA:308,86
DA:309,86
DA:313,86
DA:350,6
DA:363,0
DA:435,0
LF:92
LH:57
BRDA:85,0,0,43
BRDA:96,1,0,86
BRDA:100,2,0,27
BRDA:101,3,0,29
BRDA:120,4,0,86
BRDA:120,4,1,80
BRDA:125,5,0,86
BRDA:125,5,1,40
BRDA:127,6,0,86
BRDA:127,6,1,43
BRDA:136,7,0,1
BRDA:136,7,1,85
BRDA:136,8,0,86
BRDA:136,8,1,2
BRDA:138,9,0,85
BRDA:138,9,1,33
BRDA:141,10,0,2
BRDA:141,10,1,36
BRDA:162,11,0,0
BRDA:162,11,1,38
BRDA:169,12,0,1
BRDA:169,12,1,11
BRDA:169,13,0,12
BRDA:169,13,1,1
BRDA:179,14,0,12
BRDA:179,14,1,0
BRDA:184,15,0,1
BRDA:184,15,1,11
BRDA:202,16,0,0
BRDA:202,16,1,0
BRDA:204,17,0,0
BRDA:204,17,1,0
BRDA:223,18,0,0
BRDA:223,18,1,0
BRDA:223,19,0,0
BRDA:223,19,1,0
BRDA:223,19,2,0
BRDA:253,20,0,0
BRDA:253,20,1,0
BRDA:253,21,0,0
BRDA:253,21,1,0
BRDA:258,22,0,0
BRDA:258,22,1,0
BRDA:289,23,0,86
BRDA:289,23,1,86
BRDA:289,23,2,82
BRDA:289,23,3,82
BRDA:289,23,4,80
BRDA:289,23,5,55
BRDA:295,24,0,19
BRDA:295,24,1,67
BRDA:305,25,0,43
BRDA:305,25,1,43
BRDA:308,26,0,86
BRDA:308,26,1,86
BRDA:309,27,0,13
BRDA:309,27,1,73
BRDA:317,28,0,86
BRDA:317,28,1,2
BRDA:339,29,0,86
BRDA:339,29,1,3
BRDA:343,30,0,3
BRDA:343,30,1,0
BRDA:377,31,0,2
BRDA:377,31,1,84
BRDA:378,32,0,0
BRDA:378,32,1,2
BRDA:381,33,0,3
BRDA:381,33,1,81
BRDA:387,34,0,86
BRDA:387,34,1,2
BRDA:399,35,0,2
BRDA:399,35,1,84
BRDA:412,36,0,86
BRDA:412,36,1,2
BRDA:417,37,0,2
BRDA:417,37,1,84
BRDA:418,38,0,2
BRDA:418,38,1,2
BRDA:429,39,0,86
BRDA:429,39,1,42
BRDA:429,39,2,42
BRDA:429,39,3,39
BRDA:429,39,4,39
BRDA:442,40,0,13
BRDA:442,40,1,26
BRDA:450,41,0,39
BRDA:450,41,1,0
BRDA:455,42,0,39
BRDA:455,42,1,0
BRDA:469,43,0,0
BRDA:469,43,1,86
BRDA:473,44,0,86
BRDA:473,44,1,0
BRDA:489,45,0,86
BRDA:489,45,1,0
BRDA:489,45,2,0
BRDA:515,46,0,4
BRDA:515,46,1,82
BRDA:521,47,0,2
BRDA:521,47,1,80
BRDA:521,48,0,82
BRDA:521,48,1,2
BRDA:528,49,0,2
BRDA:528,49,1,2
BRDA:545,50,0,80
BRDA:545,50,1,40
BRDA:550,51,0,18
BRDA:550,51,1,22
BRF:109
BRH:84
end_of_record
TN:
SF:src/components/ChatPalModelPickerSheet/ChatPalModelPickerSheet.tsx
FN:33,(anonymous_0)
FN:39,(anonymous_1)
FN:61,(anonymous_2)
FN:71,(anonymous_3)
FN:89,(anonymous_4)
FN:105,(anonymous_5)
FN:113,(anonymous_6)
FN:121,(anonymous_7)
FN:125,(anonymous_8)
FN:134,(anonymous_9)
FN:147,(anonymous_10)
FN:155,(anonymous_11)
FN:171,(anonymous_12)
FN:185,(anonymous_13)
FN:194,(anonymous_14)
FN:215,(anonymous_15)
FN:218,(anonymous_16)
FN:224,(anonymous_17)
FN:242,(anonymous_18)
FN:258,(anonymous_19)
FN:264,(anonymous_20)
FN:298,(anonymous_21)
FN:312,(anonymous_22)
FN:326,(anonymous_23)
FN:352,(anonymous_24)
FN:360,(anonymous_25)
FNF:26
FNH:21
FNDA:8,(anonymous_0)
FNDA:0,(anonymous_1)
FNDA:0,(anonymous_2)
FNDA:54,(anonymous_3)
FNDA:22,(anonymous_4)
FNDA:22,(anonymous_5)
FNDA:3,(anonymous_6)
FNDA:108,(anonymous_7)
FNDA:3,(anonymous_8)
FNDA:1,(anonymous_9)
FNDA:2,(anonymous_10)
FNDA:2,(anonymous_11)
FNDA:0,(anonymous_12)
FNDA:54,(anonymous_13)
FNDA:0,(anonymous_14)
FNDA:108,(anonymous_15)
FNDA:11,(anonymous_16)
FNDA:1,(anonymous_17)
FNDA:22,(anonymous_18)
FNDA:22,(anonymous_19)
FNDA:2,(anonymous_20)
FNDA:108,(anonymous_21)
FNDA:0,(anonymous_22)
FNDA:22,(anonymous_23)
FNDA:108,(anonymous_24)
FNDA:103,(anonymous_25)
DA:33,27
DA:35,8
DA:39,8
DA:40,0
DA:41,0
DA:43,0
DA:44,0
DA:49,0
DA:54,8
DA:56,8
DA:62,0
DA:70,27
DA:80,54
DA:81,54
DA:82,54
DA:84,54
DA:85,54
DA:86,54
DA:88,54
DA:89,22
DA:105,54
DA:106,22
DA:107,7
DA:109,15
DA:113,54
DA:114,3
DA:115,3
DA:121,54
DA:122,108
DA:125,3
DA:133,54
DA:135,1
DA:136,1
DA:137,1
DA:138,1
DA:140,0
DA:146,54
DA:148,2
DA:149,2
DA:154,1
DA:155,2
DA:157,1
DA:158,1
DA:172,0
DA:179,2
DA:180,2
DA:185,54
DA:186,54
DA:187,54
DA:188,43
DA:190,11
DA:194,0
DA:214,54
DA:216,108
DA:217,108
DA:218,11
DA:220,108
DA:224,1
DA:241,54
DA:243,22
DA:245,11
DA:247,11
DA:249,0
DA:251,0
DA:257,54
DA:259,22
DA:260,22
DA:264,2
DA:297,54
DA:299,108
DA:311,54
DA:313,0
DA:314,0
DA:320,54
DA:326,54
DA:328,54
DA:352,108
DA:360,103
LF:78
LH:65
BRDA:35,0,0,8
BRDA:35,0,1,8
BRDA:35,0,2,0
BRDA:40,1,0,0
BRDA:40,1,1,0
BRDA:62,2,0,0
BRDA:62,2,1,0
BRDA:106,3,0,7
BRDA:106,3,1,15
BRDA:124,4,0,108
BRDA:124,4,1,54
BRDA:127,5,0,108
BRDA:127,5,1,54
BRDA:149,6,0,1
BRDA:149,6,1,1
BRDA:150,7,0,2
BRDA:150,7,1,2
BRDA:150,7,2,2
BRDA:157,8,0,1
BRDA:157,8,1,0
BRDA:187,9,0,43
BRDA:187,9,1,11
BRDA:223,10,0,108
BRDA:223,10,1,11
BRDA:229,11,0,108
BRDA:229,11,1,11
BRDA:233,12,0,108
BRDA:233,12,1,11
BRDA:243,13,0,11
BRDA:243,13,1,11
BRDA:243,13,2,0
BRDA:243,13,3,0
BRDA:263,14,0,22
BRDA:263,14,1,11
BRDA:269,15,0,22
BRDA:269,15,1,11
BRDA:276,16,0,22
BRDA:276,16,1,11
BRDA:302,17,0,54
BRDA:302,17,1,54
BRDA:313,18,0,0
BRDA:313,18,1,0
BRDA:336,19,0,10
BRDA:336,19,1,44
BRF:44
BRH:34
end_of_record
TN:
SF:src/components/ChatView/ChatView.tsx
FN:144,(anonymous_0)
FN:191,(anonymous_1)
FN:197,(anonymous_2)
FN:226,(anonymous_3)
FN:230,(anonymous_4)
FN:241,(anonymous_5)
FN:247,(anonymous_6)
FN:255,(anonymous_7)
FN:265,(anonymous_8)
FN:289,(anonymous_9)
FN:309,(anonymous_10)
FN:343,(anonymous_11)
FN:346,(anonymous_12)
FN:361,(anonymous_13)
FN:379,(anonymous_14)
FN:389,(anonymous_15)
FN:404,(anonymous_16)
FN:409,(anonymous_17)
FN:421,(anonymous_18)
FN:425,(anonymous_19)
FN:433,(anonymous_20)
FN:437,(anonymous_21)
FN:443,(anonymous_22)
FN:445,(anonymous_23)
FN:448,(anonymous_24)
FN:459,(anonymous_25)
FN:463,(anonymous_26)
FN:482,(anonymous_27)
FN:491,(anonymous_28)
FN:522,(anonymous_29)
FN:580,(anonymous_30)
FN:593,(anonymous_31)
FN:599,(anonymous_32)
FN:618,(anonymous_33)
FN:623,(anonymous_34)
FN:704,(anonymous_35)
FN:709,(anonymous_36)
FN:753,(anonymous_37)
FN:774,(anonymous_38)
FNF:39
FNH:18
FNDA:43,(anonymous_0)
FNDA:0,(anonymous_1)
FNDA:14,(anonymous_2)
FNDA:14,(anonymous_3)
FNDA:0,(anonymous_4)
FNDA:0,(anonymous_5)
FNDA:0,(anonymous_6)
FNDA:4,(anonymous_7)
FNDA:14,(anonymous_8)
FNDA:43,(anonymous_9)
FNDA:18,(anonymous_10)
FNDA:2,(anonymous_11)
FNDA:2,(anonymous_12)
FNDA:3,(anonymous_13)
FNDA:81,(anonymous_14)
FNDA:1,(anonymous_15)
FNDA:0,(anonymous_16)
FNDA:20,(anonymous_17)
FNDA:0,(anonymous_18)
FNDA:0,(anonymous_19)
FNDA:0,(anonymous_20)
FNDA:0,(anonymous_21)
FNDA:0,(anonymous_22)
FNDA:0,(anonymous_23)
FNDA:0,(anonymous_24)
FNDA:0,(anonymous_25)
FNDA:0,(anonymous_26)
FNDA:0,(anonymous_27)
FNDA:0,(anonymous_28)
FNDA:74,(anonymous_29)
FNDA:25,(anonymous_30)
FNDA:0,(anonymous_31)
FNDA:43,(anonymous_32)
FNDA:43,(anonymous_33)
FNDA:43,(anonymous_34)
FNDA:0,(anonymous_35)
FNDA:0,(anonymous_36)
FNDA:0,(anonymous_37)
FNDA:0,(anonymous_38)
DA:84,26
DA:143,26
DA:178,43
DA:179,43
DA:181,43
DA:182,43
DA:183,43
DA:185,43
DA:186,43
DA:187,43
DA:188,43
DA:189,43
DA:190,43
DA:191,43
DA:193,43
DA:195,43
DA:197,43
DA:198,14
DA:199,14
DA:202,43
DA:210,43
DA:211,43
DA:219,43
DA:220,43
DA:221,43
DA:222,43
DA:224,43
DA:226,43
DA:227,14
DA:228,0
DA:229,0
DA:230,0
DA:233,0
DA:235,0
DA:241,43
DA:242,0
DA:243,0
DA:244,0
DA:247,43
DA:248,0
DA:254,43
DA:256,4
DA:257,0
DA:259,4
DA:260,4
DA:265,43
DA:266,14
DA:267,14
DA:268,14
DA:272,43
DA:280,43
DA:287,43
DA:289,43
DA:290,43
DA:295,5
DA:309,43
DA:319,43
DA:342,43
DA:344,2
DA:346,2
DA:349,2
DA:350,2
DA:360,43
DA:362,3
DA:363,2
DA:365,3
DA:378,43
DA:379,81
DA:383,43
DA:384,43
DA:386,43
DA:388,43
DA:390,1
DA:391,1
DA:392,1
DA:395,0
DA:396,0
DA:397,0
DA:398,0
DA:399,0
DA:404,43
DA:405,0
DA:406,0
DA:409,43
DA:410,20
DA:411,20
DA:414,0
DA:415,0
DA:416,0
DA:418,0
DA:422,0
DA:423,0
DA:425,0
DA:430,0
DA:431,0
DA:434,0
DA:435,0
DA:437,0
DA:441,0
DA:443,0
DA:445,0
DA:449,0
DA:450,0
DA:456,0
DA:457,0
DA:460,0
DA:461,0
DA:463,0
DA:468,0
DA:481,43
DA:483,0
DA:484,0
DA:492,0
DA:507,0
DA:521,43
DA:524,74
DA:531,74
DA:533,74
DA:534,74
DA:535,74
DA:537,74
DA:580,43
DA:582,25
DA:583,0
DA:590,25
DA:593,0
DA:598,43
DA:602,43
DA:617,43
DA:618,43
DA:622,43
DA:624,43
DA:699,43
DA:702,43
DA:704,43
DA:705,0
DA:706,0
DA:709,43
DA:710,0
DA:711,0
DA:714,43
DA:721,43
DA:753,0
DA:774,0
LF:144
LH:92
BRDA:154,0,0,16
BRDA:155,1,0,16
BRDA:168,2,0,16
BRDA:169,3,0,36
BRDA:170,4,0,43
BRDA:171,5,0,16
BRDA:172,6,0,16
BRDA:175,7,0,43
BRDA:227,8,0,0
BRDA:227,8,1,14
BRDA:228,9,0,0
BRDA:228,9,1,0
BRDA:228,10,0,0
BRDA:228,10,1,0
BRDA:233,11,0,0
BRDA:233,11,1,0
BRDA:256,12,0,0
BRDA:256,12,1,4
BRDA:290,13,0,5
BRDA:290,13,1,38
BRDA:291,14,0,43
BRDA:291,14,1,43
BRDA:291,14,2,7
BRDA:346,15,0,2
BRDA:346,15,1,2
BRDA:362,16,0,2
BRDA:362,16,1,1
BRDA:362,17,0,3
BRDA:362,17,1,2
BRDA:390,18,0,1
BRDA:390,18,1,0
BRDA:410,19,0,20
BRDA:410,19,1,0
BRDA:410,20,0,20
BRDA:410,20,1,0
BRDA:416,21,0,0
BRDA:416,21,1,0
BRDA:430,22,0,0
BRDA:430,22,1,0
BRDA:456,23,0,0
BRDA:456,23,1,0
BRDA:483,24,0,0
BRDA:483,24,1,0
BRDA:524,25,0,7
BRDA:524,25,1,67
BRDA:524,26,0,74
BRDA:524,26,1,11
BRDA:524,26,2,11
BRDA:531,27,0,74
BRDA:531,27,1,60
BRDA:533,28,0,74
BRDA:533,28,1,60
BRDA:534,29,0,74
BRDA:534,29,1,60
BRDA:535,30,0,74
BRDA:535,30,1,60
BRDA:582,31,0,0
BRDA:582,31,1,25
BRDA:618,32,0,3
BRDA:618,32,1,40
BRDA:632,33,0,21
BRDA:632,33,1,22
BRDA:655,34,0,0
BRDA:655,34,1,43
BRDA:658,35,0,43
BRDA:658,35,1,0
BRDA:714,36,0,0
BRDA:714,36,1,43
BRDA:716,37,0,43
BRDA:716,37,1,0
BRDA:764,38,0,43
BRDA:764,38,1,43
BRF:72
BRH:48
end_of_record
TN:
SF:src/components/Checkbox/Checkbox.tsx
FN:19,(anonymous_0)
FNF:1
FNH:1
FNDA:162,(anonymous_0)
DA:19,27
DA:27,162
DA:28,162
DA:30,162
LF:4
LH:4
BRDA:23,0,0,162
BRDA:24,1,0,31
BRDA:35,2,0,162
BRDA:35,2,1,134
BRDA:40,3,0,22
BRDA:40,3,1,140
BRDA:42,4,0,162
BRDA:42,4,1,22
BRF:8
BRH:8
end_of_record
TN:
SF:src/components/CircularActivityIndicator/CircularActivityIndicator.tsx
FN:12,(anonymous_0)
FN:20,(anonymous_1)
FNF:2
FNH:2
FNDA:2,(anonymous_0)
FNDA:2,(anonymous_1)
DA:12,27
DA:17,2
DA:18,2
DA:20,2
DA:21,2
DA:32,2
LF:6
LH:6
BRDA:14,0,0,0
BRF:1
BRH:0
end_of_record
TN:
SF:src/components/CodeBlockHeader/CodeBlockHeader.tsx
FN:23,(anonymous_0)
FN:30,(anonymous_1)
FNF:2
FNH:0
FNDA:0,(anonymous_0)
FNDA:0,(anonymous_1)
DA:18,28
DA:23,28
DA:27,0
DA:28,0
DA:30,0
DA:31,0
DA:32,0
DA:35,0
LF:8
LH:2
BRF:0
BRH:0
end_of_record
TN:
SF:src/components/CompletionSettings/CompletionSettings.tsx
FN:25,(anonymous_0)
FN:32,(anonymous_1)
FN:36,(anonymous_2)
FN:40,(anonymous_3)
FN:52,(anonymous_4)
FN:53,(anonymous_5)
FN:55,(anonymous_6)
FN:71,(anonymous_7)
FN:90,(anonymous_8)
FN:100,(anonymous_9)
FN:112,(anonymous_10)
FN:121,(anonymous_11)
FN:130,(anonymous_12)
FNF:13
FNH:12
FNDA:9,(anonymous_0)
FNDA:4,(anonymous_1)
FNDA:1,(anonymous_2)
FNDA:103,(anonymous_3)
FNDA:1,(anonymous_4)
FNDA:1,(anonymous_5)
FNDA:1,(anonymous_6)
FNDA:18,(anonymous_7)
FNDA:1,(anonymous_8)
FNDA:9,(anonymous_9)
FNDA:0,(anonymous_10)
FNDA:9,(anonymous_11)
FNDA:1,(anonymous_12)
DA:25,25
DA:26,9
DA:27,9
DA:28,9
DA:29,9
DA:32,9
DA:33,4
DA:36,9
DA:37,1
DA:40,9
DA:41,103
DA:53,1
DA:56,1
DA:71,9
DA:72,18
DA:73,18
DA:74,0
DA:77,18
DA:78,18
DA:80,18
DA:90,1
DA:100,9
DA:102,9
DA:104,9
DA:112,0
DA:121,9
DA:122,9
DA:124,9
DA:130,1
DA:152,9
LF:30
LH:28
BRDA:40,0,0,83
BRDA:51,1,0,103
BRDA:51,1,1,102
BRDA:64,2,0,20
BRDA:64,2,1,83
BRDA:65,3,0,20
BRDA:65,3,1,20
BRDA:66,4,0,83
BRDA:66,4,1,82
BRDA:73,5,0,0
BRDA:73,5,1,18
BRDA:77,6,0,18
BRDA:77,6,1,0
BRDA:127,7,0,9
BRDA:127,7,1,9
BRDA:129,8,0,9
BRDA:129,8,1,0
BRDA:168,9,0,9
BRDA:168,9,1,2
BRDA:168,10,0,9
BRDA:168,10,1,0
BRF:21
BRH:17
end_of_record
TN:
SF:src/components/DatabaseMigration/AppWithMigration.tsx
FN:9,(anonymous_0)
FN:12,(anonymous_1)
FN:13,(anonymous_2)
FN:16,(anonymous_3)
FNF:4
FNH:4
FNDA:1,(anonymous_0)
FNDA:1,(anonymous_1)
FNDA:1,(anonymous_2)
FNDA:1,(anonymous_3)
DA:9,26
DA:12,1
DA:13,1
DA:14,1
DA:16,1
DA:19,0
DA:21,0
DA:25,1
DA:28,1
DA:36,26
LF:10
LH:8
BRF:0
BRH:0
end_of_record
TN:
SF:src/components/DatabaseMigration/DatabaseMigration.tsx
FN:7,(anonymous_0)
FNF:1
FNH:1
FNDA:1,(anonymous_0)
DA:7,26
DA:8,1
DA:10,1
DA:11,1
DA:14,0
DA:28,26
LF:6
LH:5
BRDA:10,0,0,1
BRDA:10,0,1,0
BRF:2
BRH:1
end_of_record
TN:
SF:src/components/Dialog/Dialog.tsx
FN:43,(anonymous_0)
FN:113,(anonymous_1)
FNF:2
FNH:2
FNDA:344,(anonymous_0)
FNDA:585,(anonymous_1)
DA:43,28
DA:59,344
DA:60,344
DA:62,344
DA:97,344
DA:114,585
LF:6
LH:6
BRDA:49,0,0,0
BRDA:53,1,0,171
BRDA:54,2,0,344
BRDA:55,3,0,344
BRDA:56,4,0,344
BRDA:57,5,0,344
BRDA:62,6,0,173
BRDA:62,6,1,171
BRDA:64,7,0,0
BRDA:64,7,1,173
BRDA:88,8,0,0
BRDA:88,8,1,171
BRDA:111,9,0,344
BRDA:111,9,1,324
BRDA:117,10,0,585
BRDA:117,10,1,491
BRF:16
BRH:13
end_of_record
TN:
SF:src/components/Divider/Divider.tsx
FN:9,(anonymous_0)
FNF:1
FNH:1
FNDA:593,(anonymous_0)
DA:9,26
DA:10,593
DA:11,593
DA:13,593
LF:4
LH:4
BRF:0
BRH:0
end_of_record
TN:
SF:src/components/DownloadErrorDialog/DownloadErrorDialog.tsx
FN:14,(anonymous_0)
FN:27,(anonymous_1)
FN:52,(anonymous_2)
FN:76,(anonymous_3)
FN:97,(anonymous_4)
FN:120,(anonymous_5)
FN:139,(anonymous_6)
FN:146,(anonymous_7)
FN:152,(anonymous_8)
FN:166,(anonymous_9)
FN:219,(anonymous_10)
FNF:11
FNH:10
FNDA:7,(anonymous_0)
FNDA:24,(anonymous_1)
FNDA:24,(anonymous_2)
FNDA:24,(anonymous_3)
FNDA:24,(anonymous_4)
FNDA:24,(anonymous_5)
FNDA:1,(anonymous_6)
FNDA:24,(anonymous_7)
FNDA:1,(anonymous_8)
FNDA:0,(anonymous_9)
FNDA:7,(anonymous_10)
DA:14,27
DA:15,7
DA:27,27
DA:35,24
DA:36,24
DA:37,24
DA:41,24
DA:46,24
DA:50,24
DA:52,24
DA:57,24
DA:58,20
DA:61,4
DA:62,2
DA:63,2
DA:65,0
DA:66,2
DA:67,1
DA:68,1
DA:69,0
DA:71,1
DA:74,24
DA:76,24
DA:77,24
DA:78,1
DA:81,23
DA:82,0
DA:85,23
DA:87,0
DA:89,1
DA:91,1
DA:93,21
DA:97,24
DA:98,24
DA:99,1
DA:102,23
DA:103,0
DA:106,23
DA:108,0
DA:110,1
DA:112,1
DA:114,21
DA:120,24
DA:121,24
DA:122,1
DA:125,23
DA:126,0
DA:129,23
DA:131,1
DA:133,1
DA:135,21
DA:139,24
DA:140,1
DA:141,1
DA:142,1
DA:146,24
DA:147,24
DA:149,24
DA:150,3
DA:153,1
DA:159,24
DA:164,1
DA:167,0
DA:173,24
DA:174,1
DA:179,23
DA:183,2
DA:190,24
DA:191,3
DA:198,24
DA:201,24
DA:202,24
DA:203,24
DA:205,24
DA:220,7
LF:75
LH:67
BRDA:41,0,0,24
BRDA:41,0,1,2
BRDA:41,0,2,1
BRDA:46,1,0,24
BRDA:46,1,1,2
BRDA:46,1,2,1
BRDA:57,2,0,20
BRDA:57,2,1,4
BRDA:61,3,0,2
BRDA:61,3,1,2
BRDA:62,4,0,2
BRDA:62,4,1,0
BRDA:66,5,0,1
BRDA:66,5,1,1
BRDA:68,6,0,0
BRDA:68,6,1,1
BRDA:77,7,0,1
BRDA:77,7,1,23
BRDA:81,8,0,0
BRDA:81,8,1,23
BRDA:85,9,0,0
BRDA:85,9,1,1
BRDA:85,9,2,1
BRDA:85,9,3,21
BRDA:98,10,0,1
BRDA:98,10,1,23
BRDA:102,11,0,0
BRDA:102,11,1,23
BRDA:106,12,0,0
BRDA:106,12,1,1
BRDA:106,12,2,1
BRDA:106,12,3,21
BRDA:114,13,0,20
BRDA:114,13,1,1
BRDA:121,14,0,1
BRDA:121,14,1,23
BRDA:125,15,0,0
BRDA:125,15,1,23
BRDA:129,16,0,1
BRDA:129,16,1,1
BRDA:129,16,2,21
BRDA:141,17,0,1
BRDA:141,17,1,0
BRDA:149,18,0,3
BRDA:149,18,1,21
BRDA:149,19,0,24
BRDA:149,19,1,4
BRDA:149,19,2,3
BRDA:159,20,0,1
BRDA:159,20,1,23
BRDA:160,21,0,24
BRDA:160,21,1,23
BRDA:160,21,2,23
BRDA:173,22,0,1
BRDA:173,22,1,23
BRDA:179,23,0,2
BRDA:179,23,1,21
BRDA:180,24,0,23
BRDA:180,24,1,2
BRDA:190,25,0,3
BRDA:190,25,1,21
BRDA:190,26,0,24
BRDA:190,26,1,23
BRDA:215,27,0,24
BRDA:215,27,1,23
BRDA:217,28,0,24
BRDA:217,28,1,2
BRDA:232,29,0,24
BRDA:232,29,1,21
BRDA:232,29,2,1
BRF:70
BRH:62
end_of_record
TN:
SF:src/components/EmbeddedVideoView/EmbeddedVideoView.tsx
FN:38,(anonymous_0)
FN:60,(anonymous_1)
FN:62,(anonymous_2)
FN:99,(anonymous_3)
FN:106,(anonymous_4)
FN:109,(anonymous_5)
FN:148,(anonymous_6)
FN:153,(anonymous_7)
FN:158,(anonymous_8)
FN:159,(anonymous_9)
FN:162,(anonymous_10)
FN:167,(anonymous_11)
FNF:12
FNH:11
FNDA:14,(anonymous_0)
FNDA:13,(anonymous_1)
FNDA:3,(anonymous_2)
FNDA:24,(anonymous_3)
FNDA:10,(anonymous_4)
FNDA:0,(anonymous_5)
FNDA:14,(anonymous_6)
FNDA:14,(anonymous_7)
FNDA:1,(anonymous_8)
FNDA:1,(anonymous_9)
FNDA:2,(anonymous_10)
FNDA:2,(anonymous_11)
DA:37,27
DA:45,14
DA:46,14
DA:47,14
DA:48,14
DA:50,14
DA:51,14
DA:52,14
DA:53,14
DA:54,14
DA:57,14
DA:60,14
DA:61,13
DA:62,3
DA:63,3
DA:64,3
DA:65,3
DA:66,2
DA:67,2
DA:69,1
DA:81,1
DA:82,1
DA:95,3
DA:99,14
DA:100,24
DA:101,10
DA:102,10
DA:106,14
DA:107,10
DA:109,10
DA:110,0
DA:111,0
DA:112,0
DA:113,0
DA:119,0
DA:120,0
DA:123,0
DA:124,0
DA:126,0
DA:134,0
DA:136,0
DA:139,0
DA:141,0
DA:148,14
DA:149,14
DA:150,10
DA:153,14
DA:154,14
DA:158,14
DA:159,1
DA:162,14
DA:163,2
DA:164,2
DA:167,14
DA:168,2
DA:169,2
DA:172,14
DA:173,3
DA:183,11
DA:184,1
DA:200,10
LF:61
LH:48
BRDA:57,0,0,14
BRDA:57,0,1,14
BRDA:61,1,0,3
BRDA:61,1,1,10
BRDA:67,2,0,1
BRDA:67,2,1,1
BRDA:100,3,0,10
BRDA:100,3,1,14
BRDA:110,4,0,0
BRDA:110,4,1,0
BRDA:110,5,0,0
BRDA:110,5,1,0
BRDA:119,6,0,0
BRDA:119,6,1,0
BRDA:149,7,0,10
BRDA:149,7,1,4
BRDA:149,8,0,14
BRDA:149,8,1,11
BRDA:159,9,0,1
BRDA:159,9,1,0
BRDA:172,10,0,3
BRDA:172,10,1,11
BRDA:183,11,0,1
BRDA:183,11,1,10
BRDA:187,12,0,1
BRDA:187,12,1,0
BRDA:191,13,0,1
BRDA:191,13,1,1
BRDA:211,14,0,1
BRDA:211,14,1,9
BRF:30
BRH:22
end_of_record
TN:
SF:src/components/ErrorSnackbar/ErrorSnackbar.tsx
FN:17,(anonymous_0)
FN:32,(anonymous_1)
FN:61,(anonymous_2)
FN:94,(anonymous_3)
FN:109,(anonymous_4)
FNF:5
FNH:5
FNDA:6,(anonymous_0)
FNDA:10,(anonymous_1)
FNDA:5,(anonymous_2)
FNDA:5,(anonymous_3)
FNDA:5,(anonymous_4)
DA:17,27
DA:23,6
DA:25,6
DA:26,1
DA:29,5
DA:32,5
DA:34,10
DA:35,2
DA:37,2
DA:39,0
DA:41,0
DA:46,8
DA:48,2
DA:50,2
DA:52,2
DA:54,0
DA:56,2
DA:61,5
DA:63,5
DA:67,1
DA:69,1
DA:77,4
DA:78,2
DA:86,2
DA:94,5
DA:95,5
DA:96,0
DA:98,5
DA:103,2
DA:105,3
DA:109,5
DA:110,5
DA:111,0
DA:113,5
DA:116,5
LF:35
LH:30
BRDA:25,0,0,1
BRDA:25,0,1,5
BRDA:34,1,0,2
BRDA:34,1,1,8
BRDA:34,2,0,10
BRDA:34,2,1,8
BRDA:35,3,0,2
BRDA:35,3,1,0
BRDA:35,3,2,0
BRDA:46,4,0,2
BRDA:46,4,1,2
BRDA:46,4,2,2
BRDA:46,4,3,0
BRDA:46,4,4,2
BRDA:63,5,0,1
BRDA:63,5,1,4
BRDA:64,6,0,5
BRDA:64,6,1,4
BRDA:64,6,2,1
BRDA:67,7,0,1
BRDA:67,7,1,0
BRDA:77,8,0,2
BRDA:77,8,1,2
BRDA:77,9,0,4
BRDA:77,9,1,4
BRDA:95,10,0,0
BRDA:95,10,1,5
BRDA:98,11,0,2
BRDA:98,11,1,3
BRDA:99,12,0,5
BRDA:99,12,1,4
BRDA:99,12,2,4
BRDA:110,13,0,0
BRDA:110,13,1,5
BRF:34
BRH:28
end_of_record
TN:
SF:src/components/FileMessage/FileMessage.tsx
FN:15,(anonymous_0)
FNF:1
FNH:1
FNDA:9,(anonymous_0)
DA:15,26
DA:16,9
DA:17,9
DA:18,9
DA:19,9
DA:25,9
LF:6
LH:6
BRDA:32,0,0,9
BRDA:32,0,1,9
BRF:2
BRH:2
end_of_record
TN:
SF:src/components/HFTokenSheet/HFTokenSheet.tsx
FN:26,(anonymous_0)
FN:40,(anonymous_1)
FN:46,(anonymous_2)
FN:75,(anonymous_3)
FN:101,(anonymous_4)
FN:105,(anonymous_5)
FN:126,(anonymous_6)
FN:155,(anonymous_7)
FN:195,(anonymous_8)
FN:202,(anonymous_9)
FN:207,(anonymous_10)
FNF:11
FNH:8
FNDA:29,(anonymous_0)
FNDA:14,(anonymous_1)
FNDA:1,(anonymous_2)
FNDA:1,(anonymous_3)
FNDA:1,(anonymous_4)
FNDA:1,(anonymous_5)
FNDA:116,(anonymous_6)
FNDA:16,(anonymous_7)
FNDA:0,(anonymous_8)
FNDA:0,(anonymous_9)
FNDA:0,(anonymous_10)
DA:25,26
DA:27,29
DA:28,29
DA:29,29
DA:31,29
DA:32,29
DA:33,29
DA:34,29
DA:35,29
DA:36,29
DA:37,29
DA:40,29
DA:41,14
DA:42,5
DA:46,29
DA:47,1
DA:48,0
DA:51,1
DA:53,1
DA:54,1
DA:56,1
DA:57,1
DA:58,1
DA:61,1
DA:62,1
DA:65,0
DA:68,0
DA:69,0
DA:71,1
DA:75,29
DA:76,1
DA:78,1
DA:79,1
DA:81,1
DA:82,1
DA:83,1
DA:84,1
DA:87,1
DA:88,1
DA:91,0
DA:94,0
DA:95,0
DA:97,1
DA:101,29
DA:102,1
DA:105,29
DA:106,1
DA:109,29
DA:127,116
DA:156,16
DA:195,0
DA:202,0
DA:207,0
LF:53
LH:43
BRDA:31,0,0,29
BRDA:31,0,1,13
BRDA:41,1,0,5
BRDA:41,1,1,9
BRDA:47,2,0,0
BRDA:47,2,1,1
BRDA:56,3,0,1
BRDA:56,3,1,0
BRDA:61,4,0,1
BRDA:61,4,1,0
BRDA:81,5,0,1
BRDA:81,5,1,0
BRDA:87,6,0,1
BRDA:87,6,1,0
BRDA:156,7,0,15
BRDA:156,7,1,1
BRDA:169,8,0,29
BRDA:169,8,1,16
BRDA:175,9,0,16
BRDA:175,9,1,13
BRDA:185,10,0,29
BRDA:185,10,1,26
BRDA:185,10,2,22
BRF:23
BRH:18
end_of_record
TN:
SF:src/components/HeaderLeft/HeaderLeft.tsx
FN:10,(anonymous_0)
FN:17,(anonymous_1)
FNF:2
FNH:1
FNDA:14,(anonymous_0)
FNDA:0,(anonymous_1)
DA:10,26
DA:11,14
DA:12,14
DA:14,14
DA:17,0
LF:5
LH:4
BRF:0
BRH:0
end_of_record
TN:
SF:src/components/HeaderRight/HeaderRight.tsx
FN:35,(anonymous_0)
FN:42,(anonymous_1)
FN:48,(anonymous_2)
FN:54,(anonymous_3)
FN:57,(anonymous_4)
FN:62,(anonymous_5)
FN:67,(anonymous_6)
FN:80,(anonymous_7)
FN:92,(anonymous_8)
FN:99,(anonymous_9)
FN:104,(anonymous_10)
FN:116,(anonymous_11)
FN:126,(anonymous_12)
FN:148,(anonymous_13)
FN:151,(anonymous_14)
FN:161,(anonymous_15)
FN:170,(anonymous_16)
FN:174,(anonymous_17)
FN:177,(anonymous_18)
FN:184,(anonymous_19)
FN:192,(anonymous_20)
FN:199,(anonymous_21)
FN:205,(anonymous_22)
FN:237,(anonymous_23)
FN:242,(anonymous_24)
FN:247,(anonymous_25)
FNF:26
FNH:18
FNDA:30,(anonymous_0)
FNDA:5,(anonymous_1)
FNDA:4,(anonymous_2)
FNDA:25,(anonymous_3)
FNDA:0,(anonymous_4)
FNDA:1,(anonymous_5)
FNDA:1,(anonymous_6)
FNDA:1,(anonymous_7)
FNDA:1,(anonymous_8)
FNDA:0,(anonymous_9)
FNDA:0,(anonymous_10)
FNDA:0,(anonymous_11)
FNDA:0,(anonymous_12)
FNDA:30,(anonymous_13)
FNDA:1,(anonymous_14)
FNDA:30,(anonymous_15)
FNDA:8,(anonymous_16)
FNDA:38,(anonymous_17)
FNDA:0,(anonymous_18)
FNDA:8,(anonymous_19)
FNDA:7,(anonymous_20)
FNDA:7,(anonymous_21)
FNDA:7,(anonymous_22)
FNDA:8,(anonymous_23)
FNDA:0,(anonymous_24)
FNDA:0,(anonymous_25)
DA:35,26
DA:36,30
DA:37,30
DA:38,30
DA:40,30
DA:42,30
DA:43,5
DA:44,0
DA:46,5
DA:48,30
DA:49,30
DA:51,30
DA:52,30
DA:53,30
DA:54,25
DA:57,30
DA:58,0
DA:59,0
DA:62,30
DA:63,1
DA:64,1
DA:67,30
DA:68,1
DA:69,1
DA:81,1
DA:82,1
DA:83,1
DA:89,1
DA:92,30
DA:93,1
DA:94,1
DA:95,1
DA:99,30
DA:100,0
DA:101,0
DA:104,30
DA:105,0
DA:106,0
DA:107,0
DA:109,0
DA:110,0
DA:113,0
DA:116,30
DA:117,0
DA:118,0
DA:120,0
DA:121,0
DA:123,0
DA:126,30
DA:127,0
DA:128,0
DA:129,0
DA:130,0
DA:135,0
DA:138,0
DA:139,0
DA:141,0
DA:144,30
DA:148,30
DA:152,1
DA:161,30
DA:170,8
DA:175,38
DA:177,0
DA:184,8
DA:193,7
DA:199,7
DA:205,7
DA:237,8
DA:242,0
DA:247,0
LF:71
LH:44
BRDA:43,0,0,0
BRDA:43,0,1,5
BRDA:68,1,0,1
BRDA:68,1,1,0
BRDA:93,2,0,1
BRDA:93,2,1,0
BRDA:105,3,0,0
BRDA:105,3,1,0
BRDA:129,4,0,0
BRDA:129,4,1,0
BRDA:146,5,0,30
BRDA:146,5,1,15
BRDA:186,6,0,30
BRDA:186,6,1,25
BRDA:244,7,0,30
BRDA:244,7,1,25
BRF:16
BRH:9
end_of_record
TN:
SF:src/components/ImageMessage/ImageMessage.tsx
FN:21,(anonymous_0)
FN:48,(anonymous_1)
FN:52,(anonymous_2)
FN:53,(anonymous_3)
FN:58,(anonymous_4)
FNF:5
FNH:5
FNDA:18,(anonymous_0)
FNDA:6,(anonymous_1)
FNDA:2,(anonymous_2)
FNDA:1,(anonymous_3)
FNDA:18,(anonymous_4)
DA:21,27
DA:22,18
DA:23,18
DA:24,18
DA:25,18
DA:26,18
DA:30,18
DA:31,18
DA:40,18
DA:48,18
DA:49,6
DA:50,1
DA:52,2
DA:53,1
DA:58,18
DA:59,18
DA:76,18
LF:17
LH:17
BRDA:24,0,0,18
BRDA:24,0,1,4
BRDA:25,1,0,18
BRDA:25,1,1,4
BRDA:30,2,0,18
BRDA:30,2,1,2
BRDA:31,3,0,18
BRDA:31,3,1,15
BRDA:49,4,0,1
BRDA:49,4,1,5
BRDA:49,5,0,6
BRDA:49,5,1,5
BRDA:63,6,0,3
BRDA:63,6,1,15
BRDA:66,7,0,3
BRDA:66,7,1,15
BRDA:68,8,0,1
BRDA:68,8,1,14
BRDA:76,9,0,3
BRDA:76,9,1,15
BRF:20
BRH:20
end_of_record
TN:
SF:src/components/KeyboardAccessoryView/hooks/useComponentSize.tsx
FN:11,(anonymous_0)
FN:14,(anonymous_1)
FNF:2
FNH:2
FNDA:89,(anonymous_0)
FNDA:1,(anonymous_1)
DA:11,27
DA:12,89
DA:14,89
DA:15,1
DA:16,1
DA:19,89
LF:6
LH:6
BRF:0
BRH:0
end_of_record
TN:
SF:src/components/KeyboardAccessoryView/hooks/useKeyboardDimensions.tsx
FN:22,(anonymous_0)
FN:29,(anonymous_1)
FN:30,(anonymous_2)
FN:31,(anonymous_3)
FN:36,(anonymous_4)
FN:42,(anonymous_5)
FN:43,(anonymous_6)
FN:94,(anonymous_7)
FN:95,(anonymous_8)
FNF:9
FNH:9
FNDA:52,(anonymous_0)
FNDA:20,(anonymous_1)
FNDA:1,(anonymous_2)
FNDA:1,(anonymous_3)
FNDA:1,(anonymous_4)
FNDA:1,(anonymous_5)
FNDA:1,(anonymous_6)
FNDA:19,(anonymous_7)
FNDA:19,(anonymous_8)
DA:22,27
DA:23,52
DA:24,52
DA:29,52
DA:30,20
DA:31,1
DA:36,20
DA:37,1
DA:42,20
DA:43,1
DA:44,1
DA:45,1
DA:47,1
DA:48,0
DA:51,1
DA:53,1
DA:56,1
DA:58,1
DA:67,1
DA:73,20
DA:78,20
DA:80,20
DA:81,2
DA:86,18
DA:94,20
DA:95,19
DA:96,14
DA:100,52
LF:28
LH:27
BRDA:47,0,0,0
BRDA:47,0,1,1
BRDA:53,1,0,1
BRDA:53,1,1,0
BRDA:53,2,0,1
BRDA:53,2,1,1
BRDA:80,3,0,2
BRDA:80,3,1,18
BRDA:80,4,0,20
BRDA:80,4,1,4
BRF:10
BRH:8
end_of_record
TN:
SF:src/components/KeyboardAccessoryView/hooks/usePanResponder.tsx
FN:16,(anonymous_0)
FNF:1
FNH:1
FNDA:10,(anonymous_0)
DA:16,27
DA:17,10
DA:34,10
LF:3
LH:3
BRDA:35,0,0,2
BRDA:35,0,1,8
BRF:2
BRH:2
end_of_record
TN:
SF:src/components/LoadingBubble/LoadingBubble.tsx
FN:15,(anonymous_0)
FN:18,(anonymous_1)
FN:49,(anonymous_2)
FNF:3
FNH:3
FNDA:9,(anonymous_0)
FNDA:9,(anonymous_1)
FNDA:3,(anonymous_2)
DA:15,26
DA:16,9
DA:18,9
DA:19,9
DA:33,9
DA:36,9
DA:49,26
DA:50,3
DA:52,3
LF:9
LH:9
BRF:0
BRH:0
end_of_record
TN:
SF:src/components/MarkdownView/MarkdownView.tsx
FN:31,(anonymous_0)
FN:35,(anonymous_1)
FN:50,(anonymous_2)
FN:71,(anonymous_3)
FN:75,(anonymous_4)
FN:78,(anonymous_5)
FN:96,(anonymous_6)
FN:97,(anonymous_7)
FN:98,(anonymous_8)
FN:99,(anonymous_9)
FN:100,(anonymous_10)
FN:106,(anonymous_11)
FN:112,(anonymous_12)
FN:114,(anonymous_13)
FN:116,(anonymous_14)
FN:117,(anonymous_15)
FN:133,(anonymous_16)
FNF:17
FNH:10
FNDA:0,(anonymous_0)
FNDA:0,(anonymous_1)
FNDA:0,(anonymous_2)
FNDA:14,(anonymous_3)
FNDA:13,(anonymous_4)
FNDA:13,(anonymous_5)
FNDA:13,(anonymous_6)
FNDA:0,(anonymous_7)
FNDA:0,(anonymous_8)
FNDA:0,(anonymous_9)
FNDA:0,(anonymous_10)
FNDA:13,(anonymous_11)
FNDA:13,(anonymous_12)
FNDA:14,(anonymous_13)
FNDA:13,(anonymous_14)
FNDA:13,(anonymous_15)
FNDA:27,(anonymous_16)
DA:17,28
DA:31,28
DA:32,0
DA:35,28
DA:37,0
DA:39,0
DA:40,0
DA:43,0
DA:50,28
DA:51,0
DA:54,0
DA:55,0
DA:59,0
DA:60,0
DA:62,0
DA:70,28
DA:72,14
DA:74,14
DA:75,14
DA:77,14
DA:78,13
DA:95,14
DA:96,13
DA:97,0
DA:98,0
DA:99,0
DA:100,0
DA:105,14
DA:106,13
DA:112,14
DA:114,14
DA:116,14
DA:117,14
DA:119,14
DA:134,27
LF:35
LH:20
BRDA:32,0,0,0
BRDA:32,0,1,0
BRDA:37,1,0,0
BRDA:37,1,1,0
BRDA:39,2,0,0
BRDA:39,2,1,0
BRDA:54,3,0,0
BRDA:54,3,1,0
BRDA:59,4,0,0
BRDA:59,4,1,0
BRDA:60,5,0,0
BRDA:60,5,1,0
BRDA:71,6,0,3
BRDA:108,7,0,0
BRDA:108,7,1,13
BRDA:134,8,0,27
BRDA:134,8,1,27
BRDA:134,8,2,26
BRF:18
BRH:5
end_of_record
TN:
SF:src/components/Menu/Menu.tsx
FN:15,(anonymous_0)
FN:21,(anonymous_1)
FN:44,(anonymous_2)
FN:50,(anonymous_3)
FN:51,(anonymous_4)
FN:66,(anonymous_5)
FNF:6
FNH:4
FNDA:13,(anonymous_0)
FNDA:1,(anonymous_1)
FNDA:403,(anonymous_2)
FNDA:0,(anonymous_3)
FNDA:0,(anonymous_4)
FNDA:732,(anonymous_5)
DA:15,27
DA:16,13
DA:17,13
DA:18,13
DA:21,27
DA:22,1
DA:23,1
DA:24,1
DA:44,27
DA:45,403
DA:46,403
DA:47,403
DA:48,403
DA:50,403
DA:51,403
DA:53,403
DA:67,732
DA:79,27
DA:80,27
DA:81,27
LF:20
LH:20
BRDA:44,0,0,98
BRDA:58,1,0,403
BRDA:58,1,1,0
BRDA:64,2,0,403
BRDA:64,2,1,0
BRDA:67,3,0,727
BRDA:67,3,1,5
BRF:7
BRH:5
end_of_record
TN:
SF:src/components/Menu/MenuContext.tsx
FNF:0
FNH:0
DA:3,0
LF:1
LH:0
BRF:0
BRH:0
end_of_record
TN:
SF:src/components/Menu/MenuItem/MenuItem.tsx
FN:34,(anonymous_0)
FN:58,(anonymous_1)
FN:68,(anonymous_2)
FN:86,(anonymous_3)
FN:104,(anonymous_4)
FN:118,(anonymous_5)
FN:128,(anonymous_6)
FN:135,(anonymous_7)
FN:137,(anonymous_8)
FN:185,(anonymous_9)
FNF:10
FNH:8
FNDA:109,(anonymous_0)
FNDA:79,(anonymous_1)
FNDA:84,(anonymous_2)
FNDA:24,(anonymous_3)
FNDA:16,(anonymous_4)
FNDA:218,(anonymous_5)
FNDA:218,(anonymous_6)
FNDA:10,(anonymous_7)
FNDA:0,(anonymous_8)
FNDA:0,(anonymous_9)
DA:34,29
DA:51,109
DA:52,109
DA:53,109
DA:54,109
DA:56,109
DA:58,109
DA:59,79
DA:66,109
DA:68,109
DA:69,84
DA:86,109
DA:87,24
DA:104,109
DA:105,16
DA:118,109
DA:119,218
DA:120,32
DA:122,186
DA:123,48
DA:125,138
DA:128,109
DA:129,218
DA:130,50
DA:132,168
DA:135,109
DA:136,10
DA:137,0
DA:138,0
DA:139,0
DA:140,0
DA:141,0
DA:142,0
DA:144,0
DA:148,10
DA:152,109
DA:186,0
DA:187,0
LF:38
LH:29
BRDA:47,0,0,30
BRDA:60,1,0,0
BRDA:60,1,1,79
BRDA:73,2,0,84
BRDA:73,2,1,7
BRDA:75,3,0,84
BRDA:75,3,1,0
BRDA:76,4,0,84
BRDA:76,4,1,51
BRDA:77,5,0,45
BRDA:77,5,1,6
BRDA:90,6,0,24
BRDA:90,6,1,0
BRDA:92,7,0,1
BRDA:92,7,1,23
BRDA:93,8,0,0
BRDA:93,8,1,1
BRDA:98,9,0,23
BRDA:98,9,1,0
BRDA:107,10,0,0
BRDA:107,10,1,16
BRDA:110,11,0,7
BRDA:110,11,1,9
BRDA:119,12,0,32
BRDA:119,12,1,186
BRDA:122,13,0,48
BRDA:122,13,1,138
BRDA:122,14,0,186
BRDA:122,14,1,184
BRDA:129,15,0,50
BRDA:129,15,1,168
BRDA:129,16,0,218
BRDA:129,16,1,142
BRDA:136,17,0,0
BRDA:136,17,1,10
BRDA:141,18,0,0
BRDA:141,18,1,0
BRDA:157,19,0,109
BRDA:157,19,1,99
BRDA:161,20,0,109
BRDA:161,20,1,0
BRDA:162,21,0,109
BRDA:162,21,1,10
BRDA:168,22,0,109
BRDA:168,22,1,25
BRDA:169,23,0,109
BRDA:169,23,1,69
BRDA:174,24,0,0
BRDA:174,24,1,109
BRDA:176,25,0,109
BRDA:176,25,1,8
BRDA:182,26,0,109
BRDA:182,26,1,16
BRF:53
BRH:42
end_of_record
TN:
SF:src/components/Menu/SubMenu/SubMenu.tsx
FN:14,(anonymous_0)
FNF:1
FNH:1
FNDA:19,(anonymous_0)
DA:14,29
DA:21,19
DA:22,19
DA:24,19
LF:4
LH:4
BRF:0
BRH:0
end_of_record
TN:
SF:src/components/Message/Message.tsx
FN:82,(anonymous_0)
FN:116,(anonymous_1)
FN:125,(anonymous_2)
FN:148,(anonymous_3)
FN:164,(anonymous_4)
FN:231,(anonymous_5)
FN:235,(anonymous_6)
FNF:7
FNH:5
FNDA:76,(anonymous_0)
FNDA:0,(anonymous_1)
FNDA:0,(anonymous_2)
FNDA:62,(anonymous_3)
FNDA:62,(anonymous_4)
FNDA:1,(anonymous_5)
FNDA:3,(anonymous_6)
DA:22,26
DA:81,26
DA:101,76
DA:102,76
DA:103,76
DA:106,76
DA:108,76
DA:116,76
DA:117,0
DA:125,76
DA:126,0
DA:134,76
DA:135,14
DA:148,62
DA:149,62
DA:151,62
DA:164,62
DA:165,62
DA:167,1
DA:176,9
DA:182,14
DA:196,37
DA:215,1
DA:219,62
DA:232,1
DA:233,1
DA:236,3
LF:27
LH:25
BRDA:106,0,0,76
BRDA:106,0,1,62
BRDA:134,1,0,14
BRDA:134,1,1,62
BRDA:165,2,0,1
BRDA:165,2,1,9
BRDA:165,2,2,14
BRDA:165,2,3,37
BRDA:165,2,4,1
BRDA:168,3,0,1
BRDA:168,3,1,1
BRF:11
BRH:11
end_of_record
TN:
SF:src/components/ModelSettingsSheet/ModelSettingsSheet.tsx
FN:22,(anonymous_0)
FN:32,(anonymous_1)
FN:39,(anonymous_2)
FN:40,(anonymous_3)
FN:47,(anonymous_4)
FN:55,(anonymous_5)
FN:64,(anonymous_6)
FN:91,(anonymous_7)
FN:103,(anonymous_8)
FNF:9
FNH:5
FNDA:28,(anonymous_0)
FNDA:20,(anonymous_1)
FNDA:0,(anonymous_2)
FNDA:0,(anonymous_3)
FNDA:1,(anonymous_4)
FNDA:1,(anonymous_5)
FNDA:1,(anonymous_6)
FNDA:0,(anonymous_7)
FNDA:0,(anonymous_8)
DA:21,27
DA:23,28
DA:26,28
DA:29,28
DA:32,28
DA:33,20
DA:34,7
DA:35,7
DA:39,28
DA:40,0
DA:42,0
DA:43,0
DA:47,28
DA:48,1
DA:49,1
DA:50,1
DA:51,1
DA:55,28
DA:56,1
DA:58,1
DA:59,1
DA:61,1
DA:64,28
DA:65,1
DA:67,1
DA:68,1
DA:69,1
DA:70,1
DA:74,28
DA:75,20
DA:78,8
DA:91,0
DA:104,0
LF:33
LH:28
BRDA:24,0,0,28
BRDA:24,0,1,20
BRDA:27,1,0,28
BRDA:27,1,1,20
BRDA:33,2,0,7
BRDA:33,2,1,13
BRDA:35,3,0,7
BRDA:35,3,1,0
BRDA:42,4,0,0
BRDA:42,4,1,0
BRDA:48,5,0,1
BRDA:48,5,1,0
BRDA:56,6,0,1
BRDA:56,6,1,0
BRDA:59,7,0,1
BRDA:59,7,1,0
BRDA:65,8,0,1
BRDA:65,8,1,0
BRDA:70,9,0,1
BRDA:70,9,1,0
BRDA:74,10,0,20
BRDA:74,10,1,8
BRDA:91,11,0,0
BRDA:91,11,1,0
BRDA:95,12,0,8
BRDA:95,12,1,0
BRF:26
BRH:15
end_of_record
TN:
SF:src/components/ModelTypeTag/ModelTypeTag.tsx
FN:19,(anonymous_0)
FN:27,(anonymous_1)
FN:40,(anonymous_2)
FNF:3
FNH:3
FNDA:17,(anonymous_0)
FNDA:17,(anonymous_1)
FNDA:17,(anonymous_2)
DA:19,27
DA:24,17
DA:25,17
DA:27,17
DA:28,17
DA:30,10
DA:32,3
DA:34,3
DA:36,1
DA:40,17
DA:41,17
DA:43,10
DA:45,3
DA:47,3
DA:49,1
DA:53,17
DA:54,17
DA:56,17
LF:18
LH:18
BRDA:22,0,0,14
BRDA:28,1,0,10
BRDA:28,1,1,3
BRDA:28,1,2,3
BRDA:28,1,3,1
BRDA:41,2,0,10
BRDA:41,2,1,3
BRDA:41,2,2,3
BRDA:41,2,3,1
BRDA:53,3,0,15
BRDA:53,3,1,2
BRDA:59,4,0,17
BRDA:59,4,1,2
BRF:13
BRH:13
end_of_record
TN:
SF:src/components/ModelsHeaderRight/ModelsHeaderRight.tsx
FN:19,(anonymous_0)
FN:29,(anonymous_1)
FN:33,(anonymous_2)
FN:34,(anonymous_3)
FN:36,(anonymous_4)
FN:39,(anonymous_5)
FN:47,(anonymous_6)
FN:49,(anonymous_7)
FN:64,(anonymous_8)
FN:71,(anonymous_9)
FN:79,(anonymous_10)
FN:85,(anonymous_11)
FN:91,(anonymous_12)
FN:100,(anonymous_13)
FN:109,(anonymous_14)
FNF:15
FNH:10
FNDA:10,(anonymous_0)
FNDA:3,(anonymous_1)
FNDA:1,(anonymous_2)
FNDA:0,(anonymous_3)
FNDA:0,(anonymous_4)
FNDA:0,(anonymous_5)
FNDA:3,(anonymous_6)
FNDA:0,(anonymous_7)
FNDA:0,(anonymous_8)
FNDA:4,(anonymous_9)
FNDA:5,(anonymous_10)
FNDA:1,(anonymous_11)
FNDA:1,(anonymous_12)
FNDA:1,(anonymous_13)
FNDA:1,(anonymous_14)
DA:19,26
DA:20,10
DA:21,10
DA:22,10
DA:24,10
DA:26,10
DA:28,10
DA:29,10
DA:30,3
DA:33,10
DA:34,10
DA:36,10
DA:37,0
DA:38,0
DA:39,0
DA:41,0
DA:43,0
DA:47,10
DA:48,3
DA:49,0
DA:51,3
DA:54,10
DA:64,0
DA:71,4
DA:80,5
DA:85,1
DA:91,1
DA:100,1
DA:110,1
DA:111,1
LF:30
LH:23
BRDA:48,0,0,0
BRDA:48,0,1,3
BRDA:81,1,0,0
BRDA:81,1,1,5
BRDA:90,2,0,0
BRDA:90,2,1,10
BRDA:99,3,0,0
BRDA:99,3,1,10
BRF:8
BRH:4
end_of_record
TN:
SF:src/components/ModelsResetDialog/ModelsResetDialog.tsx
FN:18,(anonymous_0)
FNF:1
FNH:1
FNDA:15,(anonymous_0)
DA:17,27
DA:19,15
DA:20,15
LF:3
LH:3
BRF:0
BRH:0
end_of_record
TN:
SF:src/components/PalsSheets/AssistantPalSheet.tsx
FN:45,(anonymous_0)
FN:51,(anonymous_1)
FN:61,(anonymous_2)
FN:67,(anonymous_3)
FN:90,(anonymous_4)
FN:98,(anonymous_5)
FN:102,(anonymous_6)
FN:107,(anonymous_7)
FN:132,(anonymous_8)
FN:139,(anonymous_9)
FN:145,(anonymous_10)
FN:155,(anonymous_11)
FN:156,(anonymous_12)
FNF:13
FNH:10
FNDA:21,(anonymous_0)
FNDA:6,(anonymous_1)
FNDA:6,(anonymous_2)
FNDA:0,(anonymous_3)
FNDA:9,(anonymous_4)
FNDA:6,(anonymous_5)
FNDA:3,(anonymous_6)
FNDA:2,(anonymous_7)
FNDA:50,(anonymous_8)
FNDA:0,(anonymous_9)
FNDA:30,(anonymous_10)
FNDA:62,(anonymous_11)
FNDA:0,(anonymous_12)
DA:32,2
DA:44,2
DA:46,21
DA:47,21
DA:48,21
DA:51,21
DA:52,21
DA:54,21
DA:56,21
DA:61,21
DA:62,6
DA:63,2
DA:67,21
DA:68,0
DA:69,0
DA:70,0
DA:71,0
DA:77,0
DA:78,0
DA:83,0
DA:87,0
DA:90,21
DA:91,9
DA:92,3
DA:94,6
DA:98,21
DA:99,6
DA:102,21
DA:103,3
DA:104,3
DA:107,21
DA:108,2
DA:109,1
DA:111,1
DA:113,2
DA:116,21
DA:132,50
DA:139,0
DA:146,30
DA:155,62
DA:157,0
LF:41
LH:31
BRDA:62,0,0,2
BRDA:62,0,1,4
BRDA:69,1,0,0
BRDA:69,1,1,0
BRDA:70,2,0,0
BRDA:70,2,1,0
BRDA:77,3,0,0
BRDA:77,3,1,0
BRDA:84,4,0,0
BRDA:84,4,1,0
BRDA:91,5,0,3
BRDA:91,5,1,6
BRDA:108,6,0,1
BRDA:108,6,1,1
BRDA:119,7,0,8
BRDA:119,7,1,13
BRDA:188,8,0,8
BRDA:188,8,1,13
BRF:18
BRH:10
end_of_record
TN:
SF:src/components/PalsSheets/FormField.tsx
FN:37,(anonymous_0)
FN:67,(anonymous_1)
FNF:2
FNH:2
FNDA:513,(anonymous_0)
FNDA:664,(anonymous_1)
DA:36,6
DA:50,513
DA:51,513
DA:55,513
DA:57,513
DA:68,664
DA:89,6
LF:7
LH:7
BRDA:61,0,0,513
BRDA:61,0,1,493
BRDA:63,1,0,513
BRDA:63,1,1,251
BRDA:71,2,0,664
BRDA:71,2,1,381
BRDA:77,3,0,180
BRDA:77,3,1,484
BRDA:79,4,0,484
BRDA:79,4,1,180
BRF:10
BRH:10
end_of_record
TN:
SF:src/components/PalsSheets/ModelNotAvailable.tsx
FN:13,(anonymous_0)
FN:20,(anonymous_1)
FN:30,(anonymous_2)
FN:43,(anonymous_3)
FN:80,(anonymous_4)
FNF:5
FNH:4
FNDA:74,(anonymous_0)
FNDA:449,(anonymous_1)
FNDA:2,(anonymous_2)
FNDA:0,(anonymous_3)
FNDA:3,(anonymous_4)
DA:12,6
DA:14,74
DA:15,74
DA:16,74
DA:17,74
DA:19,74
DA:20,449
DA:22,74
DA:25,74
DA:26,74
DA:28,74
DA:30,74
DA:31,2
DA:33,1
DA:39,1
DA:43,74
DA:44,0
DA:45,0
DA:48,74
DA:49,1
DA:60,73
DA:61,47
DA:81,3
DA:93,26
LF:24
LH:22
BRDA:22,0,0,21
BRDA:22,0,1,53
BRDA:25,1,0,74
BRDA:25,1,1,72
BRDA:31,2,0,1
BRDA:31,2,1,1
BRDA:48,3,0,1
BRDA:48,3,1,73
BRDA:48,4,0,74
BRDA:48,4,1,1
BRDA:60,5,0,47
BRDA:60,5,1,26
BRDA:60,6,0,73
BRDA:60,6,1,55
BRDA:63,7,0,2
BRDA:63,7,1,45
BRDA:71,8,0,2
BRDA:71,8,1,0
BRDA:81,9,0,1
BRDA:81,9,1,2
BRDA:86,10,0,2
BRDA:86,10,1,45
BRF:22
BRH:21
end_of_record
TN:
SF:src/components/PalsSheets/ModelSelector.tsx
FN:29,(anonymous_0)
FN:57,(anonymous_1)
FN:63,(anonymous_2)
FN:72,(anonymous_3)
FN:73,(anonymous_4)
FN:81,(anonymous_5)
FN:82,(anonymous_6)
FN:86,(anonymous_7)
FNF:8
FNH:4
FNDA:160,(anonymous_0)
FNDA:0,(anonymous_1)
FNDA:0,(anonymous_2)
FNDA:0,(anonymous_3)
FNDA:180,(anonymous_4)
FNDA:325,(anonymous_5)
FNDA:211,(anonymous_6)
FNDA:0,(anonymous_7)
DA:28,6
DA:43,160
DA:44,160
DA:45,160
DA:47,160
DA:57,0
DA:63,0
DA:72,0
DA:74,180
DA:81,325
DA:83,211
DA:87,0
DA:88,0
DA:89,0
LF:14
LH:8
BRDA:34,0,0,4
BRDA:51,1,0,160
BRDA:51,1,1,1
BRDA:53,2,0,160
BRDA:53,2,1,16
BRDA:61,3,0,160
BRDA:61,3,1,69
BRDA:81,4,0,114
BRDA:81,4,1,211
BRF:9
BRH:9
end_of_record
TN:
SF:src/components/PalsSheets/RoleplayPalSheet.tsx
FN:51,(anonymous_0)
FN:57,(anonymous_1)
FN:67,(anonymous_2)
FN:75,(anonymous_3)
FN:79,(anonymous_4)
FN:84,(anonymous_5)
FN:107,(anonymous_6)
FN:116,(anonymous_7)
FN:146,(anonymous_8)
FN:153,(anonymous_9)
FN:161,(anonymous_10)
FN:171,(anonymous_11)
FN:172,(anonymous_12)
FN:182,(anonymous_13)
FN:189,(anonymous_14)
FN:193,(anonymous_15)
FN:201,(anonymous_16)
FN:205,(anonymous_17)
FN:213,(anonymous_18)
FN:217,(anonymous_19)
FN:225,(anonymous_20)
FN:229,(anonymous_21)
FN:236,(anonymous_22)
FN:240,(anonymous_23)
FNF:24
FNH:17
FNDA:44,(anonymous_0)
FNDA:15,(anonymous_1)
FNDA:20,(anonymous_2)
FNDA:17,(anonymous_3)
FNDA:3,(anonymous_4)
FNDA:0,(anonymous_5)
FNDA:2,(anonymous_6)
FNDA:1,(anonymous_7)
FNDA:110,(anonymous_8)
FNDA:1,(anonymous_9)
FNDA:55,(anonymous_10)
FNDA:122,(anonymous_11)
FNDA:0,(anonymous_12)
FNDA:106,(anonymous_13)
FNDA:0,(anonymous_14)
FNDA:106,(anonymous_15)
FNDA:0,(anonymous_16)
FNDA:106,(anonymous_17)
FNDA:0,(anonymous_18)
FNDA:106,(anonymous_19)
FNDA:0,(anonymous_20)
FNDA:106,(anonymous_21)
FNDA:0,(anonymous_22)
FNDA:106,(anonymous_23)
DA:33,2
DA:50,2
DA:52,44
DA:53,44
DA:54,44
DA:57,44
DA:58,44
DA:60,44
DA:62,44
DA:67,44
DA:68,20
DA:69,4
DA:71,16
DA:75,44
DA:76,17
DA:79,44
DA:80,3
DA:81,3
DA:84,44
DA:85,0
DA:94,0
DA:95,0
DA:96,0
DA:97,0
DA:101,0
DA:104,0
DA:107,44
DA:108,2
DA:109,1
DA:111,1
DA:113,2
DA:116,44
DA:118,1
DA:119,1
DA:120,1
DA:121,1
DA:125,44
DA:146,110
DA:154,1
DA:162,55
DA:171,122
DA:172,0
DA:182,106
DA:189,0
DA:193,106
DA:201,0
DA:205,106
DA:213,0
DA:217,106
DA:225,0
DA:229,106
DA:236,0
DA:240,106
LF:53
LH:40
BRDA:68,0,0,4
BRDA:68,0,1,16
BRDA:95,1,0,0
BRDA:95,1,1,0
BRDA:96,2,0,0
BRDA:96,2,1,0
BRDA:108,3,0,1
BRDA:108,3,1,1
BRDA:118,4,0,1
BRDA:118,4,1,0
BRDA:128,5,0,10
BRDA:128,5,1,34
BRDA:271,6,0,10
BRDA:271,6,1,34
BRF:14
BRH:9
end_of_record
TN:
SF:src/components/PalsSheets/SectionDivider.tsx
FN:16,(anonymous_0)
FNF:1
FNH:1
FNDA:354,(anonymous_0)
DA:16,7
DA:17,354
DA:18,354
DA:20,354
LF:4
LH:4
BRF:0
BRH:0
end_of_record
TN:
SF:src/components/PalsSheets/SystemPromptSection.tsx
FN:27,(anonymous_0)
FN:44,(anonymous_1)
FN:121,(anonymous_2)
FN:125,(anonymous_3)
FN:144,(anonymous_4)
FN:148,(anonymous_5)
FN:165,(anonymous_6)
FN:168,(anonymous_7)
FN:235,(anonymous_8)
FNF:9
FNH:6
FNDA:123,(anonymous_0)
FNDA:4,(anonymous_1)
FNDA:0,(anonymous_2)
FNDA:1,(anonymous_3)
FNDA:162,(anonymous_4)
FNDA:1,(anonymous_5)
FNDA:16,(anonymous_6)
FNDA:0,(anonymous_7)
FNDA:0,(anonymous_8)
DA:26,5
DA:32,123
DA:33,123
DA:34,123
DA:37,123
DA:38,123
DA:39,123
DA:40,123
DA:42,123
DA:44,123
DA:46,4
DA:47,1
DA:48,1
DA:49,1
DA:53,3
DA:55,3
DA:56,3
DA:57,3
DA:58,0
DA:59,0
DA:62,3
DA:63,1
DA:64,1
DA:65,1
DA:66,1
DA:70,2
DA:71,1
DA:72,1
DA:74,1
DA:85,1
DA:87,1
DA:88,1
DA:89,1
DA:90,1
DA:91,1
DA:102,1
DA:110,1
DA:111,1
DA:112,1
DA:113,1
DA:116,0
DA:121,123
DA:122,0
DA:125,123
DA:126,1
DA:127,1
DA:128,1
DA:129,1
DA:133,123
DA:135,123
DA:145,162
DA:149,1
DA:150,1
DA:166,16
DA:169,0
DA:170,0
DA:236,0
LF:57
LH:50
BRDA:46,0,0,1
BRDA:46,0,1,3
BRDA:48,1,0,1
BRDA:48,1,1,0
BRDA:57,2,0,0
BRDA:57,2,1,3
BRDA:62,3,0,1
BRDA:62,3,1,2
BRDA:64,4,0,1
BRDA:64,4,1,0
BRDA:70,5,0,1
BRDA:70,5,1,1
BRDA:90,6,0,1
BRDA:90,6,1,0
BRDA:127,7,0,1
BRDA:127,7,1,0
BRDA:160,8,0,123
BRDA:160,8,1,16
BRDA:192,9,0,16
BRDA:192,9,1,16
BRDA:210,10,0,0
BRDA:210,10,1,16
BRDA:212,11,0,16
BRDA:212,11,1,16
BRDA:213,12,0,16
BRDA:213,12,1,16
BRDA:215,13,0,0
BRDA:215,13,1,16
BRDA:217,14,0,0
BRDA:217,14,1,16
BRDA:234,15,0,123
BRDA:234,15,1,16
BRDA:239,16,0,123
BRDA:239,16,1,4
BRF:34
BRH:26
end_of_record
TN:
SF:src/components/PalsSheets/VideoPalSheet.tsx
FN:58,(anonymous_0)
FN:64,(anonymous_1)
FN:80,(anonymous_2)
FN:87,(anonymous_3)
FN:97,(anonymous_4)
FN:101,(anonymous_5)
FN:106,(anonymous_6)
FN:129,(anonymous_7)
FN:154,(anonymous_8)
FN:168,(anonymous_9)
FN:178,(anonymous_10)
FN:179,(anonymous_11)
FN:196,(anonymous_12)
FNF:13
FNH:12
FNDA:53,(anonymous_0)
FNDA:9,(anonymous_1)
FNDA:14,(anonymous_2)
FNDA:99,(anonymous_3)
FNDA:9,(anonymous_4)
FNDA:5,(anonymous_5)
FNDA:0,(anonymous_6)
FNDA:3,(anonymous_7)
FNDA:92,(anonymous_8)
FNDA:60,(anonymous_9)
FNDA:128,(anonymous_10)
FNDA:114,(anonymous_11)
FNDA:45,(anonymous_12)
DA:42,2
DA:45,2
DA:57,2
DA:59,53
DA:60,53
DA:61,53
DA:64,53
DA:65,53
DA:67,53
DA:69,53
DA:75,53
DA:80,53
DA:81,14
DA:82,3
DA:86,11
DA:87,99
DA:89,11
DA:97,53
DA:98,9
DA:101,53
DA:102,5
DA:103,5
DA:106,53
DA:107,0
DA:108,0
DA:109,0
DA:110,0
DA:116,0
DA:117,0
DA:122,0
DA:126,0
DA:129,53
DA:130,3
DA:131,1
DA:133,2
DA:135,3
DA:138,53
DA:154,92
DA:169,60
DA:178,128
DA:179,114
DA:197,45
LF:42
LH:34
BRDA:81,0,0,3
BRDA:81,0,1,11
BRDA:92,1,0,11
BRDA:92,1,1,0
BRDA:108,2,0,0
BRDA:108,2,1,0
BRDA:109,3,0,0
BRDA:109,3,1,0
BRDA:116,4,0,0
BRDA:116,4,1,0
BRDA:123,5,0,0
BRDA:123,5,1,0
BRDA:130,6,0,1
BRDA:130,6,1,2
BRDA:141,7,0,15
BRDA:141,7,1,38
BRDA:185,8,0,53
BRDA:185,8,1,38
BRDA:241,9,0,15
BRDA:241,9,1,38
BRF:20
BRH:11
end_of_record
TN:
SF:src/components/PalsSheets/utils.ts
FN:3,generateRoleplayPrompt
FN:28,(anonymous_1)
FNF:2
FNH:2
FNDA:3,generateRoleplayPrompt
FNDA:1,(anonymous_1)
DA:4,3
DA:6,3
DA:28,5
DA:29,1
DA:30,1
LF:5
LH:5
BRDA:9,0,0,2
BRDA:9,0,1,1
BRDA:10,1,0,2
BRDA:10,1,1,1
BRDA:12,2,0,2
BRDA:12,2,1,1
BRDA:13,3,0,2
BRDA:13,3,1,1
BRDA:14,4,0,2
BRDA:14,4,1,1
BRDA:33,5,0,1
BRDA:33,5,1,0
BRDA:34,6,0,1
BRDA:34,6,1,0
BRDA:35,7,0,1
BRDA:35,7,1,0
BRDA:36,8,0,1
BRDA:36,8,1,0
BRDA:37,9,0,1
BRDA:37,9,1,0
BRDA:38,10,0,1
BRDA:38,10,1,0
BRF:22
BRH:16
end_of_record
TN:
SF:src/components/PalsSheets/ColorSection/ColorSection.tsx
FN:33,(anonymous_0)
FN:64,(anonymous_1)
FN:75,(anonymous_2)
FN:80,(anonymous_3)
FN:83,(anonymous_4)
FNF:5
FNH:5
FNDA:1161,(anonymous_0)
FNDA:108,(anonymous_1)
FNDA:151,(anonymous_2)
FNDA:1359,(anonymous_3)
FNDA:4,(anonymous_4)
DA:15,5
DA:33,5
DA:40,1161
DA:41,1161
DA:43,1161
DA:64,5
DA:65,108
DA:66,108
DA:67,108
DA:69,108
DA:76,151
DA:81,1359
DA:83,4
LF:13
LH:13
BRDA:48,0,0,1161
BRDA:48,0,1,48
BRDA:89,1,0,1359
BRDA:89,1,1,54
BRF:4
BRH:4
end_of_record
TN:
SF:src/components/ProjectionModelSelector/ProjectionModelSelector.tsx
FN:29,(anonymous_0)
FN:47,(anonymous_1)
FN:66,(anonymous_2)
FN:75,(anonymous_3)
FN:89,(anonymous_4)
FN:106,(anonymous_5)
FN:110,(anonymous_6)
FN:128,(anonymous_7)
FN:138,(anonymous_8)
FN:141,(anonymous_9)
FN:161,(anonymous_10)
FN:212,(anonymous_11)
FN:257,(anonymous_12)
FN:280,(anonymous_13)
FN:302,(anonymous_14)
FN:320,(anonymous_15)
FNF:16
FNH:5
FNDA:7,(anonymous_0)
FNDA:2,(anonymous_1)
FNDA:1,(anonymous_2)
FNDA:0,(anonymous_3)
FNDA:0,(anonymous_4)
FNDA:0,(anonymous_5)
FNDA:0,(anonymous_6)
FNDA:0,(anonymous_7)
FNDA:0,(anonymous_8)
FNDA:0,(anonymous_9)
FNDA:0,(anonymous_10)
FNDA:4,(anonymous_11)
FNDA:1,(anonymous_12)
FNDA:0,(anonymous_13)
FNDA:0,(anonymous_14)
FNDA:0,(anonymous_15)
DA:28,27
DA:36,7
DA:37,7
DA:38,7
DA:40,7
DA:41,7
DA:42,7
DA:47,7
DA:48,2
DA:50,2
DA:52,0
DA:55,2
DA:58,2
DA:61,2
DA:62,1
DA:66,7
DA:67,1
DA:68,1
DA:69,1
DA:73,1
DA:74,0
DA:75,0
DA:77,0
DA:79,0
DA:91,0
DA:94,0
DA:96,0
DA:106,7
DA:107,0
DA:110,7
DA:112,0
DA:113,0
DA:118,0
DA:122,0
DA:126,0
DA:127,0
DA:128,0
DA:129,0
DA:133,0
DA:139,0
DA:141,0
DA:142,0
DA:145,0
DA:147,0
DA:148,0
DA:161,7
DA:162,0
DA:165,7
DA:166,0
DA:169,7
DA:213,4
DA:215,4
DA:258,1
DA:280,0
DA:302,0
DA:320,0
LF:56
LH:27
BRDA:32,0,0,0
BRDA:33,1,0,7
BRDA:50,2,0,0
BRDA:50,2,1,2
BRDA:50,3,0,2
BRDA:50,3,1,0
BRDA:61,4,0,1
BRDA:61,4,1,1
BRDA:68,5,0,1
BRDA:68,5,1,0
BRDA:73,6,0,0
BRDA:73,6,1,1
BRDA:77,7,0,0
BRDA:77,7,1,0
BRDA:77,8,0,0
BRDA:77,8,1,0
BRDA:94,9,0,0
BRDA:94,9,1,0
BRDA:112,10,0,0
BRDA:112,10,1,0
BRDA:127,11,0,0
BRDA:127,11,1,0
BRDA:150,12,0,0
BRDA:150,12,1,0
BRDA:165,13,0,0
BRDA:165,13,1,7
BRDA:172,14,0,7
BRDA:172,14,1,0
BRDA:181,15,0,0
BRDA:181,15,1,0
BRDA:190,16,0,7
BRDA:190,16,1,4
BRDA:192,17,0,0
BRDA:192,17,1,4
BRDA:206,18,0,4
BRDA:206,18,1,4
BRDA:221,19,0,4
BRDA:221,19,1,4
BRDA:229,20,0,4
BRDA:229,20,1,0
BRDA:238,21,0,4
BRDA:238,21,1,4
BRDA:250,22,0,4
BRDA:250,22,1,0
BRDA:253,23,0,4
BRDA:253,23,1,0
BRDA:262,24,0,4
BRDA:262,24,1,4
BRDA:267,25,0,4
BRDA:267,25,1,0
BRDA:273,26,0,4
BRDA:273,26,1,0
BRDA:290,27,0,0
BRDA:290,27,1,0
BRDA:323,28,0,0
BRDA:323,28,1,0
BRDA:328,29,0,0
BRDA:328,29,1,0
BRDA:332,30,0,0
BRDA:332,30,1,0
BRF:60
BRH:25
end_of_record
TN:
SF:src/components/RenameModal/RenameModal.tsx
FN:15,(anonymous_0)
FN:25,(anonymous_1)
FN:29,(anonymous_2)
FN:39,(anonymous_3)
FNF:4
FNH:2
FNDA:34,(anonymous_0)
FNDA:23,(anonymous_1)
FNDA:0,(anonymous_2)
FNDA:0,(anonymous_3)
DA:15,26
DA:20,34
DA:21,34
DA:22,34
DA:23,34
DA:25,34
DA:26,23
DA:29,34
DA:30,0
DA:31,0
DA:35,0
DA:39,34
DA:40,0
DA:43,34
LF:14
LH:10
BRDA:20,0,0,34
BRDA:20,0,1,9
BRDA:26,1,0,23
BRDA:26,1,1,5
BRDA:30,2,0,0
BRDA:30,2,1,0
BRDA:30,3,0,0
BRDA:30,3,1,0
BRDA:70,4,0,34
BRDA:70,4,1,9
BRF:10
BRH:6
end_of_record
TN:
SF:src/components/ResponseBubble/ResponseBubble.tsx
FN:34,(anonymous_0)
FN:49,(anonymous_1)
FN:74,(anonymous_2)
FN:98,(anonymous_3)
FN:101,(anonymous_4)
FN:136,(anonymous_5)
FNF:6
FNH:2
FNDA:1,(anonymous_0)
FNDA:0,(anonymous_1)
FNDA:0,(anonymous_2)
FNDA:1,(anonymous_3)
FNDA:0,(anonymous_4)
FNDA:0,(anonymous_5)
DA:18,27
DA:22,0
DA:34,27
DA:35,1
DA:37,1
DA:43,1
DA:46,1
DA:49,1
DA:51,0
DA:64,0
DA:65,0
DA:66,0
DA:68,0
DA:69,0
DA:74,1
DA:75,0
DA:84,1
DA:89,1
DA:95,1
DA:98,1
DA:99,1
DA:101,0
DA:102,0
DA:107,1
DA:137,0
LF:25
LH:14
BRDA:18,0,0,0
BRDA:18,0,1,27
BRDA:19,1,0,27
BRDA:19,1,1,0
BRDA:64,2,0,0
BRDA:64,2,1,0
BRDA:91,3,0,1
BRDA:91,3,1,0
BRDA:92,4,0,1
BRDA:92,4,1,1
BRDA:99,5,0,0
BRDA:99,5,1,1
BRDA:99,6,0,1
BRDA:99,6,1,0
BRDA:114,7,0,0
BRDA:114,7,1,1
BRF:16
BRH:8
end_of_record
TN:
SF:src/components/Searchbar/Searchbar.tsx
FN:26,(anonymous_0)
FN:30,(anonymous_1)
FN:34,(anonymous_2)
FN:47,(anonymous_3)
FN:51,(anonymous_4)
FNF:5
FNH:3
FNDA:1,(anonymous_0)
FNDA:0,(anonymous_1)
FNDA:1,(anonymous_2)
FNDA:1,(anonymous_3)
FNDA:0,(anonymous_4)
DA:26,26
DA:27,1
DA:30,26
DA:31,0
DA:34,26
DA:44,1
DA:45,1
DA:47,1
DA:48,1
DA:51,1
DA:52,0
DA:55,1
LF:12
LH:10
BRDA:37,0,0,0
BRDA:40,1,0,1
BRDA:41,2,0,1
BRDA:42,3,0,1
BRDA:57,4,0,1
BRDA:57,4,1,0
BRDA:70,5,0,0
BRDA:70,5,1,1
BRDA:73,6,0,0
BRDA:73,6,1,1
BRDA:85,7,0,0
BRDA:85,7,1,1
BRF:12
BRH:7
end_of_record
TN:
SF:src/components/SendButton/SendButton.tsx
FN:24,(anonymous_0)
FN:31,(anonymous_1)
FNF:2
FNH:2
FNDA:40,(anonymous_0)
FNDA:12,(anonymous_1)
DA:24,26
DA:29,40
DA:30,40
DA:31,40
DA:32,12
DA:33,12
DA:36,40
DA:55,26
LF:8
LH:8
BRDA:44,0,0,40
BRDA:44,0,1,40
BRDA:46,1,0,40
BRDA:46,1,1,0
BRF:4
BRH:3
end_of_record
TN:
SF:src/components/Sheet/Actions.tsx
FN:11,(anonymous_0)
FN:15,(anonymous_1)
FNF:2
FNH:2
FNDA:19,(anonymous_0)
FNDA:5,(anonymous_1)
DA:11,26
DA:12,19
DA:13,19
DA:15,19
DA:16,5
DA:27,19
LF:6
LH:6
BRF:0
BRH:0
end_of_record
TN:
SF:src/components/Sheet/BottomSheetAwareScrollview.tsx
FN:24,(anonymous_0)
FNF:1
FNH:1
FNDA:23,(anonymous_0)
DA:15,25
DA:18,25
DA:23,25
DA:25,23
DA:29,25
LF:5
LH:5
BRF:0
BRH:0
end_of_record
TN:
SF:src/components/Sheet/CustomBackdrop.tsx
FN:10,(anonymous_0)
FN:17,(anonymous_1)
FN:27,(anonymous_2)
FNF:3
FNH:2
FNDA:23,(anonymous_0)
FNDA:0,(anonymous_1)
FNDA:23,(anonymous_2)
DA:10,27
DA:15,23
DA:17,23
DA:26,23
DA:27,23
DA:37,23
LF:6
LH:6
BRF:0
BRH:0
end_of_record
TN:
SF:src/components/Sheet/Sheet.tsx
FN:36,(anonymous_0)
FN:50,(anonymous_1)
FN:59,(anonymous_2)
FN:67,(anonymous_3)
FN:72,(anonymous_4)
FNF:5
FNH:4
FNDA:164,(anonymous_0)
FNDA:88,(anonymous_1)
FNDA:95,(anonymous_2)
FNDA:0,(anonymous_3)
FNDA:137,(anonymous_4)
DA:35,25
DA:47,164
DA:48,164
DA:50,164
DA:51,88
DA:52,0
DA:54,88
DA:57,164
DA:59,164
DA:60,95
DA:61,6
DA:63,89
DA:67,164
DA:68,0
DA:69,0
DA:72,164
DA:73,137
DA:74,9
DA:76,128
DA:79,164
DA:115,25
DA:116,25
DA:117,25
DA:118,25
LF:24
LH:21
BRDA:51,0,0,0
BRDA:51,0,1,88
BRDA:51,1,0,88
BRDA:51,1,1,0
BRDA:51,1,2,0
BRDA:60,2,0,6
BRDA:60,2,1,89
BRDA:73,3,0,9
BRDA:73,3,1,128
BRDA:101,4,0,164
BRDA:101,4,1,164
BRF:11
BRH:8
end_of_record
TN:
SF:src/components/SidebarContent/SidebarContent.tsx
FN:32,(anonymous_0)
FN:42,(anonymous_1)
FN:51,(anonymous_2)
FN:57,(anonymous_3)
FN:59,(anonymous_4)
FN:72,(anonymous_5)
FN:91,(anonymous_6)
FN:92,(anonymous_7)
FN:97,(anonymous_8)
FN:98,(anonymous_9)
FN:103,(anonymous_10)
FN:104,(anonymous_11)
FN:109,(anonymous_12)
FN:110,(anonymous_13)
FN:115,(anonymous_14)
FN:122,(anonymous_15)
FN:128,(anonymous_16)
FN:135,(anonymous_17)
FN:143,(anonymous_18)
FN:150,(anonymous_19)
FN:158,(anonymous_20)
FN:163,(anonymous_21)
FN:169,(anonymous_22)
FN:173,(anonymous_23)
FN:191,(anonymous_24)
FN:196,(anonymous_25)
FN:201,(anonymous_26)
FN:204,(anonymous_27)
FN:219,(anonymous_28)
FNF:29
FNH:14
FNDA:9,(anonymous_0)
FNDA:5,(anonymous_1)
FNDA:0,(anonymous_2)
FNDA:0,(anonymous_3)
FNDA:0,(anonymous_4)
FNDA:0,(anonymous_5)
FNDA:9,(anonymous_6)
FNDA:0,(anonymous_7)
FNDA:9,(anonymous_8)
FNDA:2,(anonymous_9)
FNDA:9,(anonymous_10)
FNDA:0,(anonymous_11)
FNDA:9,(anonymous_12)
FNDA:0,(anonymous_13)
FNDA:9,(anonymous_14)
FNDA:1,(anonymous_15)
FNDA:9,(anonymous_16)
FNDA:0,(anonymous_17)
FNDA:9,(anonymous_18)
FNDA:0,(anonymous_19)
FNDA:18,(anonymous_20)
FNDA:18,(anonymous_21)
FNDA:1,(anonymous_22)
FNDA:0,(anonymous_23)
FNDA:0,(anonymous_24)
FNDA:0,(anonymous_25)
FNDA:0,(anonymous_26)
FNDA:0,(anonymous_27)
FNDA:0,(anonymous_28)
DA:29,26
DA:31,26
DA:33,9
DA:34,9
DA:36,9
DA:38,9
DA:39,9
DA:40,9
DA:42,9
DA:43,5
DA:46,5
DA:51,9
DA:52,0
DA:53,0
DA:54,0
DA:57,9
DA:59,9
DA:60,0
DA:61,0
DA:73,0
DA:74,0
DA:75,0
DA:81,0
DA:84,9
DA:91,9
DA:92,0
DA:97,9
DA:98,2
DA:103,9
DA:104,0
DA:109,9
DA:110,0
DA:116,9
DA:122,1
DA:129,9
DA:135,0
DA:144,9
DA:150,0
DA:159,18
DA:165,18
DA:166,18
DA:170,1
DA:171,1
DA:173,0
DA:192,0
DA:193,0
DA:197,0
DA:201,0
DA:205,0
DA:219,0
LF:50
LH:29
BRDA:60,0,0,0
BRDA:60,0,1,0
BRDA:140,1,0,9
BRDA:140,1,1,9
BRF:4
BRH:2
end_of_record
TN:
SF:src/components/SkillsDisplay/SkillsDisplay.tsx
FN:25,(anonymous_0)
FN:47,(anonymous_1)
FN:135,(anonymous_2)
FN:136,(anonymous_3)
FN:141,(anonymous_4)
FN:148,(anonymous_5)
FN:174,(anonymous_6)
FN:175,(anonymous_7)
FNF:8
FNH:6
FNDA:94,(anonymous_0)
FNDA:26,(anonymous_1)
FNDA:26,(anonymous_2)
FNDA:26,(anonymous_3)
FNDA:0,(anonymous_4)
FNDA:0,(anonymous_5)
FNDA:26,(anonymous_6)
FNDA:26,(anonymous_7)
DA:25,27
DA:37,94
DA:38,94
DA:39,94
DA:41,94
DA:43,94
DA:44,68
DA:47,26
DA:48,26
DA:49,26
DA:52,26
DA:53,26
DA:55,26
DA:56,26
DA:58,0
DA:59,0
DA:66,26
DA:67,26
DA:71,26
DA:75,26
DA:80,26
DA:120,26
DA:121,26
DA:132,0
DA:135,26
DA:136,26
DA:137,26
DA:138,26
DA:141,0
DA:142,0
DA:144,0
DA:150,0
DA:153,0
DA:160,26
DA:174,26
DA:175,26
LF:36
LH:28
BRDA:28,0,0,94
BRDA:29,1,0,94
BRDA:30,2,0,52
BRDA:32,3,0,0
BRDA:35,4,0,8
BRDA:43,5,0,68
BRDA:43,5,1,26
BRDA:49,6,0,26
BRDA:49,6,1,26
BRDA:52,7,0,26
BRDA:52,7,1,0
BRDA:55,8,0,26
BRDA:55,8,1,0
BRDA:56,9,0,0
BRDA:56,9,1,26
BRDA:71,10,0,26
BRDA:71,10,1,26
BRDA:75,11,0,26
BRDA:75,11,1,0
BRDA:80,12,0,26
BRDA:80,12,1,26
BRDA:81,13,0,26
BRDA:81,13,1,0
BRDA:81,13,2,26
BRDA:83,14,0,26
BRDA:83,14,1,0
BRDA:84,15,0,0
BRDA:84,15,1,26
BRDA:92,16,0,26
BRDA:92,16,1,26
BRDA:98,17,0,26
BRDA:98,17,1,8
BRDA:107,18,0,0
BRDA:107,18,1,8
BRDA:120,19,0,26
BRDA:120,19,1,0
BRDA:137,20,0,26
BRDA:137,20,1,0
BRDA:142,21,0,0
BRDA:142,21,1,0
BRDA:150,22,0,0
BRDA:150,22,1,0
BRDA:163,23,0,26
BRDA:163,23,1,0
BRDA:164,24,0,26
BRDA:164,24,1,0
BRDA:166,25,0,26
BRDA:166,25,1,26
BRF:48
BRH:31
end_of_record
TN:
SF:src/components/StatusIcon/StatusIcon.tsx
FN:9,(anonymous_0)
FNF:1
FNH:1
FNDA:32,(anonymous_0)
DA:8,27
DA:20,32
DA:22,32
DA:23,31
DA:26,5
DA:33,5
DA:35,2
DA:42,2
DA:44,5
DA:51,5
DA:53,8
DA:56,8
DA:58,11
DA:62,32
DA:70,27
LF:15
LH:15
BRDA:22,0,0,31
BRDA:22,0,1,1
BRDA:23,1,0,3
BRDA:23,1,1,5
BRDA:23,1,2,2
BRDA:23,1,3,5
BRDA:23,1,4,8
BRDA:23,1,5,11
BRDA:26,2,0,5
BRDA:26,2,1,3
BRDA:35,3,0,2
BRDA:35,3,1,1
BRDA:44,4,0,5
BRDA:44,4,1,4
BRDA:53,5,0,8
BRDA:53,5,1,7
BRDA:62,6,0,20
BRDA:62,6,1,12
BRF:18
BRH:18
end_of_record
TN:
SF:src/components/StopButton/StopButton.tsx
FN:24,(anonymous_0)
FN:31,(anonymous_1)
FNF:2
FNH:2
FNDA:4,(anonymous_0)
FNDA:2,(anonymous_1)
DA:24,26
DA:30,4
DA:31,4
DA:32,2
DA:33,2
DA:35,2
DA:38,4
DA:55,26
LF:8
LH:8
BRDA:32,0,0,2
BRDA:32,0,1,0
BRDA:47,1,0,4
BRDA:47,1,1,0
BRF:4
BRH:2
end_of_record
TN:
SF:src/components/TextDivider/TextDivider.tsx
FN:16,(anonymous_0)
FNF:1
FNH:0
FNDA:0,(anonymous_0)
DA:16,26
DA:21,0
DA:22,0
DA:24,0
LF:4
LH:1
BRF:0
BRH:0
end_of_record
TN:
SF:src/components/TextInput/TextInput.tsx
FN:21,(anonymous_0)
FNF:1
FNH:1
FNDA:884,(anonymous_0)
DA:20,28
DA:22,884
DA:23,884
DA:25,884
DA:32,884
DA:55,28
LF:6
LH:6
BRDA:21,0,0,884
BRDA:25,1,0,228
BRDA:25,1,1,656
BRDA:25,2,0,884
BRDA:25,2,1,626
BRDA:44,3,0,884
BRDA:44,3,1,10
BRDA:45,4,0,9
BRDA:45,4,1,1
BRDA:49,5,0,884
BRDA:49,5,1,0
BRF:11
BRH:10
end_of_record
TN:
SF:src/components/TextMessage/TextMessage.tsx
FN:51,(anonymous_0)
FN:88,(anonymous_1)
FN:94,(anonymous_2)
FN:104,(anonymous_3)
FN:110,(anonymous_4)
FN:118,(anonymous_5)
FN:126,(anonymous_6)
FN:148,(anonymous_7)
FN:157,(anonymous_8)
FN:164,(anonymous_9)
FN:168,(anonymous_10)
FN:177,(anonymous_11)
FN:187,(anonymous_12)
FN:194,(anonymous_13)
FNF:14
FNH:7
FNDA:39,(anonymous_0)
FNDA:1,(anonymous_1)
FNDA:1,(anonymous_2)
FNDA:0,(anonymous_3)
FNDA:0,(anonymous_4)
FNDA:3,(anonymous_5)
FNDA:3,(anonymous_6)
FNDA:0,(anonymous_7)
FNDA:37,(anonymous_8)
FNDA:0,(anonymous_9)
FNDA:0,(anonymous_10)
FNDA:39,(anonymous_11)
FNDA:0,(anonymous_12)
FNDA:0,(anonymous_13)
DA:51,27
DA:59,39
DA:60,39
DA:61,39
DA:62,39
DA:78,39
DA:85,39
DA:86,39
DA:88,39
DA:89,1
DA:90,1
DA:94,39
DA:95,1
DA:96,1
DA:104,39
DA:105,0
DA:107,0
DA:110,39
DA:111,0
DA:118,39
DA:119,3
DA:126,39
DA:127,3
DA:148,39
DA:149,0
DA:157,39
DA:158,37
DA:159,37
DA:162,0
DA:165,0
DA:168,0
DA:177,39
DA:178,39
DA:179,39
DA:182,0
DA:187,0
DA:194,0
DA:206,39
LF:38
LH:28
BRDA:85,0,0,39
BRDA:85,0,1,39
BRDA:86,1,0,39
BRDA:86,1,1,39
BRDA:105,2,0,0
BRDA:105,2,1,0
BRDA:158,3,0,37
BRDA:158,3,1,0
BRDA:178,4,0,39
BRDA:178,4,1,0
BRDA:208,5,0,2
BRDA:208,5,1,37
BRDA:208,6,0,39
BRDA:208,6,1,39
BRDA:208,6,2,2
BRDA:213,7,0,0
BRDA:213,7,1,2
BRDA:216,8,0,2
BRDA:216,8,1,0
BRF:19
BRH:13
end_of_record
TN:
SF:src/components/ThinkingBubble/ThinkingBubble.tsx
FN:41,(anonymous_0)
FN:58,(anonymous_1)
FN:87,(anonymous_2)
FN:89,(anonymous_3)
FN:112,(anonymous_4)
FN:113,(anonymous_5)
FN:139,(anonymous_6)
FN:183,(anonymous_7)
FN:187,(anonymous_8)
FN:194,(anonymous_9)
FN:235,(anonymous_10)
FN:287,(anonymous_11)
FN:314,(anonymous_12)
FNF:13
FNH:7
FNDA:13,(anonymous_0)
FNDA:5,(anonymous_1)
FNDA:0,(anonymous_2)
FNDA:0,(anonymous_3)
FNDA:0,(anonymous_4)
FNDA:0,(anonymous_5)
FNDA:5,(anonymous_6)
FNDA:12,(anonymous_7)
FNDA:3,(anonymous_8)
FNDA:5,(anonymous_9)
FNDA:5,(anonymous_10)
FNDA:0,(anonymous_11)
FNDA:0,(anonymous_12)
DA:24,29
DA:28,0
DA:41,29
DA:42,13
DA:43,13
DA:44,13
DA:46,13
DA:51,13
DA:53,13
DA:56,13
DA:58,13
DA:60,5
DA:64,5
DA:66,5
DA:68,4
DA:89,0
DA:91,0
DA:97,1
DA:113,0
DA:115,0
DA:122,5
DA:124,1
DA:125,1
DA:126,1
DA:128,3
DA:129,3
DA:130,3
DA:132,1
DA:133,1
DA:134,1
DA:139,13
DA:141,5
DA:143,5
DA:145,1
DA:153,4
DA:163,13
DA:168,13
DA:175,13
DA:177,13
DA:180,13
DA:183,13
DA:185,12
DA:187,9
DA:188,3
DA:194,13
DA:197,5
DA:200,5
DA:202,4
DA:218,1
DA:235,13
DA:236,5
DA:237,5
DA:240,13
DA:288,0
DA:315,0
LF:55
LH:48
BRDA:24,0,0,0
BRDA:24,0,1,29
BRDA:25,1,0,29
BRDA:25,1,1,0
BRDA:60,2,0,5
BRDA:60,2,1,4
BRDA:66,3,0,4
BRDA:66,3,1,1
BRDA:122,4,0,1
BRDA:122,4,1,3
BRDA:122,4,2,1
BRDA:143,5,0,1
BRDA:143,5,1,4
BRDA:170,6,0,13
BRDA:170,6,1,1
BRDA:171,7,0,13
BRDA:171,7,1,9
BRDA:172,8,0,13
BRDA:172,8,1,3
BRDA:185,9,0,9
BRDA:185,9,1,3
BRDA:185,10,0,12
BRDA:185,10,1,9
BRDA:197,11,0,5
BRDA:197,11,1,4
BRDA:200,12,0,4
BRDA:200,12,1,1
BRDA:242,13,0,13
BRDA:242,13,1,12
BRDA:250,14,0,13
BRDA:250,14,1,1
BRDA:259,15,0,13
BRDA:259,15,1,1
BRDA:270,16,0,1
BRDA:270,16,1,12
BRDA:271,17,0,1
BRDA:271,17,1,12
BRDA:278,18,0,13
BRDA:278,18,1,12
BRDA:281,19,0,1
BRDA:281,19,1,11
BRDA:281,20,0,12
BRDA:281,20,1,9
BRDA:292,21,0,8
BRDA:292,21,1,3
BRF:45
BRH:43
end_of_record
TN:
SF:src/components/UsageStats/UsageStats.tsx
FN:30,(anonymous_0)
FN:44,(anonymous_1)
FN:46,(anonymous_2)
FN:52,(anonymous_3)
FN:58,(anonymous_4)
FN:61,(anonymous_5)
FN:64,(anonymous_6)
FN:69,(anonymous_7)
FN:79,(anonymous_8)
FN:94,(anonymous_9)
FN:134,(anonymous_10)
FN:136,(anonymous_11)
FN:168,(anonymous_12)
FNF:13
FNH:12
FNDA:12,(anonymous_0)
FNDA:3,(anonymous_1)
FNDA:3,(anonymous_2)
FNDA:3,(anonymous_3)
FNDA:3,(anonymous_4)
FNDA:3,(anonymous_5)
FNDA:12,(anonymous_6)
FNDA:0,(anonymous_7)
FNDA:4,(anonymous_8)
FNDA:2,(anonymous_9)
FNDA:3,(anonymous_10)
FNDA:3,(anonymous_11)
FNDA:36,(anonymous_12)
DA:30,26
DA:34,12
DA:35,12
DA:36,12
DA:41,12
DA:42,12
DA:44,12
DA:46,12
DA:47,3
DA:48,3
DA:49,3
DA:50,3
DA:51,3
DA:52,3
DA:54,0
DA:58,12
DA:59,3
DA:60,3
DA:61,3
DA:64,12
DA:65,12
DA:66,12
DA:69,0
DA:70,0
DA:71,0
DA:72,0
DA:75,0
DA:78,12
DA:80,4
DA:81,0
DA:83,4
DA:84,4
DA:85,4
DA:86,4
DA:91,12
DA:93,12
DA:95,2
DA:133,12
DA:135,3
DA:144,3
DA:145,3
DA:152,12
DA:169,36
LF:43
LH:36
BRDA:31,0,0,0
BRDA:32,1,0,0
BRDA:65,2,0,12
BRDA:65,2,1,0
BRDA:80,3,0,0
BRDA:80,3,1,4
BRDA:190,4,0,12
BRDA:190,4,1,2
BRF:8
BRH:4
end_of_record
TN:
SF:src/components/VideoPalEmptyPlaceholder/VideoPalEmptyPlaceholder.tsx
FN:15,(anonymous_0)
FNF:1
FNH:0
FNDA:0,(anonymous_0)
DA:14,26
DA:16,0
DA:17,0
DA:18,0
DA:20,0
LF:5
LH:1
BRF:0
BRH:0
end_of_record
TN:
SF:src/components/VisionControlSheet/VisionControlSheet.tsx
FN:21,(anonymous_0)
FN:33,(anonymous_1)
FN:43,(anonymous_2)
FN:47,(anonymous_3)
FN:86,(anonymous_4)
FN:96,(anonymous_5)
FNF:6
FNH:5
FNDA:86,(anonymous_0)
FNDA:0,(anonymous_1)
FNDA:1,(anonymous_2)
FNDA:86,(anonymous_3)
FNDA:86,(anonymous_4)
FNDA:86,(anonymous_5)
DA:21,26
DA:26,86
DA:27,86
DA:28,86
DA:30,86
DA:31,86
DA:33,86
DA:34,0
DA:35,0
DA:37,0
DA:43,86
DA:44,1
DA:47,86
DA:49,86
DA:51,86
DA:86,86
DA:87,86
DA:96,86
DA:97,86
DA:98,86
DA:99,0
DA:101,86
DA:104,86
LF:23
LH:19
BRDA:49,0,0,86
BRDA:49,0,1,8
BRDA:49,0,2,0
BRDA:55,1,0,86
BRDA:55,1,1,0
BRDA:57,2,0,86
BRDA:57,2,1,8
BRDA:59,3,0,86
BRDA:59,3,1,0
BRDA:66,4,0,86
BRDA:66,4,1,0
BRDA:77,5,0,86
BRDA:77,5,1,0
BRDA:98,6,0,0
BRDA:98,6,1,86
BRF:15
BRH:9
end_of_record
TN:
SF:src/components/VisionDownloadSheet/VisionDownloadSheet.tsx
FN:30,(anonymous_0)
FN:49,(anonymous_1)
FN:51,(anonymous_2)
FN:54,(anonymous_3)
FN:61,(anonymous_4)
FN:65,(anonymous_5)
FN:80,(anonymous_6)
FN:102,(anonymous_7)
FNF:8
FNH:4
FNDA:15,(anonymous_0)
FNDA:15,(anonymous_1)
FNDA:0,(anonymous_2)
FNDA:0,(anonymous_3)
FNDA:0,(anonymous_4)
FNDA:0,(anonymous_5)
FNDA:15,(anonymous_6)
FNDA:15,(anonymous_7)
DA:30,26
DA:37,15
DA:38,15
DA:39,15
DA:41,15
DA:43,15
DA:46,15
DA:49,15
DA:50,15
DA:51,15
DA:54,15
DA:55,0
DA:56,0
DA:57,0
DA:61,15
DA:62,0
DA:65,15
DA:66,0
DA:67,0
DA:68,0
DA:72,0
DA:74,0
DA:76,0
DA:80,15
DA:81,15
DA:102,15
DA:103,15
DA:104,0
DA:119,15
DA:130,15
LF:30
LH:19
BRDA:50,0,0,15
BRDA:50,0,1,0
BRDA:56,1,0,0
BRDA:56,1,1,0
BRDA:70,2,0,0
BRDA:70,2,1,0
BRDA:84,3,0,15
BRDA:84,3,1,0
BRDA:86,4,0,15
BRDA:86,4,1,0
BRDA:92,5,0,15
BRDA:92,5,1,0
BRDA:103,6,0,0
BRDA:103,6,1,15
BRDA:153,7,0,0
BRDA:153,7,1,15
BRF:16
BRH:6
end_of_record
TN:
SF:src/config/urls.ts
FN:8,(anonymous_0)
FN:9,(anonymous_1)
FN:10,(anonymous_2)
FN:13,(anonymous_3)
FN:15,(anonymous_4)
FN:18,(anonymous_5)
FN:21,(anonymous_6)
FNF:7
FNH:7
FNDA:3,(anonymous_0)
FNDA:1,(anonymous_1)
FNDA:1,(anonymous_2)
FNDA:6,(anonymous_3)
FNDA:3,(anonymous_4)
FNDA:7,(anonymous_5)
FNDA:7,(anonymous_6)
DA:3,10
DA:4,10
DA:6,10
DA:8,3
DA:9,1
DA:10,1
DA:14,6
DA:15,3
DA:18,7
DA:21,7
LF:10
LH:10
BRF:0
BRH:0
end_of_record
TN:
SF:src/database/migrations.ts
FNF:0
FNH:0
LF:0
LH:0
BRF:0
BRH:0
end_of_record
TN:
SF:src/database/schema.ts
FNF:0
FNH:0
LF:0
LH:0
BRF:0
BRH:0
end_of_record
TN:
SF:src/database/setup.ts
FN:14,(anonymous_0)
FNF:1
FNH:0
FNDA:0,(anonymous_0)
DA:9,0
DA:15,0
DA:19,0
LF:3
LH:0
BRF:0
BRH:0
end_of_record
TN:
SF:src/database/models/ChatSession.ts
FNF:0
FNH:0
DA:6,0
DA:8,0
LF:2
LH:0
BRF:0
BRH:0
end_of_record
TN:
SF:src/database/models/CompletionSetting.ts
FN:19,(anonymous_0)
FN:43,(anonymous_1)
FN:49,(anonymous_2)
FNF:3
FNH:0
FNDA:0,(anonymous_0)
FNDA:0,(anonymous_1)
FNDA:0,(anonymous_2)
DA:7,0
DA:9,0
DA:20,0
DA:21,0
DA:24,0
DA:26,0
DA:27,0
DA:30,0
DA:35,0
DA:37,0
DA:39,0
DA:45,0
DA:46,0
DA:49,0
DA:50,0
LF:15
LH:0
BRDA:26,0,0,0
BRDA:26,0,1,0
BRDA:45,1,0,0
BRDA:45,1,1,0
BRF:4
BRH:0
end_of_record
TN:
SF:src/database/models/GlobalSetting.ts
FN:15,(anonymous_0)
FN:47,(anonymous_1)
FN:56,(anonymous_2)
FNF:3
FNH:0
FNDA:0,(anonymous_0)
FNDA:0,(anonymous_1)
FNDA:0,(anonymous_2)
DA:7,0
DA:17,0
DA:18,0
DA:19,0
DA:22,0
DA:26,0
DA:27,0
DA:30,0
DA:35,0
DA:37,0
DA:39,0
DA:44,0
DA:49,0
DA:50,0
DA:51,0
DA:52,0
DA:56,0
DA:57,0
LF:18
LH:0
BRDA:17,0,0,0
BRDA:17,0,1,0
BRDA:26,1,0,0
BRDA:26,1,1,0
BRDA:49,2,0,0
BRDA:49,2,1,0
BRDA:51,3,0,0
BRDA:51,3,1,0
BRF:8
BRH:0
end_of_record
TN:
SF:src/database/models/Message.ts
FN:20,(anonymous_0)
FNF:1
FNH:0
FNDA:0,(anonymous_0)
DA:6,0
DA:8,0
DA:21,0
DA:23,0
DA:28,0
DA:29,0
DA:41,0
LF:7
LH:0
BRDA:21,0,0,0
BRDA:21,0,1,0
BRDA:25,1,0,0
BRDA:25,1,1,0
BRDA:28,2,0,0
BRDA:28,2,1,0
BRDA:32,3,0,0
BRDA:32,3,1,0
BRF:8
BRH:0
end_of_record
TN:
SF:src/hooks/useChatSession.ts
FN:21,(anonymous_0)
FN:62,(anonymous_1)
FN:78,(anonymous_2)
FN:90,(anonymous_3)
FN:151,(anonymous_4)
FN:174,(anonymous_5)
FN:192,(anonymous_6)
FN:232,(anonymous_7)
FN:246,(anonymous_8)
FN:248,(anonymous_9)
FN:256,(anonymous_10)
FN:267,(anonymous_11)
FN:271,(anonymous_12)
FN:283,(anonymous_13)
FN:326,(anonymous_14)
FN:330,(anonymous_15)
FN:336,(anonymous_16)
FN:379,(anonymous_17)
FN:398,(anonymous_18)
FN:439,(anonymous_19)
FN:444,(anonymous_20)
FN:454,(anonymous_21)
FN:478,(anonymous_22)
FNF:23
FNH:19
FNDA:12,(anonymous_0)
FNDA:0,(anonymous_1)
FNDA:3,(anonymous_2)
FNDA:0,(anonymous_3)
FNDA:30,(anonymous_4)
FNDA:1,(anonymous_5)
FNDA:3,(anonymous_6)
FNDA:3,(anonymous_7)
FNDA:20,(anonymous_8)
FNDA:19,(anonymous_9)
FNDA:8,(anonymous_10)
FNDA:17,(anonymous_11)
FNDA:5,(anonymous_12)
FNDA:13,(anonymous_13)
FNDA:12,(anonymous_14)
FNDA:0,(anonymous_15)
FNDA:12,(anonymous_16)
FNDA:3,(anonymous_17)
FNDA:2,(anonymous_18)
FNDA:1,(anonymous_19)
FNDA:2,(anonymous_20)
FNDA:0,(anonymous_21)
FNDA:14,(anonymous_22)
DA:21,52
DA:44,12
DA:45,12
DA:48,12
DA:56,12
DA:60,12
DA:61,0
DA:62,0
DA:67,12
DA:69,0
DA:75,12
DA:76,12
DA:78,3
DA:85,12
DA:89,12
DA:90,0
DA:91,0
DA:92,0
DA:97,0
DA:102,12
DA:112,12
DA:119,12
DA:124,12
DA:125,12
DA:142,12
DA:148,12
DA:151,52
DA:160,30
DA:161,30
DA:165,30
DA:168,30
DA:169,30
DA:170,30
DA:171,30
DA:174,30
DA:175,1
DA:176,0
DA:179,1
DA:180,1
DA:182,1
DA:184,1
DA:185,1
DA:186,1
DA:188,1
DA:190,1
DA:192,1
DA:193,3
DA:197,1
DA:198,1
DA:199,1
DA:207,0
DA:212,1
DA:215,1
DA:216,0
DA:218,0
DA:219,0
DA:224,0
DA:231,30
DA:234,3
DA:237,3
DA:238,1
DA:246,30
DA:247,20
DA:248,20
DA:250,19
DA:252,0
DA:256,19
DA:257,8
DA:259,8
DA:260,0
DA:261,0
DA:267,30
DA:268,17
DA:271,30
DA:272,5
DA:280,5
DA:283,30
DA:285,13
DA:286,13
DA:287,13
DA:288,1
DA:289,1
DA:293,12
DA:295,12
DA:298,12
DA:312,12
DA:313,12
DA:314,12
DA:315,12
DA:318,12
DA:319,12
DA:321,0
DA:325,12
DA:326,12
DA:328,12
DA:329,12
DA:330,0
DA:331,0
DA:332,0
DA:336,12
DA:338,12
DA:342,10
DA:347,2
DA:351,2
DA:352,0
DA:354,2
DA:363,12
DA:376,12
DA:378,12
DA:379,12
DA:380,3
DA:381,3
DA:382,1
DA:386,3
DA:397,9
DA:398,2
DA:403,9
DA:415,8
DA:416,8
DA:417,8
DA:419,3
DA:420,3
DA:421,3
DA:422,3
DA:423,3
DA:425,0
DA:427,3
DA:431,11
DA:432,11
DA:434,0
DA:439,30
DA:440,1
DA:441,1
DA:444,30
DA:445,2
DA:446,2
DA:447,1
DA:450,2
DA:451,0
DA:453,0
DA:454,0
DA:457,0
DA:460,2
DA:461,2
DA:463,2
DA:464,2
DA:466,0
DA:473,30
DA:478,14
LF:149
LH:121
BRDA:56,0,0,12
BRDA:56,0,1,12
BRDA:60,1,0,0
BRDA:60,1,1,12
BRDA:60,2,0,12
BRDA:60,2,1,0
BRDA:67,3,0,0
BRDA:67,3,1,12
BRDA:67,4,0,12
BRDA:67,4,1,0
BRDA:78,5,0,3
BRDA:78,5,1,3
BRDA:89,6,0,0
BRDA:89,6,1,12
BRDA:91,7,0,0
BRDA:91,7,1,0
BRDA:91,8,0,0
BRDA:91,8,1,0
BRDA:175,9,0,0
BRDA:175,9,1,1
BRDA:175,10,0,1
BRDA:175,10,1,1
BRDA:188,11,0,1
BRDA:188,11,1,0
BRDA:188,12,0,1
BRDA:188,12,1,1
BRDA:193,13,0,3
BRDA:193,13,1,1
BRDA:215,14,0,0
BRDA:215,14,1,1
BRDA:216,15,0,0
BRDA:216,15,1,0
BRDA:218,16,0,0
BRDA:218,16,1,0
BRDA:237,17,0,1
BRDA:237,17,1,2
BRDA:237,18,0,3
BRDA:237,18,1,1
BRDA:250,19,0,0
BRDA:250,19,1,19
BRDA:250,20,0,19
BRDA:250,20,1,0
BRDA:259,21,0,0
BRDA:259,21,1,8
BRDA:271,22,0,5
BRDA:287,23,0,1
BRDA:287,23,1,12
BRDA:293,24,0,12
BRDA:293,24,1,0
BRDA:304,25,0,0
BRDA:304,25,1,12
BRDA:329,26,0,0
BRDA:329,26,1,12
BRDA:331,27,0,0
BRDA:331,27,1,0
BRDA:338,28,0,10
BRDA:338,28,1,2
BRDA:339,29,0,12
BRDA:339,29,1,12
BRDA:347,30,0,2
BRDA:347,30,1,2
BRDA:347,30,2,0
BRDA:351,31,0,0
BRDA:351,31,1,2
BRDA:364,32,0,12
BRDA:364,32,1,12
BRDA:380,33,0,3
BRDA:380,33,1,0
BRDA:380,34,0,3
BRDA:380,34,1,3
BRDA:381,35,0,1
BRDA:381,35,1,2
BRDA:397,36,0,11
BRDA:397,36,1,9
BRDA:411,37,0,8
BRDA:411,37,1,0
BRDA:423,38,0,0
BRDA:423,38,1,3
BRDA:446,39,0,1
BRDA:446,39,1,1
BRDA:446,40,0,2
BRDA:446,40,1,1
BRDA:450,41,0,0
BRDA:450,41,1,2
BRDA:450,42,0,2
BRDA:450,42,1,2
BRDA:453,43,0,0
BRDA:453,43,1,0
BRF:88
BRH:56
end_of_record
TN:
SF:src/hooks/useKeepAwake.ts
FN:15,useKeepAwake
FN:16,(anonymous_1)
FN:19,(anonymous_2)
FNF:3
FNH:0
FNDA:0,useKeepAwake
FNDA:0,(anonymous_1)
FNDA:0,(anonymous_2)
DA:16,0
DA:17,0
DA:18,0
DA:19,0
DA:20,0
DA:21,0
DA:23,0
DA:27,0
LF:8
LH:0
BRF:0
BRH:0
end_of_record
TN:
SF:src/hooks/useMemoryCheck.ts
FN:8,memoryRequirementEstimate
FN:25,(anonymous_1)
FN:47,(anonymous_2)
FN:59,(anonymous_3)
FN:65,(anonymous_4)
FN:66,(anonymous_5)
FNF:6
FNH:6
FNDA:21,memoryRequirementEstimate
FNDA:4,(anonymous_1)
FNDA:22,(anonymous_2)
FNDA:55,(anonymous_3)
FNDA:22,(anonymous_4)
FNDA:22,(anonymous_5)
DA:6,2
DA:11,21
DA:14,21
DA:16,4
DA:19,17
DA:25,2
DA:26,4
DA:27,4
DA:28,4
DA:31,4
DA:34,4
DA:37,4
DA:38,4
DA:40,4
DA:42,0
DA:43,0
DA:47,2
DA:51,22
DA:52,21
DA:53,21
DA:54,21
DA:56,21
DA:59,2
DA:60,55
DA:61,55
DA:62,55
DA:63,55
DA:65,55
DA:66,22
DA:68,22
DA:69,22
DA:70,22
DA:72,22
DA:73,22
DA:75,21
DA:76,6
DA:77,6
DA:81,21
DA:82,4
DA:83,4
DA:84,4
DA:89,1
DA:90,1
DA:91,1
DA:92,1
DA:96,22
DA:99,55
LF:47
LH:45
BRDA:8,0,0,0
BRDA:14,1,0,4
BRDA:14,1,1,17
BRDA:31,2,0,4
BRDA:31,2,1,0
BRDA:34,3,0,4
BRDA:34,3,1,0
BRDA:40,4,0,4
BRDA:40,4,1,0
BRDA:49,5,0,0
BRDA:59,6,0,33
BRDA:75,7,0,6
BRDA:75,7,1,15
BRDA:81,8,0,4
BRDA:81,8,1,17
BRDA:83,9,0,4
BRDA:83,9,1,0
BRF:17
BRH:11
end_of_record
TN:
SF:src/hooks/useMessageActions.ts
FN:17,(anonymous_0)
FN:24,(anonymous_1)
FN:31,(anonymous_2)
FN:45,(anonymous_3)
FN:67,(anonymous_4)
FN:70,(anonymous_5)
FN:93,(anonymous_6)
FN:98,(anonymous_7)
FNF:8
FNH:6
FNDA:50,(anonymous_0)
FNDA:1,(anonymous_1)
FNDA:2,(anonymous_2)
FNDA:4,(anonymous_3)
FNDA:0,(anonymous_4)
FNDA:0,(anonymous_5)
FNDA:2,(anonymous_6)
FNDA:1,(anonymous_7)
DA:17,52
DA:24,50
DA:25,1
DA:26,1
DA:30,50
DA:32,2
DA:33,1
DA:37,1
DA:38,1
DA:39,1
DA:44,50
DA:46,4
DA:47,0
DA:51,4
DA:53,4
DA:54,4
DA:56,4
DA:57,4
DA:67,0
DA:68,0
DA:70,0
DA:74,0
DA:75,0
DA:76,0
DA:77,0
DA:78,0
DA:92,50
DA:94,2
DA:95,1
DA:96,1
DA:98,1
DA:99,1
DA:100,1
DA:101,1
DA:107,50
LF:35
LH:26
BRDA:25,0,0,1
BRDA:25,0,1,0
BRDA:32,1,0,1
BRDA:32,1,1,1
BRDA:32,2,0,2
BRDA:32,2,1,2
BRDA:39,3,0,0
BRDA:39,3,1,0
BRDA:46,4,0,0
BRDA:46,4,1,4
BRDA:51,5,0,4
BRDA:51,5,1,0
BRDA:61,6,0,0
BRDA:61,6,1,4
BRDA:61,7,0,4
BRDA:61,7,1,0
BRDA:70,8,0,0
BRDA:70,8,1,0
BRDA:74,9,0,0
BRDA:74,9,1,0
BRDA:74,10,0,0
BRDA:74,10,1,0
BRDA:82,11,0,0
BRDA:82,11,1,0
BRDA:82,12,0,0
BRDA:82,12,1,0
BRDA:94,13,0,1
BRDA:94,13,1,1
BRDA:99,14,0,1
BRDA:99,14,1,0
BRF:30
BRH:12
end_of_record
TN:
SF:src/hooks/useMoveScroll.ts
FN:7,(anonymous_0)
FN:12,(anonymous_1)
FN:15,(anonymous_2)
FN:20,(anonymous_3)
FN:25,(anonymous_4)
FN:27,(anonymous_5)
FNF:6
FNH:0
FNDA:0,(anonymous_0)
FNDA:0,(anonymous_1)
FNDA:0,(anonymous_2)
FNDA:0,(anonymous_3)
FNDA:0,(anonymous_4)
FNDA:0,(anonymous_5)
DA:7,51
DA:8,0
DA:9,0
DA:10,0
DA:12,0
DA:13,0
DA:16,0
DA:20,0
DA:21,0
DA:25,0
DA:26,0
DA:27,0
DA:28,0
DA:29,0
DA:37,0
LF:15
LH:1
BRDA:9,0,0,0
BRDA:9,0,1,0
BRDA:26,1,0,0
BRDA:26,1,1,0
BRDA:28,2,0,0
BRDA:28,2,1,0
BRF:6
BRH:0
end_of_record
TN:
SF:src/hooks/usePrevious.ts
FN:3,(anonymous_0)
FN:6,(anonymous_1)
FNF:2
FNH:2
FNDA:43,(anonymous_0)
FNDA:43,(anonymous_1)
DA:3,51
DA:4,43
DA:6,43
DA:7,43
DA:10,43
LF:5
LH:5
BRF:0
BRH:0
end_of_record
TN:
SF:src/hooks/useStorageCheck.ts
FN:24,(anonymous_0)
FN:38,(anonymous_1)
FN:41,(anonymous_2)
FN:91,(anonymous_3)
FNF:4
FNH:4
FNDA:96,(anonymous_0)
FNDA:45,(anonymous_1)
FNDA:45,(anonymous_2)
FNDA:45,(anonymous_3)
DA:24,52
DA:28,96
DA:29,96
DA:31,96
DA:38,96
DA:39,45
DA:41,45
DA:42,45
DA:43,45
DA:48,30
DA:51,15
DA:52,15
DA:53,1
DA:56,14
DA:57,1
DA:58,1
DA:59,0
DA:63,1
DA:67,1
DA:72,13
DA:78,0
DA:79,0
DA:80,0
DA:85,45
DA:87,45
DA:88,45
DA:91,45
DA:92,45
DA:93,45
DA:94,45
DA:99,96
LF:31
LH:27
BRDA:26,0,0,5
BRDA:28,1,0,5
BRDA:28,2,0,5
BRDA:43,3,0,30
BRDA:43,3,1,15
BRDA:44,4,0,45
BRDA:44,4,1,15
BRDA:44,4,2,15
BRDA:52,5,0,1
BRDA:52,5,1,14
BRDA:56,6,0,1
BRDA:56,6,1,13
BRDA:58,7,0,0
BRDA:58,7,1,1
BRDA:78,8,0,0
BRDA:78,8,1,0
BRDA:87,9,0,45
BRDA:87,9,1,0
BRDA:93,10,0,45
BRDA:93,10,1,0
BRF:20
BRH:15
end_of_record
TN:
SF:src/hooks/useStructuredOutput.ts
FN:9,(anonymous_0)
FN:16,(anonymous_1)
FN:25,(anonymous_2)
FN:45,(anonymous_3)
FNF:4
FNH:2
FNDA:114,(anonymous_0)
FNDA:0,(anonymous_1)
FNDA:5,(anonymous_2)
FNDA:0,(anonymous_3)
DA:9,5
DA:10,114
DA:11,114
DA:12,114
DA:14,114
DA:16,114
DA:17,0
DA:18,0
DA:19,0
DA:20,0
DA:24,114
DA:35,5
DA:36,1
DA:39,4
DA:40,4
DA:41,4
DA:43,4
DA:45,4
DA:47,4
DA:64,3
DA:66,3
DA:69,1
DA:70,1
DA:71,1
DA:73,4
DA:74,4
DA:80,114
LF:27
LH:23
BRDA:17,0,0,0
BRDA:17,0,1,0
BRDA:35,1,0,1
BRDA:35,1,1,4
BRDA:56,2,0,4
BRDA:56,2,1,3
BRDA:57,3,0,4
BRDA:57,3,1,3
BRDA:58,4,0,4
BRDA:58,4,1,3
BRDA:69,5,0,1
BRDA:69,5,1,0
BRF:12
BRH:9
end_of_record
TN:
SF:src/hooks/useTheme.ts
FN:8,(anonymous_0)
FNF:1
FNH:1
FNDA:2,(anonymous_0)
DA:8,1
DA:9,2
DA:11,2
DA:13,2
LF:4
LH:4
BRDA:11,0,0,1
BRDA:11,0,1,1
BRF:2
BRH:2
end_of_record
TN:
SF:src/repositories/ChatSessionRepository.ts
FN:28,(anonymous_0)
FN:56,(anonymous_1)
FN:62,(anonymous_2)
FN:77,(anonymous_3)
FN:119,(anonymous_4)
FN:152,(anonymous_5)
FN:171,(anonymous_6)
FN:180,(anonymous_7)
FN:188,(anonymous_8)
FN:217,(anonymous_9)
FN:225,(anonymous_10)
FN:229,(anonymous_11)
FN:242,(anonymous_12)
FN:270,(anonymous_13)
FN:288,(anonymous_14)
FN:292,(anonymous_15)
FN:298,(anonymous_16)
FN:325,(anonymous_17)
FN:331,(anonymous_18)
FN:339,(anonymous_19)
FN:368,(anonymous_20)
FN:385,(anonymous_21)
FN:393,(anonymous_22)
FN:402,(anonymous_23)
FN:403,(anonymous_24)
FN:421,(anonymous_25)
FN:436,(anonymous_26)
FN:440,(anonymous_27)
FN:447,(anonymous_28)
FN:462,(anonymous_29)
FN:465,(anonymous_30)
FN:475,(anonymous_31)
FN:481,(anonymous_32)
FN:490,(anonymous_33)
FN:494,(anonymous_34)
FN:500,(anonymous_35)
FN:501,(anonymous_36)
FN:508,(anonymous_37)
FN:512,(anonymous_38)
FN:518,(anonymous_39)
FN:519,(anonymous_40)
FN:526,(anonymous_41)
FN:530,(anonymous_42)
FN:536,(anonymous_43)
FN:542,(anonymous_44)
FN:553,(anonymous_45)
FN:585,(anonymous_46)
FN:602,(anonymous_47)
FN:614,(anonymous_48)
FN:638,(anonymous_49)
FN:644,(anonymous_50)
FN:658,(anonymous_51)
FNF:52
FNH:0
FNDA:0,(anonymous_0)
FNDA:0,(anonymous_1)
FNDA:0,(anonymous_2)
FNDA:0,(anonymous_3)
FNDA:0,(anonymous_4)
FNDA:0,(anonymous_5)
FNDA:0,(anonymous_6)
FNDA:0,(anonymous_7)
FNDA:0,(anonymous_8)
FNDA:0,(anonymous_9)
FNDA:0,(anonymous_10)
FNDA:0,(anonymous_11)
FNDA:0,(anonymous_12)
FNDA:0,(anonymous_13)
FNDA:0,(anonymous_14)
FNDA:0,(anonymous_15)
FNDA:0,(anonymous_16)
FNDA:0,(anonymous_17)
FNDA:0,(anonymous_18)
FNDA:0,(anonymous_19)
FNDA:0,(anonymous_20)
FNDA:0,(anonymous_21)
FNDA:0,(anonymous_22)
FNDA:0,(anonymous_23)
FNDA:0,(anonymous_24)
FNDA:0,(anonymous_25)
FNDA:0,(anonymous_26)
FNDA:0,(anonymous_27)
FNDA:0,(anonymous_28)
FNDA:0,(anonymous_29)
FNDA:0,(anonymous_30)
FNDA:0,(anonymous_31)
FNDA:0,(anonymous_32)
FNDA:0,(anonymous_33)
FNDA:0,(anonymous_34)
FNDA:0,(anonymous_35)
FNDA:0,(anonymous_36)
FNDA:0,(anonymous_37)
FNDA:0,(anonymous_38)
FNDA:0,(anonymous_39)
FNDA:0,(anonymous_40)
FNDA:0,(anonymous_41)
FNDA:0,(anonymous_42)
FNDA:0,(anonymous_43)
FNDA:0,(anonymous_44)
FNDA:0,(anonymous_45)
FNDA:0,(anonymous_46)
FNDA:0,(anonymous_47)
FNDA:0,(anonymous_48)
FNDA:0,(anonymous_49)
FNDA:0,(anonymous_50)
FNDA:0,(anonymous_51)
DA:22,0
DA:23,0
DA:24,0
DA:29,0
DA:31,0
DA:32,0
DA:34,0
DA:35,0
DA:36,0
DA:40,0
DA:41,0
DA:43,0
DA:45,0
DA:46,0
DA:49,0
DA:52,0
DA:53,0
DA:56,0
DA:58,0
DA:60,0
DA:63,0
DA:64,0
DA:65,0
DA:66,0
DA:71,0
DA:75,0
DA:78,0
DA:79,0
DA:82,0
DA:83,0
DA:88,0
DA:91,0
DA:94,0
DA:95,0
DA:100,0
DA:109,0
DA:111,0
DA:112,0
DA:117,0
DA:120,0
DA:121,0
DA:122,0
DA:123,0
DA:125,0
DA:126,0
DA:127,0
DA:128,0
DA:131,0
DA:132,0
DA:138,0
DA:139,0
DA:141,0
DA:142,0
DA:144,0
DA:148,0
DA:150,0
DA:153,0
DA:154,0
DA:160,0
DA:161,0
DA:163,0
DA:165,0
DA:166,0
DA:172,0
DA:176,0
DA:185,0
DA:188,0
DA:190,0
DA:191,0
DA:194,0
DA:201,0
DA:207,0
DA:209,0
DA:225,0
DA:227,0
DA:230,0
DA:231,0
DA:232,0
DA:233,0
DA:238,0
DA:240,0
DA:243,0
DA:244,0
DA:248,0
DA:249,0
DA:251,0
DA:252,0
DA:254,0
DA:259,0
DA:266,0
DA:267,0
DA:270,0
DA:271,0
DA:272,0
DA:273,0
DA:274,0
DA:276,0
DA:277,0
DA:278,0
DA:279,0
DA:284,0
DA:289,0
DA:292,0
DA:294,0
DA:295,0
DA:298,0
DA:300,0
DA:305,0
DA:306,0
DA:310,0
DA:315,0
DA:316,0
DA:320,0
DA:331,0
DA:333,0
DA:339,0
DA:340,0
DA:343,0
[...]
BRDA:1558,159,0,1
BRDA:1558,159,1,6
BRDA:1567,160,0,2
BRDA:1567,160,1,1
BRDA:1587,161,0,1
BRDA:1587,161,1,2
BRDA:1587,162,0,3
BRDA:1587,162,1,3
BRDA:1592,163,0,1
BRDA:1592,163,1,1
BRDA:1593,164,0,2
BRDA:1593,164,1,1
BRDA:1598,165,0,3
BRDA:1598,165,1,2
BRDA:1605,166,0,1
BRDA:1605,166,1,0
BRDA:1611,167,0,3
BRDA:1611,167,1,2
BRDA:1626,168,0,1
BRDA:1626,168,1,0
BRDA:1626,169,0,1
BRDA:1626,169,1,1
BRDA:1640,170,0,1
BRDA:1640,170,1,1
BRDA:1640,171,0,2
BRDA:1640,171,1,2
BRDA:1640,171,2,2
BRDA:1655,172,0,42
BRDA:1655,172,1,19
BRDA:1655,172,2,13
BRDA:1697,173,0,0
BRDA:1697,173,1,0
BRDA:1697,174,0,0
BRDA:1697,174,1,0
BRDA:1709,175,0,0
BRDA:1709,175,1,0
BRDA:1717,176,0,0
BRDA:1717,176,1,0
BRDA:1726,177,0,0
BRDA:1726,177,1,0
BRDA:1752,178,0,0
BRDA:1752,178,1,9
BRDA:1753,179,0,9
BRDA:1753,179,1,9
BRDA:1764,180,0,1
BRDA:1764,180,1,8
BRDA:1766,181,0,0
BRDA:1766,181,1,1
BRDA:1783,182,0,1
BRDA:1783,182,1,7
BRDA:1808,183,0,0
BRDA:1808,183,1,7
BRDA:1809,184,0,7
BRDA:1809,184,1,7
BRDA:1815,185,0,0
BRDA:1815,185,1,7
BRDA:1823,186,0,2
BRDA:1823,186,1,5
BRDA:1862,187,0,0
BRDA:1862,187,1,0
BRDA:1862,188,0,0
BRDA:1862,188,1,0
BRDA:1877,189,0,0
BRDA:1877,189,1,0
BRDA:1877,190,0,0
BRDA:1877,190,1,0
BRDA:1877,190,2,0
BRDA:1880,191,0,0
BRDA:1880,191,1,0
BRDA:1917,192,0,0
BRDA:1917,192,1,3
BRDA:1939,193,0,1
BRDA:1939,193,1,7
BRDA:1945,194,0,1
BRDA:1945,194,1,6
BRDA:1958,195,0,1
BRDA:1958,195,1,5
BRDA:1958,196,0,6
BRDA:1958,196,1,1
BRDA:1961,197,0,4
BRDA:1961,197,1,1
BRDA:1966,198,0,1
BRDA:1966,198,1,5
BRDA:1972,199,0,1
BRDA:1972,199,1,5
BRDA:1973,200,0,1
BRDA:1973,200,1,0
BRDA:1980,201,0,1
BRDA:1980,201,1,4
BRDA:2013,202,0,1
BRDA:2013,202,1,4
BRDA:2030,203,0,0
BRDA:2030,203,1,0
BRDA:2040,204,0,2
BRDA:2040,204,1,0
BRDA:2057,205,0,1
BRDA:2057,205,1,4
BRDA:2067,206,0,1
BRDA:2067,206,1,2
BRDA:2067,207,0,3
BRDA:2067,207,1,2
BRDA:2069,208,0,1
BRDA:2069,208,1,0
BRDA:2081,209,0,2
BRDA:2085,210,0,2
BRDA:2085,210,1,2
BRDA:2085,211,0,4
BRDA:2085,211,1,3
BRDA:2087,212,0,1
BRDA:2087,212,1,1
BRDA:2087,213,0,2
BRDA:2087,213,1,2
BRDA:2099,214,0,1
BRDA:2099,214,1,2
BRDA:2124,215,0,2
BRDA:2124,215,1,1
BRDA:2127,216,0,1
BRDA:2127,216,1,1
BRF:444
BRH:244
end_of_record
TN:
SF:src/store/PalStore.ts
FN:27,(anonymous_0)
FN:36,(anonymous_1)
FN:44,(anonymous_2)
FN:48,(anonymous_3)
FN:59,(anonymous_4)
FN:60,(anonymous_5)
FN:66,(anonymous_6)
FN:74,(anonymous_7)
FN:77,(anonymous_8)
FN:86,(anonymous_9)
FNF:10
FNH:9
FNDA:4,(anonymous_0)
FNDA:8,(anonymous_1)
FNDA:3,(anonymous_2)
FNDA:2,(anonymous_3)
FNDA:2,(anonymous_4)
FNDA:1,(anonymous_5)
FNDA:2,(anonymous_6)
FNDA:1,(anonymous_7)
FNDA:0,(anonymous_8)
FNDA:9,(anonymous_9)
DA:25,4
DA:28,4
DA:29,4
DA:36,4
DA:37,8
DA:41,8
DA:44,4
DA:48,3
DA:49,3
DA:50,2
DA:51,2
DA:59,4
DA:60,2
DA:61,2
DA:62,1
DA:66,4
DA:67,2
DA:71,4
DA:74,4
DA:76,1
DA:77,0
DA:80,1
DA:84,1
DA:85,1
DA:86,9
DA:90,1
DA:102,1
LF:27
LH:26
BRDA:49,0,0,2
BRDA:49,0,1,1
BRDA:61,1,0,1
BRDA:61,1,1,1
BRDA:77,2,0,0
BRDA:77,2,1,0
BRDA:80,3,0,1
BRDA:80,3,1,0
BRF:8
BRH:5
end_of_record
TN:
SF:src/store/UIStore.ts
FN:50,(anonymous_0)
FN:55,(anonymous_1)
FN:56,(anonymous_2)
FN:61,(anonymous_3)
FN:62,(anonymous_4)
FN:67,(anonymous_5)
FN:86,(anonymous_6)
FN:91,(anonymous_7)
FN:100,(anonymous_8)
FN:101,(anonymous_9)
FN:106,(anonymous_10)
FN:107,(anonymous_11)
FN:111,(anonymous_12)
FN:117,(anonymous_13)
FN:121,(anonymous_14)
FN:122,(anonymous_15)
FN:127,(anonymous_16)
FN:128,(anonymous_17)
FN:133,(anonymous_18)
FN:134,(anonymous_19)
FN:139,(anonymous_20)
FN:140,(anonymous_21)
FNF:22
FNH:11
FNDA:0,(anonymous_0)
FNDA:0,(anonymous_1)
FNDA:0,(anonymous_2)
FNDA:0,(anonymous_3)
FNDA:0,(anonymous_4)
FNDA:68,(anonymous_5)
FNDA:8,(anonymous_6)
FNDA:8,(anonymous_7)
FNDA:10,(anonymous_8)
FNDA:10,(anonymous_9)
FNDA:0,(anonymous_10)
FNDA:0,(anonymous_11)
FNDA:16,(anonymous_12)
FNDA:16,(anonymous_13)
FNDA:7,(anonymous_14)
FNDA:7,(anonymous_15)
FNDA:7,(anonymous_16)
FNDA:7,(anonymous_17)
FNDA:0,(anonymous_18)
FNDA:0,(anonymous_19)
FNDA:0,(anonymous_20)
FNDA:0,(anonymous_21)
DA:13,68
DA:18,68
DA:28,68
DA:31,68
DA:34,68
DA:37,68
DA:39,68
DA:41,68
DA:43,68
DA:48,68
DA:52,0
DA:56,0
DA:57,0
DA:62,0
DA:63,0
DA:68,68
DA:69,68
DA:83,68
DA:91,8
DA:92,8
DA:93,7
DA:95,1
DA:101,10
DA:102,10
DA:107,0
DA:108,0
DA:114,16
DA:118,16
DA:122,7
DA:123,7
DA:128,7
DA:129,7
DA:134,0
DA:135,0
DA:140,0
DA:141,0
DA:146,68
LF:37
LH:26
BRDA:31,0,0,68
BRDA:31,0,1,0
BRDA:92,1,0,7
BRDA:92,1,1,1
BRDA:114,2,0,16
BRDA:114,2,1,0
BRF:6
BRH:4
end_of_record
TN:
SF:src/store/defaultModels.ts
FNF:0
FNH:0
DA:6,6
DA:8,6
DA:10,6
DA:12,6
DA:454,6
LF:5
LH:5
BRDA:454,0,0,0
BRDA:454,0,1,6
BRF:2
BRH:1
end_of_record
TN:
SF:src/utils/androidPermission.ts
FN:4,ensureLegacyStoragePermission
FNF:1
FNH:0
FNDA:0,ensureLegacyStoragePermission
DA:6,0
DA:7,0
DA:11,0
DA:14,0
DA:15,0
DA:16,0
DA:19,0
DA:22,0
DA:30,0
DA:32,0
DA:34,0
DA:35,0
DA:41,0
LF:13
LH:0
BRDA:6,0,0,0
BRDA:6,0,1,0
BRDA:6,1,0,0
BRDA:6,1,1,0
BRDA:15,2,0,0
BRDA:15,2,1,0
BRDA:34,3,0,0
BRDA:34,3,1,0
BRF:8
BRH:0
end_of_record
TN:
SF:src/utils/chat.ts
FN:19,convertToChatMessages
FN:24,(anonymous_1)
FN:25,(anonymous_2)
FN:50,(anonymous_3)
FN:84,applyChatTemplate
FN:100,(anonymous_5)
FN:103,(anonymous_6)
FN:117,(anonymous_7)
FN:120,(anonymous_8)
FN:241,getLocalModelDefaultSettings
FN:251,getHFDefaultSettings
FN:300,removeThinkingParts
FNF:12
FNH:8
FNDA:17,convertToChatMessages
FNDA:16,(anonymous_1)
FNDA:15,(anonymous_2)
FNDA:3,(anonymous_3)
FNDA:1,applyChatTemplate
FNDA:4,(anonymous_5)
FNDA:0,(anonymous_6)
FNDA:0,(anonymous_7)
FNDA:0,(anonymous_8)
FNDA:2,getLocalModelDefaultSettings
FNDA:18,getHFDefaultSettings
FNDA:0,removeThinkingParts
DA:14,88
DA:15,88
DA:16,88
DA:17,88
DA:23,17
DA:24,16
DA:26,15
DA:28,15
DA:31,15
DA:41,2
DA:49,2
DA:50,3
DA:56,2
DA:62,13
DA:89,1
DA:90,1
DA:96,1
DA:98,1
DA:100,4
DA:103,0
DA:106,1
DA:110,0
DA:112,0
DA:115,1
DA:117,0
DA:120,0
DA:123,0
DA:129,0
DA:132,1
DA:135,88
DA:245,2
DA:255,18
DA:267,18
DA:272,18
DA:280,88
DA:303,0
DA:308,0
DA:309,0
DA:313,0
DA:316,0
DA:319,0
DA:322,0
DA:324,0
LF:43
LH:28
BRDA:21,0,0,0
BRDA:24,1,0,16
BRDA:24,1,1,15
BRDA:28,2,0,7
BRDA:28,2,1,8
BRDA:31,3,0,2
BRDA:31,3,1,13
BRDA:32,4,0,15
BRDA:32,4,1,3
BRDA:32,4,2,3
BRDA:98,5,0,1
BRDA:98,5,1,0
BRDA:102,6,0,0
BRDA:102,6,1,4
BRDA:103,7,0,0
BRDA:103,7,1,0
BRDA:110,8,0,0
BRDA:110,8,1,0
BRDA:115,9,0,0
BRDA:115,9,1,1
BRDA:119,10,0,0
BRDA:119,10,1,0
BRDA:120,11,0,0
BRDA:120,11,1,0
BRDA:132,12,0,1
BRDA:132,12,1,0
BRDA:258,13,0,18
BRDA:258,13,1,1
BRDA:259,14,0,18
BRDA:259,14,1,1
BRDA:269,15,0,17
BRDA:269,15,1,1
BRDA:303,16,0,0
BRDA:303,16,1,0
BRDA:303,16,2,0
BRDA:308,17,0,0
BRDA:308,17,1,0
BRF:37
BRH:19
end_of_record
TN:
SF:src/utils/colorUtils.ts
FN:4,(anonymous_0)
FN:20,(anonymous_1)
FN:31,(anonymous_2)
FN:57,(anonymous_3)
FN:74,(anonymous_4)
FNF:5
FNH:2
FNDA:1848,(anonymous_0)
FNDA:1848,(anonymous_1)
FNDA:0,(anonymous_2)
FNDA:0,(anonymous_3)
FNDA:0,(anonymous_4)
DA:4,56
DA:6,1848
DA:9,1848
DA:10,1848
DA:11,1848
DA:14,1848
DA:20,56
DA:21,1848
DA:23,0
DA:25,1848
DA:31,56
DA:34,0
DA:35,0
DA:36,0
DA:37,0
DA:38,0
DA:39,0
DA:40,0
DA:41,0
DA:42,0
DA:44,0
DA:46,0
DA:50,0
DA:51,0
DA:57,56
DA:58,0
DA:64,56
DA:74,56
DA:78,0
LF:29
LH:13
BRDA:4,0,0,0
BRDA:21,1,0,0
BRDA:21,1,1,1848
BRDA:34,2,0,0
BRDA:34,2,1,0
BRDA:39,3,0,0
BRDA:39,3,1,0
BRDA:41,4,0,0
BRDA:41,4,1,0
BRDA:58,5,0,0
BRDA:58,5,1,0
BRF:11
BRH:1
end_of_record
TN:
SF:src/utils/completionSettingsVersions.ts
FN:55,migrateCompletionSettings
FNF:1
FNH:1
FNDA:2,migrateCompletionSettings
DA:17,88
DA:22,88
DA:57,2
DA:60,2
DA:61,2
DA:65,2
DA:67,2
DA:69,2
DA:79,2
LF:9
LH:9
BRDA:60,0,0,2
BRDA:60,0,1,0
BRDA:65,1,0,2
BRDA:65,1,1,0
BRF:4
BRH:2
end_of_record
TN:
SF:src/utils/completionTypes.ts
FN:48,toApiCompletionParams
FNF:1
FNH:1
FNDA:17,toApiCompletionParams
DA:31,54
DA:51,17
DA:53,17
DA:54,34
DA:57,17
LF:5
LH:5
BRF:0
BRH:0
end_of_record
TN:
SF:src/utils/errors.ts
FN:12,(anonymous_0)
FN:23,(anonymous_1)
FN:34,(anonymous_2)
FN:66,createErrorState
FN:185,createMultimodalWarning
FNF:5
FNH:5
FNDA:5,(anonymous_0)
FNDA:2,(anonymous_1)
FNDA:4,(anonymous_2)
FNDA:25,createErrorState
FNDA:2,createMultimodalWarning
DA:13,5
DA:14,5
DA:24,2
DA:25,2
DA:35,4
DA:36,4
DA:73,25
DA:74,25
DA:75,25
DA:76,25
DA:77,25
DA:79,25
DA:80,6
DA:83,6
DA:84,2
DA:85,2
DA:86,1
DA:90,6
DA:91,2
DA:92,2
DA:98,4
DA:99,1
DA:100,1
DA:104,3
DA:105,1
DA:106,1
DA:110,2
DA:111,1
DA:112,1
DA:116,1
DA:117,1
DA:118,1
DA:123,19
DA:124,2
DA:125,2
DA:126,17
DA:127,2
DA:128,2
DA:129,15
DA:131,14
DA:132,14
DA:135,14
DA:136,5
DA:138,5
DA:139,3
DA:140,3
DA:144,2
DA:145,2
DA:146,2
DA:150,0
DA:151,0
DA:152,0
DA:157,9
DA:161,3
DA:162,3
DA:164,6
DA:167,0
DA:171,25
DA:189,2
LF:59
LH:55
BRDA:71,0,0,24
BRDA:79,1,0,6
BRDA:79,1,1,19
BRDA:83,2,0,2
BRDA:83,2,1,4
BRDA:84,3,0,2
BRDA:84,3,1,0
BRDA:85,4,0,1
BRDA:85,4,1,1
BRDA:85,5,0,2
BRDA:85,5,1,2
BRDA:90,6,0,2
BRDA:90,6,1,4
BRDA:93,7,0,2
BRDA:93,7,1,0
BRDA:94,8,0,2
BRDA:94,8,1,0
BRDA:98,9,0,1
BRDA:98,9,1,3
BRDA:101,10,0,0
BRDA:101,10,1,1
BRDA:104,11,0,1
BRDA:104,11,1,2
BRDA:104,12,0,3
BRDA:104,12,1,1
BRDA:107,13,0,1
BRDA:107,13,1,0
BRDA:110,14,0,1
BRDA:110,14,1,1
BRDA:110,15,0,2
BRDA:110,15,1,1
BRDA:113,16,0,1
BRDA:113,16,1,0
BRDA:116,17,0,1
BRDA:116,17,1,0
BRDA:119,18,0,1
BRDA:119,18,1,0
BRDA:123,19,0,2
BRDA:123,19,1,17
BRDA:126,20,0,2
BRDA:126,20,1,15
BRDA:129,21,0,14
BRDA:129,21,1,1
BRDA:131,22,0,14
BRDA:131,22,1,0
BRDA:135,23,0,5
BRDA:135,23,1,9
BRDA:138,24,0,3
BRDA:138,24,1,2
BRDA:141,25,0,3
BRDA:141,25,1,0
BRDA:144,26,0,2
BRDA:144,26,1,0
BRDA:147,27,0,2
BRDA:147,27,1,0
BRDA:150,28,0,0
BRDA:150,28,1,0
BRDA:153,29,0,0
BRDA:153,29,1,0
BRDA:157,30,0,3
BRDA:157,30,1,6
BRDA:158,31,0,9
BRDA:158,31,1,6
BRDA:187,32,0,1
BRF:64
BRH:48
end_of_record
TN:
SF:src/utils/exportUtils.ts
FN:16,(anonymous_0)
FN:31,(anonymous_1)
FN:66,(anonymous_2)
FN:90,(anonymous_3)
FN:124,(anonymous_4)
FN:152,(anonymous_5)
FN:224,(anonymous_6)
FN:279,(anonymous_7)
FN:324,(anonymous_8)
FNF:9
FNH:6
FNDA:9,(anonymous_0)
FNDA:2,(anonymous_1)
FNDA:2,(anonymous_2)
FNDA:0,(anonymous_3)
FNDA:3,(anonymous_4)
FNDA:11,(anonymous_5)
FNDA:0,(anonymous_6)
FNDA:0,(anonymous_7)
FNDA:1,(anonymous_8)
DA:16,27
DA:17,9
DA:19,9
DA:20,9
DA:21,1
DA:25,8
DA:27,8
DA:31,2
DA:46,8
DA:47,8
DA:50,8
DA:53,8
DA:56,8
DA:58,5
DA:59,5
DA:66,27
DA:67,2
DA:69,2
DA:72,2
DA:75,2
DA:76,2
DA:79,2
DA:84,2
DA:86,2
DA:90,0
DA:107,2
DA:108,2
DA:111,2
DA:114,2
DA:116,0
DA:117,0
DA:124,27
DA:125,3
DA:127,3
DA:128,3
DA:130,3
DA:131,1
DA:135,2
DA:138,1
DA:139,1
DA:142,1
DA:144,2
DA:145,2
DA:152,27
DA:156,11
DA:157,11
DA:159,11
DA:160,11
DA:163,8
DA:165,5
DA:171,3
DA:174,0
DA:175,0
DA:181,0
DA:183,0
DA:184,0
DA:188,3
DA:189,3
DA:191,2
DA:192,2
DA:198,1
DA:200,1
DA:201,1
DA:205,1
DA:207,1
DA:208,1
DA:209,1
DA:213,1
DA:218,1
DA:226,0
DA:227,0
DA:235,0
DA:237,0
DA:238,0
DA:241,0
DA:242,0
DA:243,0
DA:248,0
DA:249,0
DA:254,0
DA:255,0
DA:270,0
DA:273,0
DA:281,0
DA:282,0
DA:287,0
DA:288,0
DA:290,0
DA:291,0
DA:307,4
DA:310,4
DA:316,4
DA:324,27
DA:325,1
DA:326,0
DA:328,1
LF:96
LH:67
BRDA:20,0,0,1
BRDA:20,0,1,8
BRDA:36,1,0,2
BRDA:36,1,1,0
BRDA:39,2,0,2
BRDA:39,2,1,6
BRDA:79,3,0,2
BRDA:79,3,1,0
BRDA:95,4,0,0
BRDA:95,4,1,0
BRDA:98,5,0,0
BRDA:98,5,1,2
BRDA:130,6,0,1
BRDA:130,6,1,2
BRDA:163,7,0,5
BRDA:163,7,1,3
BRDA:171,8,0,0
BRDA:171,8,1,3
BRDA:171,9,0,3
BRDA:171,9,1,3
BRDA:189,10,0,2
BRDA:189,10,1,1
BRDA:241,11,0,0
BRDA:241,11,1,0
BRDA:254,12,0,0
BRDA:254,12,1,0
BRDA:290,13,0,0
BRDA:290,13,1,0
BRDA:325,14,0,0
BRDA:325,14,1,1
BRF:30
BRH:17
end_of_record
TN:
SF:src/utils/fb.ts
FN:8,(anonymous_0)
FN:40,(anonymous_1)
FNF:2
FNH:0
FNDA:0,(anonymous_0)
FNDA:0,(anonymous_1)
DA:6,67
DA:8,67
DA:9,0
DA:10,0
DA:13,0
DA:14,0
DA:18,0
DA:28,0
DA:33,0
DA:35,0
DA:40,67
DA:41,0
DA:42,0
DA:43,0
DA:45,0
DA:46,0
DA:48,0
DA:49,0
LF:18
LH:3
BRDA:9,0,0,0
BRDA:9,0,1,0
BRDA:20,1,0,0
BRDA:20,1,1,0
BRDA:24,2,0,0
BRDA:24,2,1,0
BRDA:42,3,0,0
BRDA:42,3,1,0
BRF:8
BRH:0
end_of_record
TN:
SF:src/utils/formatters.ts
FN:16,(anonymous_0)
FN:43,formatNumber
FN:72,(anonymous_2)
FN:104,timeAgo
FNF:4
FNH:4
FNDA:744,(anonymous_0)
FNDA:309,formatNumber
FNDA:14,(anonymous_2)
FNDA:7,timeAgo
DA:16,67
DA:22,744
DA:23,1
DA:26,743
DA:27,743
DA:29,743
DA:33,743
DA:35,743
DA:36,18
DA:37,18
DA:40,725
DA:49,309
DA:51,309
DA:52,0
DA:53,309
DA:54,14
DA:55,14
DA:58,295
DA:59,0
DA:60,0
DA:64,295
DA:65,295
DA:72,67
DA:82,14
DA:86,14
DA:90,14
DA:91,14
DA:93,14
DA:98,0
DA:101,14
DA:110,7
DA:111,7
DA:113,7
DA:114,7
DA:115,7
DA:116,7
DA:117,7
DA:118,7
DA:119,7
DA:122,7
DA:124,7
DA:125,7
DA:128,0
DA:129,0
DA:132,0
DA:133,0
DA:136,0
DA:137,0
DA:140,0
DA:141,0
DA:144,0
DA:145,0
DA:150,0
DA:155,7
DA:156,2
DA:161,5
LF:56
LH:41
BRDA:18,0,0,316
BRDA:19,1,0,722
BRDA:20,2,0,726
BRDA:22,3,0,1
BRDA:22,3,1,743
BRDA:26,4,0,2
BRDA:26,4,1,741
BRDA:29,5,0,2
BRDA:29,5,1,741
BRDA:35,6,0,18
BRDA:35,6,1,725
BRDA:36,7,0,4
BRDA:36,7,1,14
BRDA:36,8,0,4
BRDA:36,8,1,10
BRDA:45,9,0,4
BRDA:46,10,0,14
BRDA:47,11,0,14
BRDA:49,12,0,0
BRDA:49,12,1,309
BRDA:51,13,0,0
BRDA:51,13,1,309
BRDA:53,14,0,14
BRDA:53,14,1,295
BRDA:54,15,0,0
BRDA:54,15,1,14
BRDA:58,16,0,0
BRDA:58,16,1,295
BRDA:59,17,0,0
BRDA:59,17,1,0
BRDA:64,18,0,295
BRDA:64,18,1,0
BRDA:82,19,0,0
BRDA:82,19,1,14
BRDA:86,20,0,0
BRDA:86,20,1,14
BRDA:93,21,0,0
BRDA:93,21,1,14
BRDA:94,22,0,14
BRDA:94,22,1,0
BRDA:94,22,2,0
BRDA:106,23,0,0
BRDA:107,24,0,0
BRDA:110,25,0,7
BRDA:110,25,1,0
BRDA:124,26,0,7
BRDA:124,26,1,0
BRDA:126,27,0,0
BRDA:126,27,1,7
BRDA:128,28,0,0
BRDA:128,28,1,0
BRDA:130,29,0,0
BRDA:130,29,1,0
BRDA:132,30,0,0
BRDA:132,30,1,0
BRDA:134,31,0,0
BRDA:134,31,1,0
BRDA:136,32,0,0
BRDA:136,32,1,0
BRDA:138,33,0,0
BRDA:138,33,1,0
BRDA:140,34,0,0
BRDA:140,34,1,0
BRDA:142,35,0,0
BRDA:142,35,1,0
BRDA:144,36,0,0
BRDA:144,36,1,0
BRDA:146,37,0,0
BRDA:146,37,1,0
BRDA:150,38,0,0
BRDA:150,38,1,0
BRDA:155,39,0,2
BRDA:155,39,1,5
BRF:73
BRH:34
end_of_record
TN:
SF:src/utils/importUtils.ts
FN:39,(anonymous_0)
FN:72,(anonymous_1)
FN:85,(anonymous_2)
FN:91,(anonymous_3)
FN:101,(anonymous_4)
FN:117,(anonymous_5)
FN:158,(anonymous_6)
FN:195,(anonymous_7)
FN:201,(anonymous_8)
FNF:9
FNH:4
FNDA:0,(anonymous_0)
FNDA:1,(anonymous_1)
FNDA:2,(anonymous_2)
FNDA:0,(anonymous_3)
FNDA:2,(anonymous_4)
FNDA:1,(anonymous_5)
FNDA:0,(anonymous_6)
FNDA:0,(anonymous_7)
FNDA:0,(anonymous_8)
DA:39,27
DA:40,0
DA:41,0
DA:46,0
DA:47,0
DA:50,0
DA:54,0
DA:57,0
DA:59,0
DA:61,0
DA:63,0
DA:65,0
DA:72,27
DA:73,1
DA:74,1
DA:75,1
DA:77,0
DA:78,0
DA:85,27
DA:89,2
DA:91,0
DA:94,2
DA:101,27
DA:103,2
DA:104,0
DA:107,2
DA:109,1
DA:112,2
DA:113,1
DA:117,2
DA:118,1
DA:119,0
DA:122,1
DA:123,0
DA:126,1
DA:127,0
DA:130,1
DA:131,1
DA:134,1
DA:138,2
DA:139,1
DA:143,2
DA:148,2
DA:149,1
DA:152,2
DA:158,27
DA:159,0
DA:161,0
DA:162,0
DA:163,0
DA:167,0
DA:170,0
DA:173,0
DA:175,0
DA:176,0
DA:177,0
DA:178,0
DA:180,0
DA:183,0
DA:184,0
DA:187,0
DA:188,0
DA:195,27
DA:198,0
DA:200,0
DA:202,0
DA:213,0
DA:220,0
DA:221,0
LF:69
LH:29
BRDA:43,0,0,0
BRDA:43,0,1,0
BRDA:46,1,0,0
BRDA:46,1,1,0
BRDA:46,2,0,0
BRDA:46,2,1,0
BRDA:50,3,0,0
BRDA:50,3,1,0
BRDA:51,4,0,0
BRDA:51,4,1,0
BRDA:61,5,0,0
BRDA:61,5,1,0
BRDA:89,6,0,0
BRDA:89,6,1,2
BRDA:103,7,0,0
BRDA:103,7,1,2
BRDA:103,8,0,2
BRDA:103,8,1,2
BRDA:107,9,0,1
BRDA:107,9,1,1
BRDA:107,10,0,2
BRDA:107,10,1,1
BRDA:112,11,0,1
BRDA:112,11,1,1
BRDA:112,12,0,2
BRDA:112,12,1,1
BRDA:118,13,0,0
BRDA:118,13,1,1
BRDA:122,14,0,0
BRDA:122,14,1,1
BRDA:126,15,0,0
BRDA:126,15,1,1
BRDA:130,16,0,1
BRDA:130,16,1,0
BRDA:138,17,0,1
BRDA:138,17,1,1
BRDA:148,18,0,1
BRDA:148,18,1,1
BRDA:162,19,0,0
BRDA:162,19,1,0
BRDA:173,20,0,0
BRDA:173,20,1,0
BRDA:205,21,0,0
BRDA:205,21,1,0
BRDA:207,22,0,0
BRDA:207,22,1,0
BRDA:208,23,0,0
BRDA:208,23,1,0
BRF:48
BRH:20
end_of_record
TN:
SF:src/utils/keepAwake.ts
FN:18,(anonymous_0)
FN:31,(anonymous_1)
FNF:2
FNH:0
FNDA:0,(anonymous_0)
FNDA:0,(anonymous_1)
DA:3,0
DA:5,0
DA:6,0
DA:18,0
DA:19,0
DA:20,0
DA:22,0
DA:23,0
DA:31,0
DA:32,0
DA:33,0
DA:35,0
DA:36,0
LF:13
LH:0
BRDA:5,0,0,0
BRDA:5,0,1,0
BRF:2
BRH:0
end_of_record
TN:
SF:src/utils/l10n.ts
FNF:0
FNH:0
DA:2,88
LF:1
LH:1
BRF:0
BRH:0
end_of_record
TN:
SF:src/utils/modelSettings.ts
FN:10,(anonymous_0)
FN:11,(anonymous_1)
FN:118,(anonymous_2)
FN:158,(anonymous_3)
FN:166,(anonymous_4)
FNF:5
FNH:5
FNDA:22,(anonymous_0)
FNDA:61,(anonymous_1)
FNDA:41,(anonymous_2)
FNDA:2,(anonymous_3)
FNDA:40,(anonymous_4)
DA:4,26
DA:10,26
DA:11,22
DA:12,61
DA:28,26
DA:118,26
DA:122,41
DA:123,0
DA:126,41
DA:128,41
DA:132,4
DA:138,37
DA:139,4
DA:145,33
DA:146,1
DA:149,32
DA:150,32
DA:158,26
DA:164,2
DA:166,2
DA:167,40
DA:172,0
DA:173,0
DA:174,0
DA:179,2
LF:25
LH:21
BRDA:122,0,0,0
BRDA:122,0,1,41
BRDA:126,1,0,28
BRDA:126,1,1,13
BRDA:128,2,0,4
BRDA:128,2,1,37
BRDA:129,3,0,41
BRDA:129,3,1,38
BRDA:129,3,2,38
BRDA:129,3,3,37
BRDA:138,4,0,4
BRDA:138,4,1,33
BRDA:141,5,0,2
BRDA:141,5,1,2
BRDA:145,6,0,1
BRDA:145,6,1,32
BRDA:145,7,0,33
BRDA:145,7,1,22
BRDA:149,8,0,32
BRDA:149,8,1,30
BRDA:152,9,0,27
BRDA:152,9,1,5
BRDA:167,10,0,0
BRDA:167,10,1,40
BRDA:168,11,0,40
BRDA:168,11,1,4
BRDA:168,11,2,4
BRDA:173,12,0,0
BRDA:173,12,1,0
BRF:29
BRH:25
end_of_record
TN:
SF:src/utils/multimodalHelpers.ts
FN:15,isVisionRepo
FN:16,(anonymous_1)
FN:24,getMmprojFiles
FN:25,(anonymous_3)
FN:33,getLLMFiles
FN:34,(anonymous_5)
FN:42,isProjectionModel
FN:52,getRecommendedProjectionModel
FN:64,(anonymous_8)
FN:65,(anonymous_9)
FN:86,(anonymous_10)
FN:93,(anonymous_11)
FN:104,(anonymous_12)
FN:116,filterProjectionModels
FN:119,(anonymous_14)
FN:129,getVisionModelSizeBreakdown
FN:148,(anonymous_16)
FN:152,(anonymous_17)
FNF:18
FNH:15
FNDA:44,isVisionRepo
FNDA:86,(anonymous_1)
FNDA:18,getMmprojFiles
FNDA:37,(anonymous_3)
FNDA:8,getLLMFiles
FNDA:16,(anonymous_5)
FNDA:53,isProjectionModel
FNDA:10,getRecommendedProjectionModel
FNDA:2,(anonymous_8)
FNDA:3,(anonymous_9)
FNDA:12,(anonymous_10)
FNDA:2,(anonymous_11)
FNDA:3,(anonymous_12)
FNDA:2,filterProjectionModels
FNDA:4,(anonymous_14)
FNDA:0,getVisionModelSizeBreakdown
FNDA:0,(anonymous_16)
FNDA:0,(anonymous_17)
DA:8,67
DA:16,86
DA:25,37
DA:34,16
DA:43,53
DA:56,10
DA:57,1
DA:59,9
DA:60,1
DA:64,8
DA:65,2
DA:66,3
DA:67,3
DA:68,3
DA:72,8
DA:73,8
DA:75,1
DA:78,7
DA:79,7
DA:81,0
DA:85,7
DA:86,12
DA:88,7
DA:89,5
DA:93,2
DA:94,2
DA:95,2
DA:97,2
DA:99,2
DA:100,2
DA:103,2
DA:104,3
DA:108,2
DA:119,4
DA:138,0
DA:139,0
DA:140,0
DA:143,0
DA:144,0
DA:146,0
DA:148,0
DA:151,0
DA:152,0
DA:153,0
DA:154,0
DA:155,0
DA:160,0
LF:47
LH:33
BRDA:56,0,0,1
BRDA:56,0,1,9
BRDA:59,1,0,1
BRDA:59,1,1,8
BRDA:66,2,0,3
BRDA:66,2,1,0
BRDA:67,3,0,3
BRDA:67,3,1,0
BRDA:73,4,0,1
BRDA:73,4,1,7
BRDA:79,5,0,0
BRDA:79,5,1,7
BRDA:88,6,0,5
BRDA:88,6,1,2
BRDA:94,7,0,2
BRDA:94,7,1,0
BRDA:95,8,0,2
BRDA:95,8,1,0
BRDA:97,9,0,1
BRDA:97,9,1,1
BRDA:99,10,0,1
BRDA:99,10,1,1
BRDA:104,11,0,3
BRDA:104,11,1,0
BRDA:108,12,0,2
BRDA:108,12,1,1
BRDA:138,13,0,0
BRDA:138,13,1,0
BRDA:143,14,0,0
BRDA:143,14,1,0
BRDA:144,15,0,0
BRDA:144,15,1,0
BRDA:151,16,0,0
BRDA:151,16,1,0
BRDA:153,17,0,0
BRDA:153,17,1,0
BRDA:153,18,0,0
BRDA:153,18,1,0
BRF:38
BRH:20
end_of_record
TN:
SF:src/utils/navigationConstants.ts
FNF:0
FNH:0
DA:2,26
LF:1
LH:1
BRF:0
BRH:0
end_of_record
TN:
SF:src/utils/network.ts
FN:8,(anonymous_0)
FNF:1
FNH:0
FNDA:0,(anonymous_0)
DA:8,67
DA:9,0
DA:11,0
DA:12,0
DA:14,0
LF:5
LH:1
BRDA:8,0,0,0
BRF:1
BRH:0
end_of_record
TN:
SF:src/utils/theme.ts
FN:18,(anonymous_0)
FN:100,(anonymous_1)
FN:235,(anonymous_2)
FNF:3
FNH:3
FNDA:112,(anonymous_0)
FNDA:112,(anonymous_1)
FNDA:112,(anonymous_2)
DA:11,56
DA:18,56
DA:19,112
DA:21,112
DA:22,56
DA:61,56
DA:100,56
DA:103,112
DA:182,56
DA:192,56
DA:196,56
DA:220,56
DA:235,56
DA:236,112
DA:237,112
DA:238,112
DA:240,112
DA:348,56
DA:349,56
LF:19
LH:19
BRDA:19,0,0,56
BRDA:19,0,1,56
BRDA:21,1,0,56
BRDA:21,1,1,56
BRDA:105,2,0,56
BRDA:105,2,1,56
BRDA:108,3,0,56
BRDA:108,3,1,56
BRDA:111,4,0,56
BRDA:111,4,1,56
BRDA:114,5,0,56
BRDA:114,5,1,56
BRDA:117,6,0,56
BRDA:117,6,1,56
BRDA:120,7,0,56
BRDA:120,7,1,56
BRDA:123,8,0,56
BRDA:123,8,1,56
BRDA:142,9,0,56
BRDA:142,9,1,56
BRDA:146,10,0,56
BRDA:146,10,1,56
BRDA:153,11,0,56
BRDA:153,11,1,56
BRDA:163,12,0,56
BRDA:163,12,1,56
BRDA:168,13,0,56
BRDA:168,13,1,56
BRDA:169,14,0,56
BRDA:169,14,1,56
BRDA:170,15,0,56
BRDA:170,15,1,56
BRDA:173,16,0,56
BRDA:173,16,1,56
BRDA:174,17,0,56
BRDA:174,17,1,56
BRDA:177,18,0,56
BRDA:177,18,1,56
BRDA:236,19,0,56
BRDA:236,19,1,56
BRF:40
BRH:40
end_of_record
